16:14:52.418 INFO  manager.ApplicationManager - All tests run in Chrome
16:14:53.788 INFO  manager.ApplicationManager - The link--->https://ilcarro.web.app/search
16:14:53.813 INFO  manager.ListenerWD - Before find element By.cssSelector: a.logo
16:14:53.837 INFO  manager.ListenerWD - Element found success By.cssSelector: a.logo
16:14:53.845 INFO  manager.ListenerWD - start method click [[ChromeDriver: chrome on WINDOWS (aa7fde851d329cc4c25091888748e090)] -> css selector: a.logo]
16:14:54.185 INFO  manager.ListenerWD - done method click on: [[ChromeDriver: chrome on WINDOWS (aa7fde851d329cc4c25091888748e090)] -> css selector: a.logo]
16:14:54.186 INFO  manager.ListenerWD - Before find element By.id: city
16:14:54.217 INFO  manager.ListenerWD - Element found success By.id: city
16:14:54.320 INFO  manager.ListenerWD - Before find element By.id: city
16:14:54.335 INFO  manager.ListenerWD - Element found success By.id: city
16:14:54.335 INFO  manager.ListenerWD - start method click [[ChromeDriver: chrome on WINDOWS (aa7fde851d329cc4c25091888748e090)] -> id: city]
16:14:54.371 INFO  manager.ListenerWD - done method click on: [[ChromeDriver: chrome on WINDOWS (aa7fde851d329cc4c25091888748e090)] -> id: city]
16:14:54.509 INFO  manager.ListenerWD - Before find element By.cssSelector: div.pac-item
16:14:55.085 INFO  manager.ListenerWD - Element found success By.cssSelector: div.pac-item
16:14:55.085 INFO  manager.ListenerWD - start method click [[ChromeDriver: chrome on WINDOWS (aa7fde851d329cc4c25091888748e090)] -> css selector: div.pac-item]
16:14:55.125 INFO  manager.ListenerWD - done method click on: [[ChromeDriver: chrome on WINDOWS (aa7fde851d329cc4c25091888748e090)] -> css selector: div.pac-item]
16:14:55.126 INFO  manager.ListenerWD - Before find element By.id: dates
16:14:55.152 INFO  manager.ListenerWD - Element found success By.id: dates
16:14:55.152 INFO  manager.ListenerWD - start method click [[ChromeDriver: chrome on WINDOWS (aa7fde851d329cc4c25091888748e090)] -> id: dates]
16:14:55.222 INFO  manager.ListenerWD - done method click on: [[ChromeDriver: chrome on WINDOWS (aa7fde851d329cc4c25091888748e090)] -> id: dates]
16:14:55.222 INFO  manager.ListenerWD - Before find element By.xpath: /html/body/div[2]/div[1]
16:14:55.250 INFO  manager.ListenerWD - Element found success By.xpath: /html/body/div[2]/div[1]
16:14:55.250 INFO  manager.ListenerWD - start method click [[ChromeDriver: chrome on WINDOWS (aa7fde851d329cc4c25091888748e090)] -> xpath: /html/body/div[2]/div[1]]
16:14:55.312 INFO  manager.ListenerWD - done method click on: [[ChromeDriver: chrome on WINDOWS (aa7fde851d329cc4c25091888748e090)] -> xpath: /html/body/div[2]/div[1]]
16:14:55.313 INFO  manager.ListenerWD - Before find element By.id: dates
16:14:55.323 INFO  manager.ListenerWD - Element found success By.id: dates
16:14:55.327 INFO  manager.ListenerWD - start method click [[ChromeDriver: chrome on WINDOWS (aa7fde851d329cc4c25091888748e090)] -> id: dates]
16:14:55.379 INFO  manager.ListenerWD - done method click on: [[ChromeDriver: chrome on WINDOWS (aa7fde851d329cc4c25091888748e090)] -> id: dates]
16:14:55.558 INFO  manager.ListenerWD - Before find element By.xpath: /html/body/div[2]/div[1]
16:14:55.577 INFO  manager.ListenerWD - Element found success By.xpath: /html/body/div[2]/div[1]
16:14:55.578 INFO  manager.ListenerWD - start method click [[ChromeDriver: chrome on WINDOWS (aa7fde851d329cc4c25091888748e090)] -> xpath: /html/body/div[2]/div[1]]
16:14:55.615 INFO  manager.ListenerWD - done method click on: [[ChromeDriver: chrome on WINDOWS (aa7fde851d329cc4c25091888748e090)] -> xpath: /html/body/div[2]/div[1]]
16:14:55.988 INFO  manager.ListenerWD - Before find element By.xpath: //*[@type='submit']
16:14:56.002 INFO  manager.ListenerWD - Element found success By.xpath: //*[@type='submit']
16:14:56.002 INFO  manager.ListenerWD - start method click [[ChromeDriver: chrome on WINDOWS (aa7fde851d329cc4c25091888748e090)] -> xpath: //*[@type='submit']]
16:14:56.030 INFO  manager.ListenerWD - done method click on: [[ChromeDriver: chrome on WINDOWS (aa7fde851d329cc4c25091888748e090)] -> xpath: //*[@type='submit']]
16:14:56.030 INFO  manager.ListenerWD - Before find element By.cssSelector: button[disabled]
16:14:56.051 INFO  manager.ListenerWD - Element found success By.cssSelector: button[disabled]
16:14:56.051 INFO  manager.ListenerWD - Before find element By.cssSelector: button[type='submit']
16:14:56.064 INFO  manager.ListenerWD - Element found success By.cssSelector: button[type='submit']
16:14:56.071 INFO  manager.ListenerWD - Before find element By.xpath: //*[text()=' You can't pick date before today '
16:14:56.110 INFO  manager.ListenerWD - Houston we have a problem!
16:14:56.110 INFO  manager.ListenerWD - invalid selector: Unable to locate an element with the xpath expression //*[text()=' You can't pick date before today ' because of the following error:
SyntaxError: Failed to execute 'evaluate' on 'Document': The string '//*[text()=' You can't pick date before today '' is not a valid XPath expression.
  (Session info: chrome=120.0.6099.225)
For documentation on this error, please visit: https://www.seleniumhq.org/exceptions/invalid_selector_exception.html
Build info: version: '3.141.59', revision: 'e82be7d358', time: '2018-11-14T08:17:03'
System info: host: 'VITBER', ip: '192.168.68.105', os.name: 'Windows 11', os.arch: 'amd64', os.version: '10.0', java.version: '1.8.0_333'
Driver info: org.openqa.selenium.chrome.ChromeDriver
Capabilities {acceptInsecureCerts: false, browserName: chrome, browserVersion: 120.0.6099.225, chrome: {chromedriverVersion: 120.0.6099.71 (9729082fe617..., userDataDir: C:\Windows\SystemTemp\scope...}, fedcm:accounts: true, goog:chromeOptions: {debuggerAddress: localhost:54357}, javascriptEnabled: true, networkConnectionEnabled: false, pageLoadStrategy: normal, platform: WINDOWS, platformName: WINDOWS, proxy: Proxy(), setWindowRect: true, strictFileInteractability: false, timeouts: {implicit: 0, pageLoad: 300000, script: 30000}, unhandledPromptBehavior: dismiss and notify, webauthn:extension:credBlob: true, webauthn:extension:largeBlob: true, webauthn:extension:minPinLength: true, webauthn:extension:prf: true, webauthn:virtualAuthenticators: true}
Session ID: aa7fde851d329cc4c25091888748e090
*** Element info: {Using=xpath, value=//*[text()=' You can't pick date before today '}
16:14:56.111 INFO  manager.ListenerWD - org.openqa.selenium.InvalidSelectorException: invalid selector: Unable to locate an element with the xpath expression //*[text()=' You can't pick date before today ' because of the following error:
SyntaxError: Failed to execute 'evaluate' on 'Document': The string '//*[text()=' You can't pick date before today '' is not a valid XPath expression.
  (Session info: chrome=120.0.6099.225)
For documentation on this error, please visit: https://www.seleniumhq.org/exceptions/invalid_selector_exception.html
Build info: version: '3.141.59', revision: 'e82be7d358', time: '2018-11-14T08:17:03'
System info: host: 'VITBER', ip: '192.168.68.105', os.name: 'Windows 11', os.arch: 'amd64', os.version: '10.0', java.version: '1.8.0_333'
Driver info: org.openqa.selenium.chrome.ChromeDriver
Capabilities {acceptInsecureCerts: false, browserName: chrome, browserVersion: 120.0.6099.225, chrome: {chromedriverVersion: 120.0.6099.71 (9729082fe617..., userDataDir: C:\Windows\SystemTemp\scope...}, fedcm:accounts: true, goog:chromeOptions: {debuggerAddress: localhost:54357}, javascriptEnabled: true, networkConnectionEnabled: false, pageLoadStrategy: normal, platform: WINDOWS, platformName: WINDOWS, proxy: Proxy(), setWindowRect: true, strictFileInteractability: false, timeouts: {implicit: 0, pageLoad: 300000, script: 30000}, unhandledPromptBehavior: dismiss and notify, webauthn:extension:credBlob: true, webauthn:extension:largeBlob: true, webauthn:extension:minPinLength: true, webauthn:extension:prf: true, webauthn:virtualAuthenticators: true}
Session ID: aa7fde851d329cc4c25091888748e090
*** Element info: {Using=xpath, value=//*[text()=' You can't pick date before today '}
16:14:56.425 INFO  manager.ListenerWD - This is a link to screenshot with error--->src/test/screenshots/screen896.png
16:14:56.427 INFO  tests.TestBase - ======================================
