17:17:27.092 INFO  manager.ApplicationManager - All tests run in Chrome
17:17:28.248 INFO  manager.ApplicationManager - The link--->https://ilcarro.web.app/search
17:17:28.266 INFO  manager.ListenerWD - Before find element By.xpath: //*[text()=' Logout ']
17:17:38.328 INFO  manager.ListenerWD - Element found success By.xpath: //*[text()=' Logout ']
17:17:38.329 INFO  manager.ListenerWD - Before find element By.xpath: //a[text()=' Log in ']
17:17:38.358 INFO  manager.ListenerWD - Element found success By.xpath: //a[text()=' Log in ']
17:17:38.365 INFO  manager.ListenerWD - start method click [[ChromeDriver: chrome on WINDOWS (6a6d1f25bcbbd9da5f0d8ca20da91ea1)] -> xpath: //a[text()=' Log in ']]
17:17:38.434 INFO  manager.ListenerWD - done method click on: [[ChromeDriver: chrome on WINDOWS (6a6d1f25bcbbd9da5f0d8ca20da91ea1)] -> xpath: //a[text()=' Log in ']]
17:17:38.434 INFO  manager.ListenerWD - Before find element By.xpath: //*[@id='email']
17:17:38.466 INFO  manager.ListenerWD - Element found success By.xpath: //*[@id='email']
17:17:38.467 INFO  manager.ListenerWD - start method click [[ChromeDriver: chrome on WINDOWS (6a6d1f25bcbbd9da5f0d8ca20da91ea1)] -> xpath: //*[@id='email']]
17:17:38.535 INFO  manager.ListenerWD - done method click on: [[ChromeDriver: chrome on WINDOWS (6a6d1f25bcbbd9da5f0d8ca20da91ea1)] -> xpath: //*[@id='email']]
17:17:38.734 INFO  manager.ListenerWD - Before find element By.xpath: //*[@id='password']
17:17:38.757 INFO  manager.ListenerWD - Element found success By.xpath: //*[@id='password']
17:17:38.758 INFO  manager.ListenerWD - start method click [[ChromeDriver: chrome on WINDOWS (6a6d1f25bcbbd9da5f0d8ca20da91ea1)] -> xpath: //*[@id='password']]
17:17:38.799 INFO  manager.ListenerWD - done method click on: [[ChromeDriver: chrome on WINDOWS (6a6d1f25bcbbd9da5f0d8ca20da91ea1)] -> xpath: //*[@id='password']]
17:17:38.936 INFO  manager.ListenerWD - Before find element By.xpath: //*[@type='submit']
17:17:38.958 INFO  manager.ListenerWD - Element found success By.xpath: //*[@type='submit']
17:17:38.959 INFO  manager.ListenerWD - start method click [[ChromeDriver: chrome on WINDOWS (6a6d1f25bcbbd9da5f0d8ca20da91ea1)] -> xpath: //*[@type='submit']]
17:17:38.998 INFO  manager.ListenerWD - done method click on: [[ChromeDriver: chrome on WINDOWS (6a6d1f25bcbbd9da5f0d8ca20da91ea1)] -> xpath: //*[@type='submit']]
17:17:38.999 INFO  manager.ListenerWD - Before find element By.xpath: //button[text()='Ok']
17:17:39.959 INFO  manager.ListenerWD - Element found success By.xpath: //button[text()='Ok']
17:17:39.960 INFO  manager.ListenerWD - Before find element By.xpath: //button[text()='Ok']
17:17:39.977 INFO  manager.ListenerWD - Element found success By.xpath: //button[text()='Ok']
17:17:39.978 INFO  manager.ListenerWD - start method click [[ChromeDriver: chrome on WINDOWS (6a6d1f25bcbbd9da5f0d8ca20da91ea1)] -> xpath: //button[text()='Ok']]
17:17:40.013 INFO  manager.ListenerWD - done method click on: [[ChromeDriver: chrome on WINDOWS (6a6d1f25bcbbd9da5f0d8ca20da91ea1)] -> xpath: //button[text()='Ok']]
17:17:40.022 INFO  tests.TestBase - test add new car success started
17:17:40.022 INFO  tests.TestBase - test data: location-'Tel Aviv, Israel', manufacture-'Kia', model-'Sportage', year-'2020', fuel-'Gas',seats-'5', car class-'C', car number-'432-232 +i',price-'50'
17:17:40.532 INFO  manager.ListenerWD - Before find element By.xpath: //a[text()=' Let the car work ']
17:17:40.562 INFO  manager.ListenerWD - Element found success By.xpath: //a[text()=' Let the car work ']
17:17:40.563 INFO  manager.ListenerWD - start method click [[ChromeDriver: chrome on WINDOWS (6a6d1f25bcbbd9da5f0d8ca20da91ea1)] -> xpath: //a[text()=' Let the car work ']]
17:17:40.636 INFO  manager.ListenerWD - done method click on: [[ChromeDriver: chrome on WINDOWS (6a6d1f25bcbbd9da5f0d8ca20da91ea1)] -> xpath: //a[text()=' Let the car work ']]
17:17:40.636 INFO  manager.ListenerWD - Before find element By.id: pickUpPlace
17:17:40.653 INFO  manager.ListenerWD - Element found success By.id: pickUpPlace
17:17:40.654 INFO  manager.ListenerWD - start method click [[ChromeDriver: chrome on WINDOWS (6a6d1f25bcbbd9da5f0d8ca20da91ea1)] -> id: pickUpPlace]
17:17:40.702 INFO  manager.ListenerWD - done method click on: [[ChromeDriver: chrome on WINDOWS (6a6d1f25bcbbd9da5f0d8ca20da91ea1)] -> id: pickUpPlace]
17:17:40.865 INFO  manager.ListenerWD - Before find element By.cssSelector: div.pac-item
17:17:41.451 INFO  manager.ListenerWD - Element found success By.cssSelector: div.pac-item
17:17:41.452 INFO  manager.ListenerWD - start method click [[ChromeDriver: chrome on WINDOWS (6a6d1f25bcbbd9da5f0d8ca20da91ea1)] -> css selector: div.pac-item]
17:17:41.495 INFO  manager.ListenerWD - done method click on: [[ChromeDriver: chrome on WINDOWS (6a6d1f25bcbbd9da5f0d8ca20da91ea1)] -> css selector: div.pac-item]
17:17:41.495 INFO  manager.ListenerWD - Before find element By.id: make
17:17:41.515 INFO  manager.ListenerWD - Element found success By.id: make
17:17:41.516 INFO  manager.ListenerWD - start method click [[ChromeDriver: chrome on WINDOWS (6a6d1f25bcbbd9da5f0d8ca20da91ea1)] -> id: make]
17:17:41.555 INFO  manager.ListenerWD - done method click on: [[ChromeDriver: chrome on WINDOWS (6a6d1f25bcbbd9da5f0d8ca20da91ea1)] -> id: make]
17:17:41.708 INFO  manager.ListenerWD - Before find element By.id: model
17:17:41.735 INFO  manager.ListenerWD - Element found success By.id: model
17:17:41.736 INFO  manager.ListenerWD - start method click [[ChromeDriver: chrome on WINDOWS (6a6d1f25bcbbd9da5f0d8ca20da91ea1)] -> id: model]
17:17:41.795 INFO  manager.ListenerWD - done method click on: [[ChromeDriver: chrome on WINDOWS (6a6d1f25bcbbd9da5f0d8ca20da91ea1)] -> id: model]
17:17:41.984 INFO  manager.ListenerWD - Before find element By.id: year
17:17:42.010 INFO  manager.ListenerWD - Element found success By.id: year
17:17:42.010 INFO  manager.ListenerWD - start method click [[ChromeDriver: chrome on WINDOWS (6a6d1f25bcbbd9da5f0d8ca20da91ea1)] -> id: year]
17:17:42.064 INFO  manager.ListenerWD - done method click on: [[ChromeDriver: chrome on WINDOWS (6a6d1f25bcbbd9da5f0d8ca20da91ea1)] -> id: year]
17:17:42.235 INFO  manager.ListenerWD - Before find element By.id: fuel
17:17:42.254 INFO  manager.ListenerWD - Element found success By.id: fuel
17:17:42.302 INFO  manager.ListenerWD - Before find element By.xpath: .//option[@value = "Gas"]
17:17:42.318 INFO  manager.ListenerWD - Element found success By.xpath: .//option[@value = "Gas"]
17:17:42.332 INFO  manager.ListenerWD - start method click [[[[ChromeDriver: chrome on WINDOWS (6a6d1f25bcbbd9da5f0d8ca20da91ea1)] -> id: fuel]] -> xpath: .//option[@value = "Gas"]]
17:17:42.365 INFO  manager.ListenerWD - done method click on: [[[[ChromeDriver: chrome on WINDOWS (6a6d1f25bcbbd9da5f0d8ca20da91ea1)] -> id: fuel]] -> xpath: .//option[@value = "Gas"]]
17:17:42.365 INFO  manager.ListenerWD - Before find element By.id: seats
17:17:42.395 INFO  manager.ListenerWD - Element found success By.id: seats
17:17:42.395 INFO  manager.ListenerWD - start method click [[ChromeDriver: chrome on WINDOWS (6a6d1f25bcbbd9da5f0d8ca20da91ea1)] -> id: seats]
17:17:42.436 INFO  manager.ListenerWD - done method click on: [[ChromeDriver: chrome on WINDOWS (6a6d1f25bcbbd9da5f0d8ca20da91ea1)] -> id: seats]
17:17:42.619 INFO  manager.ListenerWD - Before find element By.id: class
17:17:42.640 INFO  manager.ListenerWD - Element found success By.id: class
17:17:42.641 INFO  manager.ListenerWD - start method click [[ChromeDriver: chrome on WINDOWS (6a6d1f25bcbbd9da5f0d8ca20da91ea1)] -> id: class]
17:17:42.685 INFO  manager.ListenerWD - done method click on: [[ChromeDriver: chrome on WINDOWS (6a6d1f25bcbbd9da5f0d8ca20da91ea1)] -> id: class]
17:17:42.813 INFO  manager.ListenerWD - Before find element By.id: serialNumber
17:17:42.825 INFO  manager.ListenerWD - Element found success By.id: serialNumber
17:17:42.826 INFO  manager.ListenerWD - start method click [[ChromeDriver: chrome on WINDOWS (6a6d1f25bcbbd9da5f0d8ca20da91ea1)] -> id: serialNumber]
17:17:42.876 INFO  manager.ListenerWD - done method click on: [[ChromeDriver: chrome on WINDOWS (6a6d1f25bcbbd9da5f0d8ca20da91ea1)] -> id: serialNumber]
17:17:43.020 INFO  manager.ListenerWD - Before find element By.id: price
17:17:43.040 INFO  manager.ListenerWD - Element found success By.id: price
17:17:43.041 INFO  manager.ListenerWD - start method click [[ChromeDriver: chrome on WINDOWS (6a6d1f25bcbbd9da5f0d8ca20da91ea1)] -> id: price]
17:17:43.084 INFO  manager.ListenerWD - done method click on: [[ChromeDriver: chrome on WINDOWS (6a6d1f25bcbbd9da5f0d8ca20da91ea1)] -> id: price]
17:17:43.266 INFO  manager.ListenerWD - Before find element By.id: about
17:17:43.288 INFO  manager.ListenerWD - Element found success By.id: about
17:17:43.288 INFO  manager.ListenerWD - start method click [[ChromeDriver: chrome on WINDOWS (6a6d1f25bcbbd9da5f0d8ca20da91ea1)] -> id: about]
17:17:43.328 INFO  manager.ListenerWD - done method click on: [[ChromeDriver: chrome on WINDOWS (6a6d1f25bcbbd9da5f0d8ca20da91ea1)] -> id: about]
17:17:43.433 INFO  manager.ListenerWD - Before find element By.id: photos
17:17:43.462 INFO  manager.ListenerWD - Element found success By.id: photos
17:17:43.509 INFO  manager.ListenerWD - Before find element By.xpath: //*[@type='submit']
17:17:43.523 INFO  manager.ListenerWD - Element found success By.xpath: //*[@type='submit']
17:17:43.524 INFO  manager.ListenerWD - start method click [[ChromeDriver: chrome on WINDOWS (6a6d1f25bcbbd9da5f0d8ca20da91ea1)] -> xpath: //*[@type='submit']]
17:17:43.583 INFO  manager.ListenerWD - done method click on: [[ChromeDriver: chrome on WINDOWS (6a6d1f25bcbbd9da5f0d8ca20da91ea1)] -> xpath: //*[@type='submit']]
17:17:43.583 INFO  manager.ListenerWD - Before find element By.cssSelector: .dialog-container>h2
17:17:44.442 INFO  manager.ListenerWD - Element found success By.cssSelector: .dialog-container>h2
17:17:44.467 INFO  manager.ListenerWD - get text from the element with text: Kia Sportage added successful
17:17:44.495 INFO  manager.ListenerWD - got the text successful: Kia Sportage added successful
17:17:44.497 INFO  manager.ListenerWD - Before find element By.cssSelector: .dialog-container>h2
17:17:44.518 INFO  manager.ListenerWD - Element found success By.cssSelector: .dialog-container>h2
17:17:44.533 INFO  manager.ListenerWD - get text from the element with text: Kia Sportage added successful
17:17:44.559 INFO  manager.ListenerWD - got the text successful: Kia Sportage added successful
17:17:44.559 INFO  tests.TestBase - assert check message 'added successful'
17:17:44.565 INFO  tests.TestBase - ======================================
17:17:44.568 INFO  tests.TestBase - test add new car success all started
17:17:44.568 INFO  tests.TestBase - test data: location-'Tel Aviv, Israel', manufacture-'Mazda', model-'M3', year-'2012', fuel-'Gas',seats-'4', car class-'C', car number-'234-232 +i',price-'50',about-'very nice car'
17:17:45.078 INFO  manager.ListenerWD - Before find element By.xpath: //a[text()=' Let the car work ']
17:17:45.111 INFO  manager.ListenerWD - Element found success By.xpath: //a[text()=' Let the car work ']
17:17:45.112 INFO  manager.ListenerWD - start method click [[ChromeDriver: chrome on WINDOWS (6a6d1f25bcbbd9da5f0d8ca20da91ea1)] -> xpath: //a[text()=' Let the car work ']]
17:17:55.205 INFO  manager.ListenerWD - Houston we have a problem!
17:17:55.205 INFO  manager.ListenerWD - element not interactable
  (Session info: chrome=120.0.6099.225)
Build info: version: '3.141.59', revision: 'e82be7d358', time: '2018-11-14T08:17:03'
System info: host: 'VITBER', ip: '192.168.68.105', os.name: 'Windows 11', os.arch: 'amd64', os.version: '10.0', java.version: '1.8.0_333'
Driver info: org.openqa.selenium.chrome.ChromeDriver
Capabilities {acceptInsecureCerts: false, browserName: chrome, browserVersion: 120.0.6099.225, chrome: {chromedriverVersion: 120.0.6099.71 (9729082fe617..., userDataDir: C:\Windows\SystemTemp\scope...}, fedcm:accounts: true, goog:chromeOptions: {debuggerAddress: localhost:53668}, javascriptEnabled: true, networkConnectionEnabled: false, pageLoadStrategy: normal, platform: WINDOWS, platformName: WINDOWS, proxy: Proxy(), setWindowRect: true, strictFileInteractability: false, timeouts: {implicit: 0, pageLoad: 300000, script: 30000}, unhandledPromptBehavior: dismiss and notify, webauthn:extension:credBlob: true, webauthn:extension:largeBlob: true, webauthn:extension:minPinLength: true, webauthn:extension:prf: true, webauthn:virtualAuthenticators: true}
Session ID: 6a6d1f25bcbbd9da5f0d8ca20da91ea1
17:17:55.206 INFO  manager.ListenerWD - org.openqa.selenium.ElementNotInteractableException: element not interactable
  (Session info: chrome=120.0.6099.225)
Build info: version: '3.141.59', revision: 'e82be7d358', time: '2018-11-14T08:17:03'
System info: host: 'VITBER', ip: '192.168.68.105', os.name: 'Windows 11', os.arch: 'amd64', os.version: '10.0', java.version: '1.8.0_333'
Driver info: org.openqa.selenium.chrome.ChromeDriver
Capabilities {acceptInsecureCerts: false, browserName: chrome, browserVersion: 120.0.6099.225, chrome: {chromedriverVersion: 120.0.6099.71 (9729082fe617..., userDataDir: C:\Windows\SystemTemp\scope...}, fedcm:accounts: true, goog:chromeOptions: {debuggerAddress: localhost:53668}, javascriptEnabled: true, networkConnectionEnabled: false, pageLoadStrategy: normal, platform: WINDOWS, platformName: WINDOWS, proxy: Proxy(), setWindowRect: true, strictFileInteractability: false, timeouts: {implicit: 0, pageLoad: 300000, script: 30000}, unhandledPromptBehavior: dismiss and notify, webauthn:extension:credBlob: true, webauthn:extension:largeBlob: true, webauthn:extension:minPinLength: true, webauthn:extension:prf: true, webauthn:virtualAuthenticators: true}
Session ID: 6a6d1f25bcbbd9da5f0d8ca20da91ea1
17:17:55.336 INFO  manager.ListenerWD - This is a link to screenshot with error--->src/test/screenshots/screen1075.png
17:17:55.338 INFO  tests.TestBase - ======================================
17:17:55.339 INFO  tests.TestBase - test add new car wrong manufacture (empty) started
17:17:55.339 INFO  tests.TestBase - test data: location-'', manufacture-'Kia', model-'Sportage', year-'2020', fuel-'Gas',seats-'5', car class-'C', car number-'432-232 +i',price-'50'
17:17:55.851 INFO  manager.ListenerWD - Before find element By.xpath: //a[text()=' Let the car work ']
17:17:55.884 INFO  manager.ListenerWD - Element found success By.xpath: //a[text()=' Let the car work ']
17:17:55.885 INFO  manager.ListenerWD - start method click [[ChromeDriver: chrome on WINDOWS (6a6d1f25bcbbd9da5f0d8ca20da91ea1)] -> xpath: //a[text()=' Let the car work ']]
17:18:05.958 INFO  manager.ListenerWD - Houston we have a problem!
17:18:05.958 INFO  manager.ListenerWD - element not interactable
  (Session info: chrome=120.0.6099.225)
Build info: version: '3.141.59', revision: 'e82be7d358', time: '2018-11-14T08:17:03'
System info: host: 'VITBER', ip: '192.168.68.105', os.name: 'Windows 11', os.arch: 'amd64', os.version: '10.0', java.version: '1.8.0_333'
Driver info: org.openqa.selenium.chrome.ChromeDriver
Capabilities {acceptInsecureCerts: false, browserName: chrome, browserVersion: 120.0.6099.225, chrome: {chromedriverVersion: 120.0.6099.71 (9729082fe617..., userDataDir: C:\Windows\SystemTemp\scope...}, fedcm:accounts: true, goog:chromeOptions: {debuggerAddress: localhost:53668}, javascriptEnabled: true, networkConnectionEnabled: false, pageLoadStrategy: normal, platform: WINDOWS, platformName: WINDOWS, proxy: Proxy(), setWindowRect: true, strictFileInteractability: false, timeouts: {implicit: 0, pageLoad: 300000, script: 30000}, unhandledPromptBehavior: dismiss and notify, webauthn:extension:credBlob: true, webauthn:extension:largeBlob: true, webauthn:extension:minPinLength: true, webauthn:extension:prf: true, webauthn:virtualAuthenticators: true}
Session ID: 6a6d1f25bcbbd9da5f0d8ca20da91ea1
17:18:05.959 INFO  manager.ListenerWD - org.openqa.selenium.ElementNotInteractableException: element not interactable
  (Session info: chrome=120.0.6099.225)
Build info: version: '3.141.59', revision: 'e82be7d358', time: '2018-11-14T08:17:03'
System info: host: 'VITBER', ip: '192.168.68.105', os.name: 'Windows 11', os.arch: 'amd64', os.version: '10.0', java.version: '1.8.0_333'
Driver info: org.openqa.selenium.chrome.ChromeDriver
Capabilities {acceptInsecureCerts: false, browserName: chrome, browserVersion: 120.0.6099.225, chrome: {chromedriverVersion: 120.0.6099.71 (9729082fe617..., userDataDir: C:\Windows\SystemTemp\scope...}, fedcm:accounts: true, goog:chromeOptions: {debuggerAddress: localhost:53668}, javascriptEnabled: true, networkConnectionEnabled: false, pageLoadStrategy: normal, platform: WINDOWS, platformName: WINDOWS, proxy: Proxy(), setWindowRect: true, strictFileInteractability: false, timeouts: {implicit: 0, pageLoad: 300000, script: 30000}, unhandledPromptBehavior: dismiss and notify, webauthn:extension:credBlob: true, webauthn:extension:largeBlob: true, webauthn:extension:minPinLength: true, webauthn:extension:prf: true, webauthn:virtualAuthenticators: true}
Session ID: 6a6d1f25bcbbd9da5f0d8ca20da91ea1
17:18:06.083 INFO  manager.ListenerWD - This is a link to screenshot with error--->src/test/screenshots/screen1085.png
17:18:06.084 INFO  tests.TestBase - ======================================
