18:40:40.628 INFO  manager.ApplicationManager - All tests run in Chrome
18:40:42.409 INFO  manager.ApplicationManager - The link--->https://ilcarro.web.app/search
18:40:42.449 INFO  manager.ListenerWD - Before find element By.xpath: //*[text()=' Logout ']
18:40:52.510 INFO  manager.ListenerWD - Element found success By.xpath: //*[text()=' Logout ']
18:40:52.512 INFO  manager.ListenerWD - Before find element By.xpath: //a[text()=' Log in ']
18:40:52.541 INFO  manager.ListenerWD - Element found success By.xpath: //a[text()=' Log in ']
18:40:52.558 INFO  manager.ListenerWD - start method click [[ChromeDriver: chrome on WINDOWS (9b4c39dbaeab1911c68b3671f07b81aa)] -> xpath: //a[text()=' Log in ']]
18:40:52.676 INFO  manager.ListenerWD - done method click on: [[ChromeDriver: chrome on WINDOWS (9b4c39dbaeab1911c68b3671f07b81aa)] -> xpath: //a[text()=' Log in ']]
18:40:52.678 INFO  manager.ListenerWD - Before find element By.xpath: //*[@id='email']
18:40:52.715 INFO  manager.ListenerWD - Element found success By.xpath: //*[@id='email']
18:40:52.716 INFO  manager.ListenerWD - start method click [[ChromeDriver: chrome on WINDOWS (9b4c39dbaeab1911c68b3671f07b81aa)] -> xpath: //*[@id='email']]
18:40:52.803 INFO  manager.ListenerWD - done method click on: [[ChromeDriver: chrome on WINDOWS (9b4c39dbaeab1911c68b3671f07b81aa)] -> xpath: //*[@id='email']]
18:40:53.267 INFO  manager.ListenerWD - Before find element By.xpath: //*[@id='password']
18:40:53.308 INFO  manager.ListenerWD - Element found success By.xpath: //*[@id='password']
18:40:53.308 INFO  manager.ListenerWD - start method click [[ChromeDriver: chrome on WINDOWS (9b4c39dbaeab1911c68b3671f07b81aa)] -> xpath: //*[@id='password']]
18:40:53.382 INFO  manager.ListenerWD - done method click on: [[ChromeDriver: chrome on WINDOWS (9b4c39dbaeab1911c68b3671f07b81aa)] -> xpath: //*[@id='password']]
18:40:53.656 INFO  manager.ListenerWD - Before find element By.xpath: //*[@type='submit']
18:40:53.681 INFO  manager.ListenerWD - Element found success By.xpath: //*[@type='submit']
18:40:53.682 INFO  manager.ListenerWD - start method click [[ChromeDriver: chrome on WINDOWS (9b4c39dbaeab1911c68b3671f07b81aa)] -> xpath: //*[@type='submit']]
18:40:53.790 INFO  manager.ListenerWD - done method click on: [[ChromeDriver: chrome on WINDOWS (9b4c39dbaeab1911c68b3671f07b81aa)] -> xpath: //*[@type='submit']]
18:40:53.791 INFO  manager.ListenerWD - Before find element By.xpath: //button[text()='Ok']
18:40:55.502 INFO  manager.ListenerWD - Element found success By.xpath: //button[text()='Ok']
18:40:55.503 INFO  manager.ListenerWD - Before find element By.xpath: //button[text()='Ok']
18:40:55.539 INFO  manager.ListenerWD - Element found success By.xpath: //button[text()='Ok']
18:40:55.540 INFO  manager.ListenerWD - start method click [[ChromeDriver: chrome on WINDOWS (9b4c39dbaeab1911c68b3671f07b81aa)] -> xpath: //button[text()='Ok']]
18:40:55.622 INFO  manager.ListenerWD - done method click on: [[ChromeDriver: chrome on WINDOWS (9b4c39dbaeab1911c68b3671f07b81aa)] -> xpath: //button[text()='Ok']]
18:40:55.642 INFO  tests.TestBase - test add new car success started
18:40:55.643 INFO  tests.TestBase - test data: location-'Tel Aviv, Israel', manufacture-'Kia', model-'Sportage', year-'2020', fuel-'Gas',seats-'5', car class-'C', car number-'432-232 +i',price-'50'
18:40:56.157 INFO  manager.ListenerWD - Before find element By.xpath: //a[text()=' Let the car work ']
18:40:56.190 INFO  manager.ListenerWD - Element found success By.xpath: //a[text()=' Let the car work ']
18:40:56.191 INFO  manager.ListenerWD - start method click [[ChromeDriver: chrome on WINDOWS (9b4c39dbaeab1911c68b3671f07b81aa)] -> xpath: //a[text()=' Let the car work ']]
18:40:56.295 INFO  manager.ListenerWD - done method click on: [[ChromeDriver: chrome on WINDOWS (9b4c39dbaeab1911c68b3671f07b81aa)] -> xpath: //a[text()=' Let the car work ']]
18:40:56.296 INFO  manager.ListenerWD - Before find element By.id: pickUpPlace
18:40:56.326 INFO  manager.ListenerWD - Element found success By.id: pickUpPlace
18:40:56.326 INFO  manager.ListenerWD - start method click [[ChromeDriver: chrome on WINDOWS (9b4c39dbaeab1911c68b3671f07b81aa)] -> id: pickUpPlace]
18:40:56.396 INFO  manager.ListenerWD - done method click on: [[ChromeDriver: chrome on WINDOWS (9b4c39dbaeab1911c68b3671f07b81aa)] -> id: pickUpPlace]
18:40:56.631 INFO  manager.ListenerWD - Before find element By.cssSelector: div.pac-item
18:40:56.990 INFO  manager.ListenerWD - Element found success By.cssSelector: div.pac-item
18:40:56.991 INFO  manager.ListenerWD - start method click [[ChromeDriver: chrome on WINDOWS (9b4c39dbaeab1911c68b3671f07b81aa)] -> css selector: div.pac-item]
18:40:57.064 INFO  manager.ListenerWD - done method click on: [[ChromeDriver: chrome on WINDOWS (9b4c39dbaeab1911c68b3671f07b81aa)] -> css selector: div.pac-item]
18:40:57.065 INFO  manager.ListenerWD - Before find element By.id: make
18:40:57.096 INFO  manager.ListenerWD - Element found success By.id: make
18:40:57.097 INFO  manager.ListenerWD - start method click [[ChromeDriver: chrome on WINDOWS (9b4c39dbaeab1911c68b3671f07b81aa)] -> id: make]
18:40:57.170 INFO  manager.ListenerWD - done method click on: [[ChromeDriver: chrome on WINDOWS (9b4c39dbaeab1911c68b3671f07b81aa)] -> id: make]
18:40:57.381 INFO  manager.ListenerWD - Before find element By.id: model
18:40:57.411 INFO  manager.ListenerWD - Element found success By.id: model
18:40:57.413 INFO  manager.ListenerWD - start method click [[ChromeDriver: chrome on WINDOWS (9b4c39dbaeab1911c68b3671f07b81aa)] -> id: model]
18:40:57.501 INFO  manager.ListenerWD - done method click on: [[ChromeDriver: chrome on WINDOWS (9b4c39dbaeab1911c68b3671f07b81aa)] -> id: model]
18:40:57.780 INFO  manager.ListenerWD - Before find element By.id: year
18:40:57.815 INFO  manager.ListenerWD - Element found success By.id: year
18:40:57.816 INFO  manager.ListenerWD - start method click [[ChromeDriver: chrome on WINDOWS (9b4c39dbaeab1911c68b3671f07b81aa)] -> id: year]
18:40:57.899 INFO  manager.ListenerWD - done method click on: [[ChromeDriver: chrome on WINDOWS (9b4c39dbaeab1911c68b3671f07b81aa)] -> id: year]
18:40:58.228 INFO  manager.ListenerWD - Before find element By.id: fuel
18:40:58.264 INFO  manager.ListenerWD - Element found success By.id: fuel
18:40:58.317 INFO  manager.ListenerWD - Before find element By.xpath: .//option[@value = "Gas"]
18:40:58.345 INFO  manager.ListenerWD - Element found success By.xpath: .//option[@value = "Gas"]
18:40:58.360 INFO  manager.ListenerWD - start method click [[[[ChromeDriver: chrome on WINDOWS (9b4c39dbaeab1911c68b3671f07b81aa)] -> id: fuel]] -> xpath: .//option[@value = "Gas"]]
18:40:58.405 INFO  manager.ListenerWD - done method click on: [[[[ChromeDriver: chrome on WINDOWS (9b4c39dbaeab1911c68b3671f07b81aa)] -> id: fuel]] -> xpath: .//option[@value = "Gas"]]
18:40:58.406 INFO  manager.ListenerWD - Before find element By.id: seats
18:40:58.431 INFO  manager.ListenerWD - Element found success By.id: seats
18:40:58.432 INFO  manager.ListenerWD - start method click [[ChromeDriver: chrome on WINDOWS (9b4c39dbaeab1911c68b3671f07b81aa)] -> id: seats]
18:40:58.526 INFO  manager.ListenerWD - done method click on: [[ChromeDriver: chrome on WINDOWS (9b4c39dbaeab1911c68b3671f07b81aa)] -> id: seats]
18:40:58.868 INFO  manager.ListenerWD - Before find element By.id: class
18:40:58.902 INFO  manager.ListenerWD - Element found success By.id: class
18:40:58.903 INFO  manager.ListenerWD - start method click [[ChromeDriver: chrome on WINDOWS (9b4c39dbaeab1911c68b3671f07b81aa)] -> id: class]
18:40:58.993 INFO  manager.ListenerWD - done method click on: [[ChromeDriver: chrome on WINDOWS (9b4c39dbaeab1911c68b3671f07b81aa)] -> id: class]
18:40:59.231 INFO  manager.ListenerWD - Before find element By.id: serialNumber
18:40:59.257 INFO  manager.ListenerWD - Element found success By.id: serialNumber
18:40:59.258 INFO  manager.ListenerWD - start method click [[ChromeDriver: chrome on WINDOWS (9b4c39dbaeab1911c68b3671f07b81aa)] -> id: serialNumber]
18:40:59.330 INFO  manager.ListenerWD - done method click on: [[ChromeDriver: chrome on WINDOWS (9b4c39dbaeab1911c68b3671f07b81aa)] -> id: serialNumber]
18:40:59.547 INFO  manager.ListenerWD - Before find element By.id: price
18:40:59.570 INFO  manager.ListenerWD - Element found success By.id: price
18:40:59.573 INFO  manager.ListenerWD - start method click [[ChromeDriver: chrome on WINDOWS (9b4c39dbaeab1911c68b3671f07b81aa)] -> id: price]
18:40:59.650 INFO  manager.ListenerWD - done method click on: [[ChromeDriver: chrome on WINDOWS (9b4c39dbaeab1911c68b3671f07b81aa)] -> id: price]
18:41:00.021 INFO  manager.ListenerWD - Before find element By.id: about
18:41:00.060 INFO  manager.ListenerWD - Element found success By.id: about
18:41:00.060 INFO  manager.ListenerWD - start method click [[ChromeDriver: chrome on WINDOWS (9b4c39dbaeab1911c68b3671f07b81aa)] -> id: about]
18:41:00.144 INFO  manager.ListenerWD - done method click on: [[ChromeDriver: chrome on WINDOWS (9b4c39dbaeab1911c68b3671f07b81aa)] -> id: about]
18:41:00.279 INFO  manager.ListenerWD - Before find element By.id: photos
18:41:00.299 INFO  manager.ListenerWD - Element found success By.id: photos
18:41:00.373 INFO  manager.ListenerWD - Before find element By.xpath: //*[@type='submit']
18:41:00.407 INFO  manager.ListenerWD - Element found success By.xpath: //*[@type='submit']
18:41:00.408 INFO  manager.ListenerWD - start method click [[ChromeDriver: chrome on WINDOWS (9b4c39dbaeab1911c68b3671f07b81aa)] -> xpath: //*[@type='submit']]
18:41:00.508 INFO  manager.ListenerWD - done method click on: [[ChromeDriver: chrome on WINDOWS (9b4c39dbaeab1911c68b3671f07b81aa)] -> xpath: //*[@type='submit']]
18:41:00.509 INFO  manager.ListenerWD - Before find element By.cssSelector: .dialog-container>h2
18:41:01.065 INFO  manager.ListenerWD - Element found success By.cssSelector: .dialog-container>h2
18:41:01.097 INFO  manager.ListenerWD - get text from the element with text: Kia Sportage added successful
18:41:01.148 INFO  manager.ListenerWD - got the text successful: Kia Sportage added successful
18:41:01.155 INFO  manager.ListenerWD - Before find element By.cssSelector: .dialog-container>h2
18:41:01.199 INFO  manager.ListenerWD - Element found success By.cssSelector: .dialog-container>h2
18:41:01.230 INFO  manager.ListenerWD - get text from the element with text: Kia Sportage added successful
18:41:01.279 INFO  manager.ListenerWD - got the text successful: Kia Sportage added successful
18:41:01.280 INFO  tests.TestBase - assert check message 'added successful'
18:41:01.286 INFO  manager.ListenerWD - Before find element By.xpath: //button[text()='Search cars']
18:41:01.321 INFO  manager.ListenerWD - Element found success By.xpath: //button[text()='Search cars']
18:41:01.323 INFO  manager.ListenerWD - start method click [[ChromeDriver: chrome on WINDOWS (9b4c39dbaeab1911c68b3671f07b81aa)] -> xpath: //button[text()='Search cars']]
18:41:01.414 INFO  manager.ListenerWD - done method click on: [[ChromeDriver: chrome on WINDOWS (9b4c39dbaeab1911c68b3671f07b81aa)] -> xpath: //button[text()='Search cars']]
18:41:01.420 INFO  tests.TestBase - ======================================
