19:36:52.276 INFO  manager.ApplicationManager - All tests run in Chrome
19:36:54.471 INFO  manager.ApplicationManager - The link--->https://ilcarro.web.app/search
19:36:54.555 INFO  manager.ListenerWD - Before find element By.xpath: //*[text()=' Logout ']
19:37:04.602 INFO  manager.ListenerWD - Element found success By.xpath: //*[text()=' Logout ']
19:37:04.604 INFO  manager.ListenerWD - Before find element By.xpath: //a[text()=' Log in ']
19:37:04.629 INFO  manager.ListenerWD - Element found success By.xpath: //a[text()=' Log in ']
19:37:04.642 INFO  manager.ListenerWD - start method click [[ChromeDriver: chrome on WINDOWS (1fc00cec9bbf689bb9dd20176de76063)] -> xpath: //a[text()=' Log in ']]
19:37:04.769 INFO  manager.ListenerWD - done method click on: [[ChromeDriver: chrome on WINDOWS (1fc00cec9bbf689bb9dd20176de76063)] -> xpath: //a[text()=' Log in ']]
19:37:04.771 INFO  manager.ListenerWD - Before find element By.xpath: //*[@id='email']
19:37:04.829 INFO  manager.ListenerWD - Element found success By.xpath: //*[@id='email']
19:37:04.831 INFO  manager.ListenerWD - start method click [[ChromeDriver: chrome on WINDOWS (1fc00cec9bbf689bb9dd20176de76063)] -> xpath: //*[@id='email']]
19:37:04.939 INFO  manager.ListenerWD - done method click on: [[ChromeDriver: chrome on WINDOWS (1fc00cec9bbf689bb9dd20176de76063)] -> xpath: //*[@id='email']]
19:37:05.407 INFO  manager.ListenerWD - Before find element By.xpath: //*[@id='password']
19:37:05.431 INFO  manager.ListenerWD - Element found success By.xpath: //*[@id='password']
19:37:05.432 INFO  manager.ListenerWD - start method click [[ChromeDriver: chrome on WINDOWS (1fc00cec9bbf689bb9dd20176de76063)] -> xpath: //*[@id='password']]
19:37:05.489 INFO  manager.ListenerWD - done method click on: [[ChromeDriver: chrome on WINDOWS (1fc00cec9bbf689bb9dd20176de76063)] -> xpath: //*[@id='password']]
19:37:05.925 INFO  manager.ListenerWD - Before find element By.xpath: //*[@type='submit']
19:37:05.969 INFO  manager.ListenerWD - Element found success By.xpath: //*[@type='submit']
19:37:05.971 INFO  manager.ListenerWD - start method click [[ChromeDriver: chrome on WINDOWS (1fc00cec9bbf689bb9dd20176de76063)] -> xpath: //*[@type='submit']]
19:37:06.059 INFO  manager.ListenerWD - done method click on: [[ChromeDriver: chrome on WINDOWS (1fc00cec9bbf689bb9dd20176de76063)] -> xpath: //*[@type='submit']]
19:37:06.059 INFO  manager.ListenerWD - Before find element By.xpath: //button[text()='Ok']
19:37:07.125 INFO  manager.ListenerWD - Element found success By.xpath: //button[text()='Ok']
19:37:07.125 INFO  manager.ListenerWD - Before find element By.xpath: //button[text()='Ok']
19:37:07.159 INFO  manager.ListenerWD - Element found success By.xpath: //button[text()='Ok']
19:37:07.161 INFO  manager.ListenerWD - start method click [[ChromeDriver: chrome on WINDOWS (1fc00cec9bbf689bb9dd20176de76063)] -> xpath: //button[text()='Ok']]
19:37:07.248 INFO  manager.ListenerWD - done method click on: [[ChromeDriver: chrome on WINDOWS (1fc00cec9bbf689bb9dd20176de76063)] -> xpath: //button[text()='Ok']]
19:37:07.271 INFO  tests.TestBase - test add new car wrong year (empty) started
19:37:07.271 INFO  tests.TestBase - test data: location-'Tel Aviv, Israel', manufacture-'Kia', model-'Sportage', year-'', fuel-'Gas',seats-'5', car class-'C', car number-'432-232 +i',price-'50'
19:37:07.775 INFO  manager.ListenerWD - Before find element By.xpath: //a[text()=' Let the car work ']
19:37:07.802 INFO  manager.ListenerWD - Element found success By.xpath: //a[text()=' Let the car work ']
19:37:07.803 INFO  manager.ListenerWD - start method click [[ChromeDriver: chrome on WINDOWS (1fc00cec9bbf689bb9dd20176de76063)] -> xpath: //a[text()=' Let the car work ']]
19:37:08.018 INFO  manager.ListenerWD - done method click on: [[ChromeDriver: chrome on WINDOWS (1fc00cec9bbf689bb9dd20176de76063)] -> xpath: //a[text()=' Let the car work ']]
19:37:08.019 INFO  manager.ListenerWD - Before find element By.id: pickUpPlace
19:37:08.071 INFO  manager.ListenerWD - Element found success By.id: pickUpPlace
19:37:08.072 INFO  manager.ListenerWD - start method click [[ChromeDriver: chrome on WINDOWS (1fc00cec9bbf689bb9dd20176de76063)] -> id: pickUpPlace]
19:37:08.277 INFO  manager.ListenerWD - done method click on: [[ChromeDriver: chrome on WINDOWS (1fc00cec9bbf689bb9dd20176de76063)] -> id: pickUpPlace]
19:37:08.700 INFO  manager.ListenerWD - Before find element By.cssSelector: div.pac-item
19:37:09.077 INFO  manager.ListenerWD - Element found success By.cssSelector: div.pac-item
19:37:09.079 INFO  manager.ListenerWD - start method click [[ChromeDriver: chrome on WINDOWS (1fc00cec9bbf689bb9dd20176de76063)] -> css selector: div.pac-item]
19:37:09.165 INFO  manager.ListenerWD - done method click on: [[ChromeDriver: chrome on WINDOWS (1fc00cec9bbf689bb9dd20176de76063)] -> css selector: div.pac-item]
19:37:09.169 INFO  manager.ListenerWD - Before find element By.id: make
19:37:09.227 INFO  manager.ListenerWD - Element found success By.id: make
19:37:09.228 INFO  manager.ListenerWD - start method click [[ChromeDriver: chrome on WINDOWS (1fc00cec9bbf689bb9dd20176de76063)] -> id: make]
19:37:09.305 INFO  manager.ListenerWD - done method click on: [[ChromeDriver: chrome on WINDOWS (1fc00cec9bbf689bb9dd20176de76063)] -> id: make]
19:37:09.710 INFO  manager.ListenerWD - Before find element By.id: model
19:37:09.744 INFO  manager.ListenerWD - Element found success By.id: model
19:37:09.746 INFO  manager.ListenerWD - start method click [[ChromeDriver: chrome on WINDOWS (1fc00cec9bbf689bb9dd20176de76063)] -> id: model]
19:37:09.815 INFO  manager.ListenerWD - done method click on: [[ChromeDriver: chrome on WINDOWS (1fc00cec9bbf689bb9dd20176de76063)] -> id: model]
19:37:10.188 INFO  manager.ListenerWD - Before find element By.id: year
19:37:10.230 INFO  manager.ListenerWD - Element found success By.id: year
19:37:10.231 INFO  manager.ListenerWD - start method click [[ChromeDriver: chrome on WINDOWS (1fc00cec9bbf689bb9dd20176de76063)] -> id: year]
19:37:10.275 INFO  manager.ListenerWD - done method click on: [[ChromeDriver: chrome on WINDOWS (1fc00cec9bbf689bb9dd20176de76063)] -> id: year]
19:37:10.619 INFO  manager.ListenerWD - Before find element By.id: fuel
19:37:10.655 INFO  manager.ListenerWD - Element found success By.id: fuel
19:37:10.708 INFO  manager.ListenerWD - Before find element By.xpath: .//option[@value = "Gas"]
19:37:10.747 INFO  manager.ListenerWD - Element found success By.xpath: .//option[@value = "Gas"]
19:37:10.773 INFO  manager.ListenerWD - start method click [[[[ChromeDriver: chrome on WINDOWS (1fc00cec9bbf689bb9dd20176de76063)] -> id: fuel]] -> xpath: .//option[@value = "Gas"]]
19:37:10.855 INFO  manager.ListenerWD - done method click on: [[[[ChromeDriver: chrome on WINDOWS (1fc00cec9bbf689bb9dd20176de76063)] -> id: fuel]] -> xpath: .//option[@value = "Gas"]]
19:37:10.859 INFO  manager.ListenerWD - Before find element By.id: seats
19:37:10.898 INFO  manager.ListenerWD - Element found success By.id: seats
19:37:10.899 INFO  manager.ListenerWD - start method click [[ChromeDriver: chrome on WINDOWS (1fc00cec9bbf689bb9dd20176de76063)] -> id: seats]
19:37:11.004 INFO  manager.ListenerWD - done method click on: [[ChromeDriver: chrome on WINDOWS (1fc00cec9bbf689bb9dd20176de76063)] -> id: seats]
19:37:11.495 INFO  manager.ListenerWD - Before find element By.id: class
19:37:11.530 INFO  manager.ListenerWD - Element found success By.id: class
19:37:11.531 INFO  manager.ListenerWD - start method click [[ChromeDriver: chrome on WINDOWS (1fc00cec9bbf689bb9dd20176de76063)] -> id: class]
19:37:11.574 INFO  manager.ListenerWD - done method click on: [[ChromeDriver: chrome on WINDOWS (1fc00cec9bbf689bb9dd20176de76063)] -> id: class]
19:37:11.927 INFO  manager.ListenerWD - Before find element By.id: serialNumber
19:37:11.972 INFO  manager.ListenerWD - Element found success By.id: serialNumber
19:37:11.973 INFO  manager.ListenerWD - start method click [[ChromeDriver: chrome on WINDOWS (1fc00cec9bbf689bb9dd20176de76063)] -> id: serialNumber]
19:37:12.032 INFO  manager.ListenerWD - done method click on: [[ChromeDriver: chrome on WINDOWS (1fc00cec9bbf689bb9dd20176de76063)] -> id: serialNumber]
19:37:12.366 INFO  manager.ListenerWD - Before find element By.id: price
19:37:12.407 INFO  manager.ListenerWD - Element found success By.id: price
19:37:12.408 INFO  manager.ListenerWD - start method click [[ChromeDriver: chrome on WINDOWS (1fc00cec9bbf689bb9dd20176de76063)] -> id: price]
19:37:12.465 INFO  manager.ListenerWD - done method click on: [[ChromeDriver: chrome on WINDOWS (1fc00cec9bbf689bb9dd20176de76063)] -> id: price]
19:37:12.892 INFO  manager.ListenerWD - Before find element By.id: about
19:37:12.930 INFO  manager.ListenerWD - Element found success By.id: about
19:37:12.931 INFO  manager.ListenerWD - start method click [[ChromeDriver: chrome on WINDOWS (1fc00cec9bbf689bb9dd20176de76063)] -> id: about]
19:37:13.018 INFO  manager.ListenerWD - done method click on: [[ChromeDriver: chrome on WINDOWS (1fc00cec9bbf689bb9dd20176de76063)] -> id: about]
19:37:13.204 INFO  manager.ListenerWD - Before find element By.xpath: //*[@type='submit']
19:37:13.249 INFO  manager.ListenerWD - Element found success By.xpath: //*[@type='submit']
19:37:13.249 INFO  manager.ListenerWD - start method click [[ChromeDriver: chrome on WINDOWS (1fc00cec9bbf689bb9dd20176de76063)] -> xpath: //*[@type='submit']]
19:37:13.336 INFO  manager.ListenerWD - done method click on: [[ChromeDriver: chrome on WINDOWS (1fc00cec9bbf689bb9dd20176de76063)] -> xpath: //*[@type='submit']]
19:37:13.337 INFO  manager.ListenerWD - Before find element By.xpath: //*[contains(text(),'Year required')]
19:37:13.381 INFO  manager.ListenerWD - Element found success By.xpath: //*[contains(text(),'Year required')]
19:37:13.390 INFO  tests.TestBase - assert check message 'Year is required'
19:37:13.400 INFO  manager.ListenerWD - Before find element By.xpath: //button[text()='Search cars']
19:37:23.443 INFO  manager.ListenerWD - Houston we have a problem!
19:37:23.443 INFO  manager.ListenerWD - no such element: Unable to locate element: {"method":"xpath","selector":"//button[text()='Search cars']"}
  (Session info: chrome=120.0.6099.225)
For documentation on this error, please visit: https://www.seleniumhq.org/exceptions/no_such_element.html
Build info: version: '3.141.59', revision: 'e82be7d358', time: '2018-11-14T08:17:03'
System info: host: 'VITBER', ip: '192.168.68.105', os.name: 'Windows 11', os.arch: 'amd64', os.version: '10.0', java.version: '1.8.0_333'
Driver info: org.openqa.selenium.chrome.ChromeDriver
Capabilities {acceptInsecureCerts: false, browserName: chrome, browserVersion: 120.0.6099.225, chrome: {chromedriverVersion: 120.0.6099.71 (9729082fe617..., userDataDir: C:\Windows\SystemTemp\scope...}, fedcm:accounts: true, goog:chromeOptions: {debuggerAddress: localhost:51573}, javascriptEnabled: true, networkConnectionEnabled: false, pageLoadStrategy: normal, platform: WINDOWS, platformName: WINDOWS, proxy: Proxy(), setWindowRect: true, strictFileInteractability: false, timeouts: {implicit: 0, pageLoad: 300000, script: 30000}, unhandledPromptBehavior: dismiss and notify, webauthn:extension:credBlob: true, webauthn:extension:largeBlob: true, webauthn:extension:minPinLength: true, webauthn:extension:prf: true, webauthn:virtualAuthenticators: true}
Session ID: 1fc00cec9bbf689bb9dd20176de76063
*** Element info: {Using=xpath, value=//button[text()='Search cars']}
19:37:23.443 INFO  manager.ListenerWD - org.openqa.selenium.NoSuchElementException: no such element: Unable to locate element: {"method":"xpath","selector":"//button[text()='Search cars']"}
  (Session info: chrome=120.0.6099.225)
For documentation on this error, please visit: https://www.seleniumhq.org/exceptions/no_such_element.html
Build info: version: '3.141.59', revision: 'e82be7d358', time: '2018-11-14T08:17:03'
System info: host: 'VITBER', ip: '192.168.68.105', os.name: 'Windows 11', os.arch: 'amd64', os.version: '10.0', java.version: '1.8.0_333'
Driver info: org.openqa.selenium.chrome.ChromeDriver
Capabilities {acceptInsecureCerts: false, browserName: chrome, browserVersion: 120.0.6099.225, chrome: {chromedriverVersion: 120.0.6099.71 (9729082fe617..., userDataDir: C:\Windows\SystemTemp\scope...}, fedcm:accounts: true, goog:chromeOptions: {debuggerAddress: localhost:51573}, javascriptEnabled: true, networkConnectionEnabled: false, pageLoadStrategy: normal, platform: WINDOWS, platformName: WINDOWS, proxy: Proxy(), setWindowRect: true, strictFileInteractability: false, timeouts: {implicit: 0, pageLoad: 300000, script: 30000}, unhandledPromptBehavior: dismiss and notify, webauthn:extension:credBlob: true, webauthn:extension:largeBlob: true, webauthn:extension:minPinLength: true, webauthn:extension:prf: true, webauthn:virtualAuthenticators: true}
Session ID: 1fc00cec9bbf689bb9dd20176de76063
*** Element info: {Using=xpath, value=//button[text()='Search cars']}
19:37:23.790 INFO  manager.ListenerWD - This is a link to screenshot with error--->src/test/screenshots/screen2243.png
