16:53:58.864 INFO  manager.ApplicationManager - All tests run in Chrome
16:54:00.335 INFO  manager.ApplicationManager - The link--->https://ilcarro.web.app/search
16:54:00.363 INFO  manager.ListenerWD - Before find element By.xpath: //*[text()=' Logout ']
16:54:10.410 INFO  manager.ListenerWD - Element found success By.xpath: //*[text()=' Logout ']
16:54:10.412 INFO  manager.ListenerWD - Before find element By.xpath: //a[text()=' Log in ']
16:54:10.438 INFO  manager.ListenerWD - Element found success By.xpath: //a[text()=' Log in ']
16:54:10.452 INFO  manager.ListenerWD - start method click [[ChromeDriver: chrome on WINDOWS (7e7d5d2bd9866dd81e543090476ff35b)] -> xpath: //a[text()=' Log in ']]
16:54:10.554 INFO  manager.ListenerWD - done method click on: [[ChromeDriver: chrome on WINDOWS (7e7d5d2bd9866dd81e543090476ff35b)] -> xpath: //a[text()=' Log in ']]
16:54:10.554 INFO  manager.ListenerWD - Before find element By.xpath: //*[@id='email']
16:54:10.582 INFO  manager.ListenerWD - Element found success By.xpath: //*[@id='email']
16:54:10.583 INFO  manager.ListenerWD - start method click [[ChromeDriver: chrome on WINDOWS (7e7d5d2bd9866dd81e543090476ff35b)] -> xpath: //*[@id='email']]
16:54:10.658 INFO  manager.ListenerWD - done method click on: [[ChromeDriver: chrome on WINDOWS (7e7d5d2bd9866dd81e543090476ff35b)] -> xpath: //*[@id='email']]
16:54:11.113 INFO  manager.ListenerWD - Before find element By.xpath: //*[@id='password']
16:54:11.143 INFO  manager.ListenerWD - Element found success By.xpath: //*[@id='password']
16:54:11.144 INFO  manager.ListenerWD - start method click [[ChromeDriver: chrome on WINDOWS (7e7d5d2bd9866dd81e543090476ff35b)] -> xpath: //*[@id='password']]
16:54:11.229 INFO  manager.ListenerWD - done method click on: [[ChromeDriver: chrome on WINDOWS (7e7d5d2bd9866dd81e543090476ff35b)] -> xpath: //*[@id='password']]
16:54:11.613 INFO  manager.ListenerWD - Before find element By.xpath: //*[@type='submit']
16:54:11.643 INFO  manager.ListenerWD - Element found success By.xpath: //*[@type='submit']
16:54:11.644 INFO  manager.ListenerWD - start method click [[ChromeDriver: chrome on WINDOWS (7e7d5d2bd9866dd81e543090476ff35b)] -> xpath: //*[@type='submit']]
16:54:11.714 INFO  manager.ListenerWD - done method click on: [[ChromeDriver: chrome on WINDOWS (7e7d5d2bd9866dd81e543090476ff35b)] -> xpath: //*[@type='submit']]
16:54:11.716 INFO  manager.ListenerWD - Before find element By.xpath: //button[text()='Ok']
16:54:13.699 INFO  manager.ListenerWD - Element found success By.xpath: //button[text()='Ok']
16:54:13.699 INFO  manager.ListenerWD - Before find element By.xpath: //button[text()='Ok']
16:54:13.717 INFO  manager.ListenerWD - Element found success By.xpath: //button[text()='Ok']
16:54:13.717 INFO  manager.ListenerWD - start method click [[ChromeDriver: chrome on WINDOWS (7e7d5d2bd9866dd81e543090476ff35b)] -> xpath: //button[text()='Ok']]
16:54:13.776 INFO  manager.ListenerWD - done method click on: [[ChromeDriver: chrome on WINDOWS (7e7d5d2bd9866dd81e543090476ff35b)] -> xpath: //button[text()='Ok']]
16:54:13.792 INFO  tests.TestBase - test add new car success started
16:54:13.792 INFO  tests.TestBase - test data: location-'Tel Aviv, Israel', manufacture-'Kia', model-'Sportage', year-'2020', fuel-'Gas',seats-'5', car class-'C', car number-'432-232 +i',price-'50'
16:54:14.297 INFO  manager.ListenerWD - Before find element By.xpath: //a[text()=' Let the car work ']
16:54:14.329 INFO  manager.ListenerWD - Element found success By.xpath: //a[text()=' Let the car work ']
16:54:14.330 INFO  manager.ListenerWD - start method click [[ChromeDriver: chrome on WINDOWS (7e7d5d2bd9866dd81e543090476ff35b)] -> xpath: //a[text()=' Let the car work ']]
16:54:14.446 INFO  manager.ListenerWD - done method click on: [[ChromeDriver: chrome on WINDOWS (7e7d5d2bd9866dd81e543090476ff35b)] -> xpath: //a[text()=' Let the car work ']]
16:54:14.448 INFO  manager.ListenerWD - Before find element By.id: pickUpPlace
16:54:14.483 INFO  manager.ListenerWD - Element found success By.id: pickUpPlace
16:54:14.484 INFO  manager.ListenerWD - start method click [[ChromeDriver: chrome on WINDOWS (7e7d5d2bd9866dd81e543090476ff35b)] -> id: pickUpPlace]
16:54:14.553 INFO  manager.ListenerWD - done method click on: [[ChromeDriver: chrome on WINDOWS (7e7d5d2bd9866dd81e543090476ff35b)] -> id: pickUpPlace]
16:54:14.783 INFO  manager.ListenerWD - Before find element By.cssSelector: div.pac-item
16:54:15.126 INFO  manager.ListenerWD - Element found success By.cssSelector: div.pac-item
16:54:15.127 INFO  manager.ListenerWD - start method click [[ChromeDriver: chrome on WINDOWS (7e7d5d2bd9866dd81e543090476ff35b)] -> css selector: div.pac-item]
16:54:15.191 INFO  manager.ListenerWD - done method click on: [[ChromeDriver: chrome on WINDOWS (7e7d5d2bd9866dd81e543090476ff35b)] -> css selector: div.pac-item]
16:54:15.193 INFO  manager.ListenerWD - Before find element By.id: make
16:54:15.228 INFO  manager.ListenerWD - Element found success By.id: make
16:54:15.228 INFO  manager.ListenerWD - start method click [[ChromeDriver: chrome on WINDOWS (7e7d5d2bd9866dd81e543090476ff35b)] -> id: make]
16:54:15.327 INFO  manager.ListenerWD - done method click on: [[ChromeDriver: chrome on WINDOWS (7e7d5d2bd9866dd81e543090476ff35b)] -> id: make]
16:54:15.599 INFO  manager.ListenerWD - Before find element By.id: model
16:54:15.635 INFO  manager.ListenerWD - Element found success By.id: model
16:54:15.635 INFO  manager.ListenerWD - start method click [[ChromeDriver: chrome on WINDOWS (7e7d5d2bd9866dd81e543090476ff35b)] -> id: model]
16:54:15.732 INFO  manager.ListenerWD - done method click on: [[ChromeDriver: chrome on WINDOWS (7e7d5d2bd9866dd81e543090476ff35b)] -> id: model]
16:54:16.098 INFO  manager.ListenerWD - Before find element By.id: year
16:54:16.126 INFO  manager.ListenerWD - Element found success By.id: year
16:54:16.127 INFO  manager.ListenerWD - start method click [[ChromeDriver: chrome on WINDOWS (7e7d5d2bd9866dd81e543090476ff35b)] -> id: year]
16:54:16.225 INFO  manager.ListenerWD - done method click on: [[ChromeDriver: chrome on WINDOWS (7e7d5d2bd9866dd81e543090476ff35b)] -> id: year]
16:54:16.675 INFO  manager.ListenerWD - Before find element By.id: fuel
16:54:16.711 INFO  manager.ListenerWD - Element found success By.id: fuel
16:54:16.771 INFO  manager.ListenerWD - Before find element By.xpath: .//option[@value = "Gas"]
16:54:16.808 INFO  manager.ListenerWD - Element found success By.xpath: .//option[@value = "Gas"]
16:54:16.828 INFO  manager.ListenerWD - start method click [[[[ChromeDriver: chrome on WINDOWS (7e7d5d2bd9866dd81e543090476ff35b)] -> id: fuel]] -> xpath: .//option[@value = "Gas"]]
16:54:16.882 INFO  manager.ListenerWD - done method click on: [[[[ChromeDriver: chrome on WINDOWS (7e7d5d2bd9866dd81e543090476ff35b)] -> id: fuel]] -> xpath: .//option[@value = "Gas"]]
16:54:16.884 INFO  manager.ListenerWD - Before find element By.id: seats
16:54:16.911 INFO  manager.ListenerWD - Element found success By.id: seats
16:54:16.912 INFO  manager.ListenerWD - start method click [[ChromeDriver: chrome on WINDOWS (7e7d5d2bd9866dd81e543090476ff35b)] -> id: seats]
16:54:16.998 INFO  manager.ListenerWD - done method click on: [[ChromeDriver: chrome on WINDOWS (7e7d5d2bd9866dd81e543090476ff35b)] -> id: seats]
16:54:17.327 INFO  manager.ListenerWD - Before find element By.id: class
16:54:17.353 INFO  manager.ListenerWD - Element found success By.id: class
16:54:17.355 INFO  manager.ListenerWD - start method click [[ChromeDriver: chrome on WINDOWS (7e7d5d2bd9866dd81e543090476ff35b)] -> id: class]
16:54:17.435 INFO  manager.ListenerWD - done method click on: [[ChromeDriver: chrome on WINDOWS (7e7d5d2bd9866dd81e543090476ff35b)] -> id: class]
16:54:17.692 INFO  manager.ListenerWD - Before find element By.id: serialNumber
16:54:17.727 INFO  manager.ListenerWD - Element found success By.id: serialNumber
16:54:17.728 INFO  manager.ListenerWD - start method click [[ChromeDriver: chrome on WINDOWS (7e7d5d2bd9866dd81e543090476ff35b)] -> id: serialNumber]
16:54:17.806 INFO  manager.ListenerWD - done method click on: [[ChromeDriver: chrome on WINDOWS (7e7d5d2bd9866dd81e543090476ff35b)] -> id: serialNumber]
16:54:18.148 INFO  manager.ListenerWD - Before find element By.id: price
16:54:18.176 INFO  manager.ListenerWD - Element found success By.id: price
16:54:18.177 INFO  manager.ListenerWD - start method click [[ChromeDriver: chrome on WINDOWS (7e7d5d2bd9866dd81e543090476ff35b)] -> id: price]
16:54:18.257 INFO  manager.ListenerWD - done method click on: [[ChromeDriver: chrome on WINDOWS (7e7d5d2bd9866dd81e543090476ff35b)] -> id: price]
16:54:18.671 INFO  manager.ListenerWD - Before find element By.id: about
16:54:18.702 INFO  manager.ListenerWD - Element found success By.id: about
16:54:18.703 INFO  manager.ListenerWD - start method click [[ChromeDriver: chrome on WINDOWS (7e7d5d2bd9866dd81e543090476ff35b)] -> id: about]
16:54:18.773 INFO  manager.ListenerWD - done method click on: [[ChromeDriver: chrome on WINDOWS (7e7d5d2bd9866dd81e543090476ff35b)] -> id: about]
16:54:18.941 INFO  manager.ListenerWD - Before find element By.id: photos
16:54:18.961 INFO  manager.ListenerWD - Element found success By.id: photos
16:54:19.037 INFO  manager.ListenerWD - Before find element By.xpath: //*[@type='submit']
16:54:19.074 INFO  manager.ListenerWD - Element found success By.xpath: //*[@type='submit']
16:54:19.074 INFO  manager.ListenerWD - start method click [[ChromeDriver: chrome on WINDOWS (7e7d5d2bd9866dd81e543090476ff35b)] -> xpath: //*[@type='submit']]
16:54:19.171 INFO  manager.ListenerWD - done method click on: [[ChromeDriver: chrome on WINDOWS (7e7d5d2bd9866dd81e543090476ff35b)] -> xpath: //*[@type='submit']]
16:54:19.172 INFO  manager.ListenerWD - Before find element By.cssSelector: .dialog-container>h2
16:54:19.863 INFO  manager.ListenerWD - Element found success By.cssSelector: .dialog-container>h2
16:54:19.893 INFO  manager.ListenerWD - get text from the element with text: 
16:54:19.931 INFO  manager.ListenerWD - got the text successful: Kia Sportage added successful
16:54:19.939 INFO  manager.ListenerWD - Before find element By.cssSelector: .dialog-container>h2
16:54:19.963 INFO  manager.ListenerWD - Element found success By.cssSelector: .dialog-container>h2
16:54:19.985 INFO  manager.ListenerWD - get text from the element with text: Kia Sportage added successful
16:54:20.027 INFO  manager.ListenerWD - got the text successful: Kia Sportage added successful
16:54:20.027 INFO  tests.TestBase - assert check message 'added successful'
16:54:20.033 INFO  manager.ListenerWD - Before find element By.cssSelector: button[disabled]
16:54:20.064 INFO  manager.ListenerWD - Element found success By.cssSelector: button[disabled]
16:54:20.065 INFO  manager.ListenerWD - Before find element By.cssSelector: button[type='submit']
16:54:20.092 INFO  manager.ListenerWD - Element found success By.cssSelector: button[type='submit']
16:54:20.109 INFO  manager.ListenerWD - Before find element By.xpath: //*[@alt='logo']
16:54:20.144 INFO  manager.ListenerWD - Element found success By.xpath: //*[@alt='logo']
16:54:20.145 INFO  manager.ListenerWD - start method click [[ChromeDriver: chrome on WINDOWS (7e7d5d2bd9866dd81e543090476ff35b)] -> xpath: //*[@alt='logo']]
16:54:30.246 INFO  manager.ListenerWD - Houston we have a problem!
16:54:30.247 INFO  manager.ListenerWD - element not interactable
  (Session info: chrome=120.0.6099.225)
Build info: version: '3.141.59', revision: 'e82be7d358', time: '2018-11-14T08:17:03'
System info: host: 'VITBER', ip: '192.168.68.105', os.name: 'Windows 11', os.arch: 'amd64', os.version: '10.0', java.version: '1.8.0_333'
Driver info: org.openqa.selenium.chrome.ChromeDriver
Capabilities {acceptInsecureCerts: false, browserName: chrome, browserVersion: 120.0.6099.225, chrome: {chromedriverVersion: 120.0.6099.71 (9729082fe617..., userDataDir: C:\Windows\SystemTemp\scope...}, fedcm:accounts: true, goog:chromeOptions: {debuggerAddress: localhost:55962}, javascriptEnabled: true, networkConnectionEnabled: false, pageLoadStrategy: normal, platform: WINDOWS, platformName: WINDOWS, proxy: Proxy(), setWindowRect: true, strictFileInteractability: false, timeouts: {implicit: 0, pageLoad: 300000, script: 30000}, unhandledPromptBehavior: dismiss and notify, webauthn:extension:credBlob: true, webauthn:extension:largeBlob: true, webauthn:extension:minPinLength: true, webauthn:extension:prf: true, webauthn:virtualAuthenticators: true}
Session ID: 7e7d5d2bd9866dd81e543090476ff35b
16:54:30.249 INFO  manager.ListenerWD - org.openqa.selenium.ElementNotInteractableException: element not interactable
  (Session info: chrome=120.0.6099.225)
Build info: version: '3.141.59', revision: 'e82be7d358', time: '2018-11-14T08:17:03'
System info: host: 'VITBER', ip: '192.168.68.105', os.name: 'Windows 11', os.arch: 'amd64', os.version: '10.0', java.version: '1.8.0_333'
Driver info: org.openqa.selenium.chrome.ChromeDriver
Capabilities {acceptInsecureCerts: false, browserName: chrome, browserVersion: 120.0.6099.225, chrome: {chromedriverVersion: 120.0.6099.71 (9729082fe617..., userDataDir: C:\Windows\SystemTemp\scope...}, fedcm:accounts: true, goog:chromeOptions: {debuggerAddress: localhost:55962}, javascriptEnabled: true, networkConnectionEnabled: false, pageLoadStrategy: normal, platform: WINDOWS, platformName: WINDOWS, proxy: Proxy(), setWindowRect: true, strictFileInteractability: false, timeouts: {implicit: 0, pageLoad: 300000, script: 30000}, unhandledPromptBehavior: dismiss and notify, webauthn:extension:credBlob: true, webauthn:extension:largeBlob: true, webauthn:extension:minPinLength: true, webauthn:extension:prf: true, webauthn:virtualAuthenticators: true}
Session ID: 7e7d5d2bd9866dd81e543090476ff35b
16:54:30.450 INFO  manager.ListenerWD - This is a link to screenshot with error--->src/test/screenshots/screen3270.png
