18:41:43.921 INFO  manager.ApplicationManager - All tests run in Chrome
18:41:45.522 INFO  manager.ApplicationManager - The link--->https://ilcarro.web.app/search
18:41:45.548 INFO  manager.ListenerWD - Before find element By.xpath: //*[text()=' Logout ']
18:41:55.594 INFO  manager.ListenerWD - Element found success By.xpath: //*[text()=' Logout ']
18:41:55.595 INFO  manager.ListenerWD - Before find element By.xpath: //a[text()=' Log in ']
18:41:55.627 INFO  manager.ListenerWD - Element found success By.xpath: //a[text()=' Log in ']
18:41:55.640 INFO  manager.ListenerWD - start method click [[ChromeDriver: chrome on WINDOWS (3139f427b0df90703f1e43f66af371b0)] -> xpath: //a[text()=' Log in ']]
18:41:55.754 INFO  manager.ListenerWD - done method click on: [[ChromeDriver: chrome on WINDOWS (3139f427b0df90703f1e43f66af371b0)] -> xpath: //a[text()=' Log in ']]
18:41:55.755 INFO  manager.ListenerWD - Before find element By.xpath: //*[@id='email']
18:41:55.791 INFO  manager.ListenerWD - Element found success By.xpath: //*[@id='email']
18:41:55.791 INFO  manager.ListenerWD - start method click [[ChromeDriver: chrome on WINDOWS (3139f427b0df90703f1e43f66af371b0)] -> xpath: //*[@id='email']]
18:41:55.904 INFO  manager.ListenerWD - done method click on: [[ChromeDriver: chrome on WINDOWS (3139f427b0df90703f1e43f66af371b0)] -> xpath: //*[@id='email']]
18:41:56.352 INFO  manager.ListenerWD - Before find element By.xpath: //*[@id='password']
18:41:56.374 INFO  manager.ListenerWD - Element found success By.xpath: //*[@id='password']
18:41:56.374 INFO  manager.ListenerWD - start method click [[ChromeDriver: chrome on WINDOWS (3139f427b0df90703f1e43f66af371b0)] -> xpath: //*[@id='password']]
18:41:56.479 INFO  manager.ListenerWD - done method click on: [[ChromeDriver: chrome on WINDOWS (3139f427b0df90703f1e43f66af371b0)] -> xpath: //*[@id='password']]
18:41:56.802 INFO  manager.ListenerWD - Before find element By.xpath: //*[@type='submit']
18:41:56.832 INFO  manager.ListenerWD - Element found success By.xpath: //*[@type='submit']
18:41:56.833 INFO  manager.ListenerWD - start method click [[ChromeDriver: chrome on WINDOWS (3139f427b0df90703f1e43f66af371b0)] -> xpath: //*[@type='submit']]
18:41:56.892 INFO  manager.ListenerWD - done method click on: [[ChromeDriver: chrome on WINDOWS (3139f427b0df90703f1e43f66af371b0)] -> xpath: //*[@type='submit']]
18:41:56.893 INFO  manager.ListenerWD - Before find element By.xpath: //button[text()='Ok']
18:41:58.760 INFO  manager.ListenerWD - Element found success By.xpath: //button[text()='Ok']
18:41:58.760 INFO  manager.ListenerWD - Before find element By.xpath: //button[text()='Ok']
18:41:58.791 INFO  manager.ListenerWD - Element found success By.xpath: //button[text()='Ok']
18:41:58.792 INFO  manager.ListenerWD - start method click [[ChromeDriver: chrome on WINDOWS (3139f427b0df90703f1e43f66af371b0)] -> xpath: //button[text()='Ok']]
18:41:58.865 INFO  manager.ListenerWD - done method click on: [[ChromeDriver: chrome on WINDOWS (3139f427b0df90703f1e43f66af371b0)] -> xpath: //button[text()='Ok']]
18:41:58.885 INFO  tests.TestBase - test add new car wrong manufacture (empty) started
18:41:58.885 INFO  tests.TestBase - test data: location-'Tel Aviv, Israel', manufacture-'', model-'Sportage', year-'2020', fuel-'Gas',seats-'5', car class-'C', car number-'432-232 +i',price-'50'
18:41:59.394 INFO  manager.ListenerWD - Before find element By.xpath: //a[text()=' Let the car work ']
18:41:59.428 INFO  manager.ListenerWD - Element found success By.xpath: //a[text()=' Let the car work ']
18:41:59.429 INFO  manager.ListenerWD - start method click [[ChromeDriver: chrome on WINDOWS (3139f427b0df90703f1e43f66af371b0)] -> xpath: //a[text()=' Let the car work ']]
18:41:59.542 INFO  manager.ListenerWD - done method click on: [[ChromeDriver: chrome on WINDOWS (3139f427b0df90703f1e43f66af371b0)] -> xpath: //a[text()=' Let the car work ']]
18:41:59.542 INFO  manager.ListenerWD - Before find element By.id: pickUpPlace
18:41:59.582 INFO  manager.ListenerWD - Element found success By.id: pickUpPlace
18:41:59.583 INFO  manager.ListenerWD - start method click [[ChromeDriver: chrome on WINDOWS (3139f427b0df90703f1e43f66af371b0)] -> id: pickUpPlace]
18:41:59.657 INFO  manager.ListenerWD - done method click on: [[ChromeDriver: chrome on WINDOWS (3139f427b0df90703f1e43f66af371b0)] -> id: pickUpPlace]
18:41:59.886 INFO  manager.ListenerWD - Before find element By.cssSelector: div.pac-item
18:42:00.290 INFO  manager.ListenerWD - Element found success By.cssSelector: div.pac-item
18:42:00.290 INFO  manager.ListenerWD - start method click [[ChromeDriver: chrome on WINDOWS (3139f427b0df90703f1e43f66af371b0)] -> css selector: div.pac-item]
18:42:00.374 INFO  manager.ListenerWD - done method click on: [[ChromeDriver: chrome on WINDOWS (3139f427b0df90703f1e43f66af371b0)] -> css selector: div.pac-item]
18:42:00.375 INFO  manager.ListenerWD - Before find element By.id: make
18:42:00.404 INFO  manager.ListenerWD - Element found success By.id: make
18:42:00.405 INFO  manager.ListenerWD - start method click [[ChromeDriver: chrome on WINDOWS (3139f427b0df90703f1e43f66af371b0)] -> id: make]
18:42:00.486 INFO  manager.ListenerWD - done method click on: [[ChromeDriver: chrome on WINDOWS (3139f427b0df90703f1e43f66af371b0)] -> id: make]
18:42:00.720 INFO  manager.ListenerWD - Before find element By.id: model
18:42:00.743 INFO  manager.ListenerWD - Element found success By.id: model
18:42:00.744 INFO  manager.ListenerWD - start method click [[ChromeDriver: chrome on WINDOWS (3139f427b0df90703f1e43f66af371b0)] -> id: model]
18:42:00.819 INFO  manager.ListenerWD - done method click on: [[ChromeDriver: chrome on WINDOWS (3139f427b0df90703f1e43f66af371b0)] -> id: model]
18:42:01.024 INFO  manager.ListenerWD - Before find element By.id: year
18:42:01.058 INFO  manager.ListenerWD - Element found success By.id: year
18:42:01.059 INFO  manager.ListenerWD - start method click [[ChromeDriver: chrome on WINDOWS (3139f427b0df90703f1e43f66af371b0)] -> id: year]
18:42:01.139 INFO  manager.ListenerWD - done method click on: [[ChromeDriver: chrome on WINDOWS (3139f427b0df90703f1e43f66af371b0)] -> id: year]
18:42:01.460 INFO  manager.ListenerWD - Before find element By.id: fuel
18:42:01.491 INFO  manager.ListenerWD - Element found success By.id: fuel
18:42:01.535 INFO  manager.ListenerWD - Before find element By.xpath: .//option[@value = "Gas"]
18:42:01.555 INFO  manager.ListenerWD - Element found success By.xpath: .//option[@value = "Gas"]
18:42:01.569 INFO  manager.ListenerWD - start method click [[[[ChromeDriver: chrome on WINDOWS (3139f427b0df90703f1e43f66af371b0)] -> id: fuel]] -> xpath: .//option[@value = "Gas"]]
18:42:01.623 INFO  manager.ListenerWD - done method click on: [[[[ChromeDriver: chrome on WINDOWS (3139f427b0df90703f1e43f66af371b0)] -> id: fuel]] -> xpath: .//option[@value = "Gas"]]
18:42:01.627 INFO  manager.ListenerWD - Before find element By.id: seats
18:42:01.650 INFO  manager.ListenerWD - Element found success By.id: seats
18:42:01.650 INFO  manager.ListenerWD - start method click [[ChromeDriver: chrome on WINDOWS (3139f427b0df90703f1e43f66af371b0)] -> id: seats]
18:42:01.737 INFO  manager.ListenerWD - done method click on: [[ChromeDriver: chrome on WINDOWS (3139f427b0df90703f1e43f66af371b0)] -> id: seats]
18:42:02.171 INFO  manager.ListenerWD - Before find element By.id: class
18:42:02.206 INFO  manager.ListenerWD - Element found success By.id: class
18:42:02.207 INFO  manager.ListenerWD - start method click [[ChromeDriver: chrome on WINDOWS (3139f427b0df90703f1e43f66af371b0)] -> id: class]
18:42:02.306 INFO  manager.ListenerWD - done method click on: [[ChromeDriver: chrome on WINDOWS (3139f427b0df90703f1e43f66af371b0)] -> id: class]
18:42:02.636 INFO  manager.ListenerWD - Before find element By.id: serialNumber
18:42:02.661 INFO  manager.ListenerWD - Element found success By.id: serialNumber
18:42:02.662 INFO  manager.ListenerWD - start method click [[ChromeDriver: chrome on WINDOWS (3139f427b0df90703f1e43f66af371b0)] -> id: serialNumber]
18:42:02.756 INFO  manager.ListenerWD - done method click on: [[ChromeDriver: chrome on WINDOWS (3139f427b0df90703f1e43f66af371b0)] -> id: serialNumber]
18:42:03.100 INFO  manager.ListenerWD - Before find element By.id: price
18:42:03.128 INFO  manager.ListenerWD - Element found success By.id: price
18:42:03.129 INFO  manager.ListenerWD - start method click [[ChromeDriver: chrome on WINDOWS (3139f427b0df90703f1e43f66af371b0)] -> id: price]
18:42:03.235 INFO  manager.ListenerWD - done method click on: [[ChromeDriver: chrome on WINDOWS (3139f427b0df90703f1e43f66af371b0)] -> id: price]
18:42:03.611 INFO  manager.ListenerWD - Before find element By.id: about
18:42:03.643 INFO  manager.ListenerWD - Element found success By.id: about
18:42:03.644 INFO  manager.ListenerWD - start method click [[ChromeDriver: chrome on WINDOWS (3139f427b0df90703f1e43f66af371b0)] -> id: about]
18:42:03.714 INFO  manager.ListenerWD - done method click on: [[ChromeDriver: chrome on WINDOWS (3139f427b0df90703f1e43f66af371b0)] -> id: about]
18:42:03.828 INFO  manager.ListenerWD - Before find element By.xpath: //*[@type='submit']
18:42:03.860 INFO  manager.ListenerWD - Element found success By.xpath: //*[@type='submit']
18:42:03.860 INFO  manager.ListenerWD - start method click [[ChromeDriver: chrome on WINDOWS (3139f427b0df90703f1e43f66af371b0)] -> xpath: //*[@type='submit']]
18:42:03.928 INFO  manager.ListenerWD - done method click on: [[ChromeDriver: chrome on WINDOWS (3139f427b0df90703f1e43f66af371b0)] -> xpath: //*[@type='submit']]
18:42:03.928 INFO  manager.ListenerWD - Before find element By.xpath: //*[contains(text(),'Make is required')]
18:42:03.953 INFO  manager.ListenerWD - Element found success By.xpath: //*[contains(text(),'Make is required')]
18:42:03.957 INFO  tests.TestBase - assert check message 'Make is required'
18:42:03.963 INFO  manager.ListenerWD - Before find element By.xpath: //button[text()='Search cars']
18:42:14.035 INFO  manager.ListenerWD - Houston we have a problem!
18:42:14.035 INFO  manager.ListenerWD - no such element: Unable to locate element: {"method":"xpath","selector":"//button[text()='Search cars']"}
  (Session info: chrome=120.0.6099.225)
For documentation on this error, please visit: https://www.seleniumhq.org/exceptions/no_such_element.html
Build info: version: '3.141.59', revision: 'e82be7d358', time: '2018-11-14T08:17:03'
System info: host: 'VITBER', ip: '192.168.68.105', os.name: 'Windows 11', os.arch: 'amd64', os.version: '10.0', java.version: '1.8.0_333'
Driver info: org.openqa.selenium.chrome.ChromeDriver
Capabilities {acceptInsecureCerts: false, browserName: chrome, browserVersion: 120.0.6099.225, chrome: {chromedriverVersion: 120.0.6099.71 (9729082fe617..., userDataDir: C:\Windows\SystemTemp\scope...}, fedcm:accounts: true, goog:chromeOptions: {debuggerAddress: localhost:50099}, javascriptEnabled: true, networkConnectionEnabled: false, pageLoadStrategy: normal, platform: WINDOWS, platformName: WINDOWS, proxy: Proxy(), setWindowRect: true, strictFileInteractability: false, timeouts: {implicit: 0, pageLoad: 300000, script: 30000}, unhandledPromptBehavior: dismiss and notify, webauthn:extension:credBlob: true, webauthn:extension:largeBlob: true, webauthn:extension:minPinLength: true, webauthn:extension:prf: true, webauthn:virtualAuthenticators: true}
Session ID: 3139f427b0df90703f1e43f66af371b0
*** Element info: {Using=xpath, value=//button[text()='Search cars']}
18:42:14.035 INFO  manager.ListenerWD - org.openqa.selenium.NoSuchElementException: no such element: Unable to locate element: {"method":"xpath","selector":"//button[text()='Search cars']"}
  (Session info: chrome=120.0.6099.225)
For documentation on this error, please visit: https://www.seleniumhq.org/exceptions/no_such_element.html
Build info: version: '3.141.59', revision: 'e82be7d358', time: '2018-11-14T08:17:03'
System info: host: 'VITBER', ip: '192.168.68.105', os.name: 'Windows 11', os.arch: 'amd64', os.version: '10.0', java.version: '1.8.0_333'
Driver info: org.openqa.selenium.chrome.ChromeDriver
Capabilities {acceptInsecureCerts: false, browserName: chrome, browserVersion: 120.0.6099.225, chrome: {chromedriverVersion: 120.0.6099.71 (9729082fe617..., userDataDir: C:\Windows\SystemTemp\scope...}, fedcm:accounts: true, goog:chromeOptions: {debuggerAddress: localhost:50099}, javascriptEnabled: true, networkConnectionEnabled: false, pageLoadStrategy: normal, platform: WINDOWS, platformName: WINDOWS, proxy: Proxy(), setWindowRect: true, strictFileInteractability: false, timeouts: {implicit: 0, pageLoad: 300000, script: 30000}, unhandledPromptBehavior: dismiss and notify, webauthn:extension:credBlob: true, webauthn:extension:largeBlob: true, webauthn:extension:minPinLength: true, webauthn:extension:prf: true, webauthn:virtualAuthenticators: true}
Session ID: 3139f427b0df90703f1e43f66af371b0
*** Element info: {Using=xpath, value=//button[text()='Search cars']}
18:42:14.206 INFO  manager.ListenerWD - This is a link to screenshot with error--->src/test/screenshots/screen2534.png
