16:39:15.327 INFO  manager.ApplicationManager - All tests run in Chrome
16:39:16.508 INFO  manager.ApplicationManager - The link--->https://ilcarro.web.app/search
16:39:16.523 INFO  manager.ListenerWD - Before find element By.xpath: //*[text()=' Logout ']
16:39:26.582 INFO  manager.ListenerWD - Element found success By.xpath: //*[text()=' Logout ']
16:39:26.583 INFO  manager.ListenerWD - Before find element By.xpath: //a[text()=' Log in ']
16:39:26.601 INFO  manager.ListenerWD - Element found success By.xpath: //a[text()=' Log in ']
16:39:26.605 INFO  manager.ListenerWD - start method click [[ChromeDriver: chrome on WINDOWS (ea4dbd35d81c9752d25fcbf19469f3a9)] -> xpath: //a[text()=' Log in ']]
16:39:26.677 INFO  manager.ListenerWD - done method click on: [[ChromeDriver: chrome on WINDOWS (ea4dbd35d81c9752d25fcbf19469f3a9)] -> xpath: //a[text()=' Log in ']]
16:39:26.677 INFO  manager.ListenerWD - Before find element By.xpath: //*[@id='email']
16:39:26.699 INFO  manager.ListenerWD - Element found success By.xpath: //*[@id='email']
16:39:26.700 INFO  manager.ListenerWD - start method click [[ChromeDriver: chrome on WINDOWS (ea4dbd35d81c9752d25fcbf19469f3a9)] -> xpath: //*[@id='email']]
16:39:26.766 INFO  manager.ListenerWD - done method click on: [[ChromeDriver: chrome on WINDOWS (ea4dbd35d81c9752d25fcbf19469f3a9)] -> xpath: //*[@id='email']]
16:39:26.955 INFO  manager.ListenerWD - Before find element By.xpath: //*[@id='password']
16:39:26.981 INFO  manager.ListenerWD - Element found success By.xpath: //*[@id='password']
16:39:26.982 INFO  manager.ListenerWD - start method click [[ChromeDriver: chrome on WINDOWS (ea4dbd35d81c9752d25fcbf19469f3a9)] -> xpath: //*[@id='password']]
16:39:27.029 INFO  manager.ListenerWD - done method click on: [[ChromeDriver: chrome on WINDOWS (ea4dbd35d81c9752d25fcbf19469f3a9)] -> xpath: //*[@id='password']]
16:39:27.175 INFO  manager.ListenerWD - Before find element By.xpath: //*[@type='submit']
16:39:27.196 INFO  manager.ListenerWD - Element found success By.xpath: //*[@type='submit']
16:39:27.196 INFO  manager.ListenerWD - start method click [[ChromeDriver: chrome on WINDOWS (ea4dbd35d81c9752d25fcbf19469f3a9)] -> xpath: //*[@type='submit']]
16:39:27.234 INFO  manager.ListenerWD - done method click on: [[ChromeDriver: chrome on WINDOWS (ea4dbd35d81c9752d25fcbf19469f3a9)] -> xpath: //*[@type='submit']]
16:39:27.234 INFO  manager.ListenerWD - Before find element By.xpath: //button[text()='Ok']
16:39:28.147 INFO  manager.ListenerWD - Element found success By.xpath: //button[text()='Ok']
16:39:28.148 INFO  manager.ListenerWD - Before find element By.xpath: //button[text()='Ok']
16:39:28.167 INFO  manager.ListenerWD - Element found success By.xpath: //button[text()='Ok']
16:39:28.167 INFO  manager.ListenerWD - start method click [[ChromeDriver: chrome on WINDOWS (ea4dbd35d81c9752d25fcbf19469f3a9)] -> xpath: //button[text()='Ok']]
16:39:28.217 INFO  manager.ListenerWD - done method click on: [[ChromeDriver: chrome on WINDOWS (ea4dbd35d81c9752d25fcbf19469f3a9)] -> xpath: //button[text()='Ok']]
16:39:28.226 INFO  tests.TestBase - test add new car wrong location (empty) started
16:39:28.227 INFO  tests.TestBase - test data: location-'', manufacture-'Kia', model-'Sportage', year-'2020', fuel-'Gas',seats-'5', car class-'C', car number-'432-232 +i',price-'50'
16:39:28.741 INFO  manager.ListenerWD - Before find element By.xpath: //a[text()=' Let the car work ']
16:39:28.779 INFO  manager.ListenerWD - Element found success By.xpath: //a[text()=' Let the car work ']
16:39:28.779 INFO  manager.ListenerWD - start method click [[ChromeDriver: chrome on WINDOWS (ea4dbd35d81c9752d25fcbf19469f3a9)] -> xpath: //a[text()=' Let the car work ']]
16:39:28.841 INFO  manager.ListenerWD - done method click on: [[ChromeDriver: chrome on WINDOWS (ea4dbd35d81c9752d25fcbf19469f3a9)] -> xpath: //a[text()=' Let the car work ']]
16:39:28.841 INFO  manager.ListenerWD - Before find element By.id: pickUpPlace
16:39:28.864 INFO  manager.ListenerWD - Element found success By.id: pickUpPlace
16:39:28.865 INFO  manager.ListenerWD - start method click [[ChromeDriver: chrome on WINDOWS (ea4dbd35d81c9752d25fcbf19469f3a9)] -> id: pickUpPlace]
16:39:28.911 INFO  manager.ListenerWD - done method click on: [[ChromeDriver: chrome on WINDOWS (ea4dbd35d81c9752d25fcbf19469f3a9)] -> id: pickUpPlace]
16:39:29.052 INFO  manager.ListenerWD - Before find element By.cssSelector: div.pac-item
16:39:39.125 INFO  manager.ListenerWD - Houston we have a problem!
16:39:39.125 INFO  manager.ListenerWD - no such element: Unable to locate element: {"method":"css selector","selector":"div.pac-item"}
  (Session info: chrome=120.0.6099.225)
For documentation on this error, please visit: https://www.seleniumhq.org/exceptions/no_such_element.html
Build info: version: '3.141.59', revision: 'e82be7d358', time: '2018-11-14T08:17:03'
System info: host: 'VITBER', ip: '192.168.68.105', os.name: 'Windows 11', os.arch: 'amd64', os.version: '10.0', java.version: '1.8.0_333'
Driver info: org.openqa.selenium.chrome.ChromeDriver
Capabilities {acceptInsecureCerts: false, browserName: chrome, browserVersion: 120.0.6099.225, chrome: {chromedriverVersion: 120.0.6099.71 (9729082fe617..., userDataDir: C:\Windows\SystemTemp\scope...}, fedcm:accounts: true, goog:chromeOptions: {debuggerAddress: localhost:51577}, javascriptEnabled: true, networkConnectionEnabled: false, pageLoadStrategy: normal, platform: WINDOWS, platformName: WINDOWS, proxy: Proxy(), setWindowRect: true, strictFileInteractability: false, timeouts: {implicit: 0, pageLoad: 300000, script: 30000}, unhandledPromptBehavior: dismiss and notify, webauthn:extension:credBlob: true, webauthn:extension:largeBlob: true, webauthn:extension:minPinLength: true, webauthn:extension:prf: true, webauthn:virtualAuthenticators: true}
Session ID: ea4dbd35d81c9752d25fcbf19469f3a9
*** Element info: {Using=css selector, value=div.pac-item}
16:39:39.128 INFO  manager.ListenerWD - org.openqa.selenium.NoSuchElementException: no such element: Unable to locate element: {"method":"css selector","selector":"div.pac-item"}
  (Session info: chrome=120.0.6099.225)
For documentation on this error, please visit: https://www.seleniumhq.org/exceptions/no_such_element.html
Build info: version: '3.141.59', revision: 'e82be7d358', time: '2018-11-14T08:17:03'
System info: host: 'VITBER', ip: '192.168.68.105', os.name: 'Windows 11', os.arch: 'amd64', os.version: '10.0', java.version: '1.8.0_333'
Driver info: org.openqa.selenium.chrome.ChromeDriver
Capabilities {acceptInsecureCerts: false, browserName: chrome, browserVersion: 120.0.6099.225, chrome: {chromedriverVersion: 120.0.6099.71 (9729082fe617..., userDataDir: C:\Windows\SystemTemp\scope...}, fedcm:accounts: true, goog:chromeOptions: {debuggerAddress: localhost:51577}, javascriptEnabled: true, networkConnectionEnabled: false, pageLoadStrategy: normal, platform: WINDOWS, platformName: WINDOWS, proxy: Proxy(), setWindowRect: true, strictFileInteractability: false, timeouts: {implicit: 0, pageLoad: 300000, script: 30000}, unhandledPromptBehavior: dismiss and notify, webauthn:extension:credBlob: true, webauthn:extension:largeBlob: true, webauthn:extension:minPinLength: true, webauthn:extension:prf: true, webauthn:virtualAuthenticators: true}
Session ID: ea4dbd35d81c9752d25fcbf19469f3a9
*** Element info: {Using=css selector, value=div.pac-item}
16:39:39.276 INFO  manager.ListenerWD - This is a link to screenshot with error--->src/test/screenshots/screen2379.png
16:39:39.281 INFO  manager.ListenerWD - Before find element By.xpath: //button[text()='Search cars']
16:39:49.341 INFO  manager.ListenerWD - Houston we have a problem!
16:39:49.342 INFO  manager.ListenerWD - no such element: Unable to locate element: {"method":"xpath","selector":"//button[text()='Search cars']"}
  (Session info: chrome=120.0.6099.225)
For documentation on this error, please visit: https://www.seleniumhq.org/exceptions/no_such_element.html
Build info: version: '3.141.59', revision: 'e82be7d358', time: '2018-11-14T08:17:03'
System info: host: 'VITBER', ip: '192.168.68.105', os.name: 'Windows 11', os.arch: 'amd64', os.version: '10.0', java.version: '1.8.0_333'
Driver info: org.openqa.selenium.chrome.ChromeDriver
Capabilities {acceptInsecureCerts: false, browserName: chrome, browserVersion: 120.0.6099.225, chrome: {chromedriverVersion: 120.0.6099.71 (9729082fe617..., userDataDir: C:\Windows\SystemTemp\scope...}, fedcm:accounts: true, goog:chromeOptions: {debuggerAddress: localhost:51577}, javascriptEnabled: true, networkConnectionEnabled: false, pageLoadStrategy: normal, platform: WINDOWS, platformName: WINDOWS, proxy: Proxy(), setWindowRect: true, strictFileInteractability: false, timeouts: {implicit: 0, pageLoad: 300000, script: 30000}, unhandledPromptBehavior: dismiss and notify, webauthn:extension:credBlob: true, webauthn:extension:largeBlob: true, webauthn:extension:minPinLength: true, webauthn:extension:prf: true, webauthn:virtualAuthenticators: true}
Session ID: ea4dbd35d81c9752d25fcbf19469f3a9
*** Element info: {Using=xpath, value=//button[text()='Search cars']}
16:39:49.343 INFO  manager.ListenerWD - org.openqa.selenium.NoSuchElementException: no such element: Unable to locate element: {"method":"xpath","selector":"//button[text()='Search cars']"}
  (Session info: chrome=120.0.6099.225)
For documentation on this error, please visit: https://www.seleniumhq.org/exceptions/no_such_element.html
Build info: version: '3.141.59', revision: 'e82be7d358', time: '2018-11-14T08:17:03'
System info: host: 'VITBER', ip: '192.168.68.105', os.name: 'Windows 11', os.arch: 'amd64', os.version: '10.0', java.version: '1.8.0_333'
Driver info: org.openqa.selenium.chrome.ChromeDriver
Capabilities {acceptInsecureCerts: false, browserName: chrome, browserVersion: 120.0.6099.225, chrome: {chromedriverVersion: 120.0.6099.71 (9729082fe617..., userDataDir: C:\Windows\SystemTemp\scope...}, fedcm:accounts: true, goog:chromeOptions: {debuggerAddress: localhost:51577}, javascriptEnabled: true, networkConnectionEnabled: false, pageLoadStrategy: normal, platform: WINDOWS, platformName: WINDOWS, proxy: Proxy(), setWindowRect: true, strictFileInteractability: false, timeouts: {implicit: 0, pageLoad: 300000, script: 30000}, unhandledPromptBehavior: dismiss and notify, webauthn:extension:credBlob: true, webauthn:extension:largeBlob: true, webauthn:extension:minPinLength: true, webauthn:extension:prf: true, webauthn:virtualAuthenticators: true}
Session ID: ea4dbd35d81c9752d25fcbf19469f3a9
*** Element info: {Using=xpath, value=//button[text()='Search cars']}
16:39:49.469 INFO  manager.ListenerWD - This is a link to screenshot with error--->src/test/screenshots/screen2389.png
