19:04:05.282 INFO  manager.ApplicationManager - All tests run in Chrome
19:04:06.420 INFO  manager.ApplicationManager - The link--->https://ilcarro.web.app/search
19:04:06.433 INFO  manager.ListenerWD - Before find element By.xpath: //*[text()=' Logout ']
19:04:16.500 INFO  manager.ListenerWD - Element found success By.xpath: //*[text()=' Logout ']
19:04:16.502 INFO  manager.ListenerWD - Before find element By.xpath: //a[text()=' Log in ']
19:04:16.532 INFO  manager.ListenerWD - Element found success By.xpath: //a[text()=' Log in ']
19:04:16.542 INFO  manager.ListenerWD - start method click [[ChromeDriver: chrome on WINDOWS (006a710ec07ef9e2f565d1afa8cea231)] -> xpath: //a[text()=' Log in ']]
19:04:16.633 INFO  manager.ListenerWD - done method click on: [[ChromeDriver: chrome on WINDOWS (006a710ec07ef9e2f565d1afa8cea231)] -> xpath: //a[text()=' Log in ']]
19:04:16.633 INFO  manager.ListenerWD - Before find element By.xpath: //*[@id='email']
19:04:16.664 INFO  manager.ListenerWD - Element found success By.xpath: //*[@id='email']
19:04:16.665 INFO  manager.ListenerWD - start method click [[ChromeDriver: chrome on WINDOWS (006a710ec07ef9e2f565d1afa8cea231)] -> xpath: //*[@id='email']]
19:04:16.701 INFO  manager.ListenerWD - done method click on: [[ChromeDriver: chrome on WINDOWS (006a710ec07ef9e2f565d1afa8cea231)] -> xpath: //*[@id='email']]
19:04:16.901 INFO  manager.ListenerWD - Before find element By.xpath: //*[@id='password']
19:04:16.924 INFO  manager.ListenerWD - Element found success By.xpath: //*[@id='password']
19:04:16.925 INFO  manager.ListenerWD - start method click [[ChromeDriver: chrome on WINDOWS (006a710ec07ef9e2f565d1afa8cea231)] -> xpath: //*[@id='password']]
19:04:16.957 INFO  manager.ListenerWD - done method click on: [[ChromeDriver: chrome on WINDOWS (006a710ec07ef9e2f565d1afa8cea231)] -> xpath: //*[@id='password']]
19:04:17.092 INFO  manager.ListenerWD - Before find element By.xpath: //*[@type='submit']
19:04:17.111 INFO  manager.ListenerWD - Element found success By.xpath: //*[@type='submit']
19:04:17.113 INFO  manager.ListenerWD - start method click [[ChromeDriver: chrome on WINDOWS (006a710ec07ef9e2f565d1afa8cea231)] -> xpath: //*[@type='submit']]
19:04:17.148 INFO  manager.ListenerWD - done method click on: [[ChromeDriver: chrome on WINDOWS (006a710ec07ef9e2f565d1afa8cea231)] -> xpath: //*[@type='submit']]
19:04:17.148 INFO  manager.ListenerWD - Before find element By.xpath: //button[text()='Ok']
19:04:18.105 INFO  manager.ListenerWD - Element found success By.xpath: //button[text()='Ok']
19:04:18.105 INFO  manager.ListenerWD - Before find element By.xpath: //button[text()='Ok']
19:04:18.122 INFO  manager.ListenerWD - Element found success By.xpath: //button[text()='Ok']
19:04:18.123 INFO  manager.ListenerWD - start method click [[ChromeDriver: chrome on WINDOWS (006a710ec07ef9e2f565d1afa8cea231)] -> xpath: //button[text()='Ok']]
19:04:18.156 INFO  manager.ListenerWD - done method click on: [[ChromeDriver: chrome on WINDOWS (006a710ec07ef9e2f565d1afa8cea231)] -> xpath: //button[text()='Ok']]
19:04:18.166 INFO  tests.TestBase - test add new car wrong location (empty) started
19:04:18.166 INFO  tests.TestBase - test data: location-'', manufacture-'Kia', model-'Sportage', year-'2020', fuel-'Gas',seats-'5', car class-'C', car number-'432-232 +i',price-'50'
19:04:18.674 INFO  manager.ListenerWD - Before find element By.xpath: //a[text()=' Let the car work ']
19:04:18.711 INFO  manager.ListenerWD - Element found success By.xpath: //a[text()=' Let the car work ']
19:04:18.712 INFO  manager.ListenerWD - start method click [[ChromeDriver: chrome on WINDOWS (006a710ec07ef9e2f565d1afa8cea231)] -> xpath: //a[text()=' Let the car work ']]
19:04:18.770 INFO  manager.ListenerWD - done method click on: [[ChromeDriver: chrome on WINDOWS (006a710ec07ef9e2f565d1afa8cea231)] -> xpath: //a[text()=' Let the car work ']]
19:04:18.771 INFO  manager.ListenerWD - Before find element By.id: pickUpPlace
19:04:18.793 INFO  manager.ListenerWD - Element found success By.id: pickUpPlace
19:04:18.793 INFO  manager.ListenerWD - start method click [[ChromeDriver: chrome on WINDOWS (006a710ec07ef9e2f565d1afa8cea231)] -> id: pickUpPlace]
19:04:18.825 INFO  manager.ListenerWD - done method click on: [[ChromeDriver: chrome on WINDOWS (006a710ec07ef9e2f565d1afa8cea231)] -> id: pickUpPlace]
19:04:18.947 INFO  manager.ListenerWD - Before find element By.cssSelector: div.pac-item
19:04:29.005 INFO  manager.ListenerWD - Houston we have a problem!
19:04:29.006 INFO  manager.ListenerWD - no such element: Unable to locate element: {"method":"css selector","selector":"div.pac-item"}
  (Session info: chrome=120.0.6099.225)
For documentation on this error, please visit: https://www.seleniumhq.org/exceptions/no_such_element.html
Build info: version: '3.141.59', revision: 'e82be7d358', time: '2018-11-14T08:17:03'
System info: host: 'VITBER', ip: '192.168.68.105', os.name: 'Windows 11', os.arch: 'amd64', os.version: '10.0', java.version: '1.8.0_333'
Driver info: org.openqa.selenium.chrome.ChromeDriver
Capabilities {acceptInsecureCerts: false, browserName: chrome, browserVersion: 120.0.6099.225, chrome: {chromedriverVersion: 120.0.6099.71 (9729082fe617..., userDataDir: C:\Windows\SystemTemp\scope...}, fedcm:accounts: true, goog:chromeOptions: {debuggerAddress: localhost:51161}, javascriptEnabled: true, networkConnectionEnabled: false, pageLoadStrategy: normal, platform: WINDOWS, platformName: WINDOWS, proxy: Proxy(), setWindowRect: true, strictFileInteractability: false, timeouts: {implicit: 0, pageLoad: 300000, script: 30000}, unhandledPromptBehavior: dismiss and notify, webauthn:extension:credBlob: true, webauthn:extension:largeBlob: true, webauthn:extension:minPinLength: true, webauthn:extension:prf: true, webauthn:virtualAuthenticators: true}
Session ID: 006a710ec07ef9e2f565d1afa8cea231
*** Element info: {Using=css selector, value=div.pac-item}
19:04:29.007 INFO  manager.ListenerWD - org.openqa.selenium.NoSuchElementException: no such element: Unable to locate element: {"method":"css selector","selector":"div.pac-item"}
  (Session info: chrome=120.0.6099.225)
For documentation on this error, please visit: https://www.seleniumhq.org/exceptions/no_such_element.html
Build info: version: '3.141.59', revision: 'e82be7d358', time: '2018-11-14T08:17:03'
System info: host: 'VITBER', ip: '192.168.68.105', os.name: 'Windows 11', os.arch: 'amd64', os.version: '10.0', java.version: '1.8.0_333'
Driver info: org.openqa.selenium.chrome.ChromeDriver
Capabilities {acceptInsecureCerts: false, browserName: chrome, browserVersion: 120.0.6099.225, chrome: {chromedriverVersion: 120.0.6099.71 (9729082fe617..., userDataDir: C:\Windows\SystemTemp\scope...}, fedcm:accounts: true, goog:chromeOptions: {debuggerAddress: localhost:51161}, javascriptEnabled: true, networkConnectionEnabled: false, pageLoadStrategy: normal, platform: WINDOWS, platformName: WINDOWS, proxy: Proxy(), setWindowRect: true, strictFileInteractability: false, timeouts: {implicit: 0, pageLoad: 300000, script: 30000}, unhandledPromptBehavior: dismiss and notify, webauthn:extension:credBlob: true, webauthn:extension:largeBlob: true, webauthn:extension:minPinLength: true, webauthn:extension:prf: true, webauthn:virtualAuthenticators: true}
Session ID: 006a710ec07ef9e2f565d1afa8cea231
*** Element info: {Using=css selector, value=div.pac-item}
19:04:29.168 INFO  manager.ListenerWD - This is a link to screenshot with error--->src/test/screenshots/screen269.png
19:04:29.172 INFO  manager.ListenerWD - Before find element By.xpath: //button[text()='Search cars']
19:04:39.247 INFO  manager.ListenerWD - Element found success By.xpath: //button[text()='Search cars']
19:04:39.247 INFO  manager.ListenerWD - Before find element By.cssSelector: a.logo
19:04:39.263 INFO  manager.ListenerWD - Element found success By.cssSelector: a.logo
19:04:39.263 INFO  manager.ListenerWD - start method click [[ChromeDriver: chrome on WINDOWS (006a710ec07ef9e2f565d1afa8cea231)] -> css selector: a.logo]
19:04:39.643 INFO  manager.ListenerWD - done method click on: [[ChromeDriver: chrome on WINDOWS (006a710ec07ef9e2f565d1afa8cea231)] -> css selector: a.logo]
19:04:39.644 INFO  tests.TestBase - ======================================
