17:07:06.146 INFO  manager.ApplicationManager - All tests run in Chrome
17:07:07.808 INFO  manager.ApplicationManager - The link--->https://ilcarro.web.app/search
17:07:07.831 INFO  manager.ListenerWD - Before find element By.xpath: //*[text()=' Logout ']
17:07:17.873 INFO  manager.ListenerWD - Element found success By.xpath: //*[text()=' Logout ']
17:07:17.875 INFO  manager.ListenerWD - Before find element By.xpath: //a[text()=' Log in ']
17:07:17.901 INFO  manager.ListenerWD - Element found success By.xpath: //a[text()=' Log in ']
17:07:17.914 INFO  manager.ListenerWD - start method click [[ChromeDriver: chrome on WINDOWS (fec99051ed39f2d326b263ca8466aa87)] -> xpath: //a[text()=' Log in ']]
17:07:18.035 INFO  manager.ListenerWD - done method click on: [[ChromeDriver: chrome on WINDOWS (fec99051ed39f2d326b263ca8466aa87)] -> xpath: //a[text()=' Log in ']]
17:07:18.036 INFO  manager.ListenerWD - Before find element By.xpath: //*[@id='email']
17:07:18.066 INFO  manager.ListenerWD - Element found success By.xpath: //*[@id='email']
17:07:18.067 INFO  manager.ListenerWD - start method click [[ChromeDriver: chrome on WINDOWS (fec99051ed39f2d326b263ca8466aa87)] -> xpath: //*[@id='email']]
17:07:18.165 INFO  manager.ListenerWD - done method click on: [[ChromeDriver: chrome on WINDOWS (fec99051ed39f2d326b263ca8466aa87)] -> xpath: //*[@id='email']]
17:07:18.636 INFO  manager.ListenerWD - Before find element By.xpath: //*[@id='password']
17:07:18.655 INFO  manager.ListenerWD - Element found success By.xpath: //*[@id='password']
17:07:18.655 INFO  manager.ListenerWD - start method click [[ChromeDriver: chrome on WINDOWS (fec99051ed39f2d326b263ca8466aa87)] -> xpath: //*[@id='password']]
17:07:18.738 INFO  manager.ListenerWD - done method click on: [[ChromeDriver: chrome on WINDOWS (fec99051ed39f2d326b263ca8466aa87)] -> xpath: //*[@id='password']]
17:07:19.066 INFO  manager.ListenerWD - Before find element By.xpath: //*[@type='submit']
17:07:19.090 INFO  manager.ListenerWD - Element found success By.xpath: //*[@type='submit']
17:07:19.091 INFO  manager.ListenerWD - start method click [[ChromeDriver: chrome on WINDOWS (fec99051ed39f2d326b263ca8466aa87)] -> xpath: //*[@type='submit']]
17:07:19.201 INFO  manager.ListenerWD - done method click on: [[ChromeDriver: chrome on WINDOWS (fec99051ed39f2d326b263ca8466aa87)] -> xpath: //*[@type='submit']]
17:07:19.202 INFO  manager.ListenerWD - Before find element By.xpath: //button[text()='Ok']
17:07:21.065 INFO  manager.ListenerWD - Element found success By.xpath: //button[text()='Ok']
17:07:21.066 INFO  manager.ListenerWD - Before find element By.xpath: //button[text()='Ok']
17:07:21.089 INFO  manager.ListenerWD - Element found success By.xpath: //button[text()='Ok']
17:07:21.090 INFO  manager.ListenerWD - start method click [[ChromeDriver: chrome on WINDOWS (fec99051ed39f2d326b263ca8466aa87)] -> xpath: //button[text()='Ok']]
17:07:21.163 INFO  manager.ListenerWD - done method click on: [[ChromeDriver: chrome on WINDOWS (fec99051ed39f2d326b263ca8466aa87)] -> xpath: //button[text()='Ok']]
17:07:21.182 INFO  tests.TestBase - test add new car wrong manufacture (empty) started
17:07:21.182 INFO  tests.TestBase - test data: location-'Tel Aviv, Israel', manufacture-'', model-'Sportage', year-'2020', fuel-'Gas',seats-'5', car class-'C', car number-'432-232 +i',price-'50'
17:07:21.693 INFO  manager.ListenerWD - Before find element By.xpath: //a[text()=' Let the car work ']
17:07:21.725 INFO  manager.ListenerWD - Element found success By.xpath: //a[text()=' Let the car work ']
17:07:21.725 INFO  manager.ListenerWD - start method click [[ChromeDriver: chrome on WINDOWS (fec99051ed39f2d326b263ca8466aa87)] -> xpath: //a[text()=' Let the car work ']]
17:07:21.830 INFO  manager.ListenerWD - done method click on: [[ChromeDriver: chrome on WINDOWS (fec99051ed39f2d326b263ca8466aa87)] -> xpath: //a[text()=' Let the car work ']]
17:07:21.831 INFO  manager.ListenerWD - Before find element By.id: pickUpPlace
17:07:21.862 INFO  manager.ListenerWD - Element found success By.id: pickUpPlace
17:07:21.863 INFO  manager.ListenerWD - start method click [[ChromeDriver: chrome on WINDOWS (fec99051ed39f2d326b263ca8466aa87)] -> id: pickUpPlace]
17:07:21.929 INFO  manager.ListenerWD - done method click on: [[ChromeDriver: chrome on WINDOWS (fec99051ed39f2d326b263ca8466aa87)] -> id: pickUpPlace]
17:07:22.161 INFO  manager.ListenerWD - Before find element By.cssSelector: div.pac-item
17:07:22.554 INFO  manager.ListenerWD - Element found success By.cssSelector: div.pac-item
17:07:22.555 INFO  manager.ListenerWD - start method click [[ChromeDriver: chrome on WINDOWS (fec99051ed39f2d326b263ca8466aa87)] -> css selector: div.pac-item]
17:07:22.621 INFO  manager.ListenerWD - done method click on: [[ChromeDriver: chrome on WINDOWS (fec99051ed39f2d326b263ca8466aa87)] -> css selector: div.pac-item]
17:07:22.622 INFO  manager.ListenerWD - Before find element By.id: make
17:07:22.657 INFO  manager.ListenerWD - Element found success By.id: make
17:07:22.657 INFO  manager.ListenerWD - start method click [[ChromeDriver: chrome on WINDOWS (fec99051ed39f2d326b263ca8466aa87)] -> id: make]
17:07:22.733 INFO  manager.ListenerWD - done method click on: [[ChromeDriver: chrome on WINDOWS (fec99051ed39f2d326b263ca8466aa87)] -> id: make]
17:07:23.080 INFO  manager.ListenerWD - Before find element By.id: model
17:07:23.107 INFO  manager.ListenerWD - Element found success By.id: model
17:07:23.108 INFO  manager.ListenerWD - start method click [[ChromeDriver: chrome on WINDOWS (fec99051ed39f2d326b263ca8466aa87)] -> id: model]
17:07:23.181 INFO  manager.ListenerWD - done method click on: [[ChromeDriver: chrome on WINDOWS (fec99051ed39f2d326b263ca8466aa87)] -> id: model]
17:07:23.480 INFO  manager.ListenerWD - Before find element By.id: year
17:07:23.512 INFO  manager.ListenerWD - Element found success By.id: year
17:07:23.513 INFO  manager.ListenerWD - start method click [[ChromeDriver: chrome on WINDOWS (fec99051ed39f2d326b263ca8466aa87)] -> id: year]
17:07:23.599 INFO  manager.ListenerWD - done method click on: [[ChromeDriver: chrome on WINDOWS (fec99051ed39f2d326b263ca8466aa87)] -> id: year]
17:07:23.952 INFO  manager.ListenerWD - Before find element By.id: fuel
17:07:23.983 INFO  manager.ListenerWD - Element found success By.id: fuel
17:07:24.038 INFO  manager.ListenerWD - Before find element By.xpath: .//option[@value = "Gas"]
17:07:24.062 INFO  manager.ListenerWD - Element found success By.xpath: .//option[@value = "Gas"]
17:07:24.078 INFO  manager.ListenerWD - start method click [[[[ChromeDriver: chrome on WINDOWS (fec99051ed39f2d326b263ca8466aa87)] -> id: fuel]] -> xpath: .//option[@value = "Gas"]]
17:07:24.119 INFO  manager.ListenerWD - done method click on: [[[[ChromeDriver: chrome on WINDOWS (fec99051ed39f2d326b263ca8466aa87)] -> id: fuel]] -> xpath: .//option[@value = "Gas"]]
17:07:24.122 INFO  manager.ListenerWD - Before find element By.id: seats
17:07:24.152 INFO  manager.ListenerWD - Element found success By.id: seats
17:07:24.153 INFO  manager.ListenerWD - start method click [[ChromeDriver: chrome on WINDOWS (fec99051ed39f2d326b263ca8466aa87)] -> id: seats]
17:07:24.217 INFO  manager.ListenerWD - done method click on: [[ChromeDriver: chrome on WINDOWS (fec99051ed39f2d326b263ca8466aa87)] -> id: seats]
17:07:24.534 INFO  manager.ListenerWD - Before find element By.id: class
17:07:24.560 INFO  manager.ListenerWD - Element found success By.id: class
17:07:24.562 INFO  manager.ListenerWD - start method click [[ChromeDriver: chrome on WINDOWS (fec99051ed39f2d326b263ca8466aa87)] -> id: class]
17:07:24.648 INFO  manager.ListenerWD - done method click on: [[ChromeDriver: chrome on WINDOWS (fec99051ed39f2d326b263ca8466aa87)] -> id: class]
17:07:24.930 INFO  manager.ListenerWD - Before find element By.id: serialNumber
17:07:24.965 INFO  manager.ListenerWD - Element found success By.id: serialNumber
17:07:24.966 INFO  manager.ListenerWD - start method click [[ChromeDriver: chrome on WINDOWS (fec99051ed39f2d326b263ca8466aa87)] -> id: serialNumber]
17:07:25.060 INFO  manager.ListenerWD - done method click on: [[ChromeDriver: chrome on WINDOWS (fec99051ed39f2d326b263ca8466aa87)] -> id: serialNumber]
17:07:25.395 INFO  manager.ListenerWD - Before find element By.id: price
17:07:25.430 INFO  manager.ListenerWD - Element found success By.id: price
17:07:25.431 INFO  manager.ListenerWD - start method click [[ChromeDriver: chrome on WINDOWS (fec99051ed39f2d326b263ca8466aa87)] -> id: price]
17:07:25.531 INFO  manager.ListenerWD - done method click on: [[ChromeDriver: chrome on WINDOWS (fec99051ed39f2d326b263ca8466aa87)] -> id: price]
17:07:25.945 INFO  manager.ListenerWD - Before find element By.id: about
17:07:25.977 INFO  manager.ListenerWD - Element found success By.id: about
17:07:25.978 INFO  manager.ListenerWD - start method click [[ChromeDriver: chrome on WINDOWS (fec99051ed39f2d326b263ca8466aa87)] -> id: about]
17:07:26.070 INFO  manager.ListenerWD - done method click on: [[ChromeDriver: chrome on WINDOWS (fec99051ed39f2d326b263ca8466aa87)] -> id: about]
17:07:26.249 INFO  manager.ListenerWD - Before find element By.xpath: //*[@type='submit']
17:07:26.266 INFO  manager.ListenerWD - Element found success By.xpath: //*[@type='submit']
17:07:26.267 INFO  manager.ListenerWD - start method click [[ChromeDriver: chrome on WINDOWS (fec99051ed39f2d326b263ca8466aa87)] -> xpath: //*[@type='submit']]
17:07:26.342 INFO  manager.ListenerWD - done method click on: [[ChromeDriver: chrome on WINDOWS (fec99051ed39f2d326b263ca8466aa87)] -> xpath: //*[@type='submit']]
17:07:26.343 INFO  manager.ListenerWD - Before find element By.xpath: //*[contains(text(),'Make is required')]
17:07:26.374 INFO  manager.ListenerWD - Element found success By.xpath: //*[contains(text(),'Make is required')]
17:07:26.378 INFO  tests.TestBase - assert check message 'Make is required'
17:07:26.383 INFO  manager.ListenerWD - Before find element By.xpath: //*[contains(text(),'is required')
17:07:26.437 INFO  manager.ListenerWD - Houston we have a problem!
17:07:26.438 INFO  manager.ListenerWD - invalid selector: Unable to locate an element with the xpath expression //*[contains(text(),'is required') because of the following error:
SyntaxError: Failed to execute 'evaluate' on 'Document': The string '//*[contains(text(),'is required')' is not a valid XPath expression.
  (Session info: chrome=120.0.6099.225)
For documentation on this error, please visit: https://www.seleniumhq.org/exceptions/invalid_selector_exception.html
Build info: version: '3.141.59', revision: 'e82be7d358', time: '2018-11-14T08:17:03'
System info: host: 'VITBER', ip: '192.168.68.105', os.name: 'Windows 11', os.arch: 'amd64', os.version: '10.0', java.version: '1.8.0_333'
Driver info: org.openqa.selenium.chrome.ChromeDriver
Capabilities {acceptInsecureCerts: false, browserName: chrome, browserVersion: 120.0.6099.225, chrome: {chromedriverVersion: 120.0.6099.71 (9729082fe617..., userDataDir: C:\Windows\SystemTemp\scope...}, fedcm:accounts: true, goog:chromeOptions: {debuggerAddress: localhost:56639}, javascriptEnabled: true, networkConnectionEnabled: false, pageLoadStrategy: normal, platform: WINDOWS, platformName: WINDOWS, proxy: Proxy(), setWindowRect: true, strictFileInteractability: false, timeouts: {implicit: 0, pageLoad: 300000, script: 30000}, unhandledPromptBehavior: dismiss and notify, webauthn:extension:credBlob: true, webauthn:extension:largeBlob: true, webauthn:extension:minPinLength: true, webauthn:extension:prf: true, webauthn:virtualAuthenticators: true}
Session ID: fec99051ed39f2d326b263ca8466aa87
*** Element info: {Using=xpath, value=//*[contains(text(),'is required')}
17:07:26.438 INFO  manager.ListenerWD - org.openqa.selenium.InvalidSelectorException: invalid selector: Unable to locate an element with the xpath expression //*[contains(text(),'is required') because of the following error:
SyntaxError: Failed to execute 'evaluate' on 'Document': The string '//*[contains(text(),'is required')' is not a valid XPath expression.
  (Session info: chrome=120.0.6099.225)
For documentation on this error, please visit: https://www.seleniumhq.org/exceptions/invalid_selector_exception.html
Build info: version: '3.141.59', revision: 'e82be7d358', time: '2018-11-14T08:17:03'
System info: host: 'VITBER', ip: '192.168.68.105', os.name: 'Windows 11', os.arch: 'amd64', os.version: '10.0', java.version: '1.8.0_333'
Driver info: org.openqa.selenium.chrome.ChromeDriver
Capabilities {acceptInsecureCerts: false, browserName: chrome, browserVersion: 120.0.6099.225, chrome: {chromedriverVersion: 120.0.6099.71 (9729082fe617..., userDataDir: C:\Windows\SystemTemp\scope...}, fedcm:accounts: true, goog:chromeOptions: {debuggerAddress: localhost:56639}, javascriptEnabled: true, networkConnectionEnabled: false, pageLoadStrategy: normal, platform: WINDOWS, platformName: WINDOWS, proxy: Proxy(), setWindowRect: true, strictFileInteractability: false, timeouts: {implicit: 0, pageLoad: 300000, script: 30000}, unhandledPromptBehavior: dismiss and notify, webauthn:extension:credBlob: true, webauthn:extension:largeBlob: true, webauthn:extension:minPinLength: true, webauthn:extension:prf: true, webauthn:virtualAuthenticators: true}
Session ID: fec99051ed39f2d326b263ca8466aa87
*** Element info: {Using=xpath, value=//*[contains(text(),'is required')}
17:07:26.605 INFO  manager.ListenerWD - This is a link to screenshot with error--->src/test/screenshots/screen446.png
