16:57:18.568 INFO  manager.ApplicationManager - All tests run in Chrome
16:57:20.605 INFO  manager.ApplicationManager - The link--->https://ilcarro.web.app/search
16:57:20.627 INFO  manager.ListenerWD - Before find element By.xpath: //*[text()=' Logout ']
16:57:30.715 INFO  manager.ListenerWD - Element found success By.xpath: //*[text()=' Logout ']
16:57:30.717 INFO  manager.ListenerWD - Before find element By.xpath: //a[text()=' Log in ']
16:57:30.743 INFO  manager.ListenerWD - Element found success By.xpath: //a[text()=' Log in ']
16:57:30.755 INFO  manager.ListenerWD - start method click [[ChromeDriver: chrome on WINDOWS (7bd69cc275f86a6f0c1cf11fd8579f00)] -> xpath: //a[text()=' Log in ']]
16:57:30.846 INFO  manager.ListenerWD - done method click on: [[ChromeDriver: chrome on WINDOWS (7bd69cc275f86a6f0c1cf11fd8579f00)] -> xpath: //a[text()=' Log in ']]
16:57:30.847 INFO  manager.ListenerWD - Before find element By.xpath: //*[@id='email']
16:57:30.877 INFO  manager.ListenerWD - Element found success By.xpath: //*[@id='email']
16:57:30.878 INFO  manager.ListenerWD - start method click [[ChromeDriver: chrome on WINDOWS (7bd69cc275f86a6f0c1cf11fd8579f00)] -> xpath: //*[@id='email']]
16:57:30.971 INFO  manager.ListenerWD - done method click on: [[ChromeDriver: chrome on WINDOWS (7bd69cc275f86a6f0c1cf11fd8579f00)] -> xpath: //*[@id='email']]
16:57:31.404 INFO  manager.ListenerWD - Before find element By.xpath: //*[@id='password']
16:57:31.431 INFO  manager.ListenerWD - Element found success By.xpath: //*[@id='password']
16:57:31.432 INFO  manager.ListenerWD - start method click [[ChromeDriver: chrome on WINDOWS (7bd69cc275f86a6f0c1cf11fd8579f00)] -> xpath: //*[@id='password']]
16:57:31.510 INFO  manager.ListenerWD - done method click on: [[ChromeDriver: chrome on WINDOWS (7bd69cc275f86a6f0c1cf11fd8579f00)] -> xpath: //*[@id='password']]
16:57:31.753 INFO  manager.ListenerWD - Before find element By.xpath: //*[@type='submit']
16:57:31.779 INFO  manager.ListenerWD - Element found success By.xpath: //*[@type='submit']
16:57:31.780 INFO  manager.ListenerWD - start method click [[ChromeDriver: chrome on WINDOWS (7bd69cc275f86a6f0c1cf11fd8579f00)] -> xpath: //*[@type='submit']]
16:57:31.859 INFO  manager.ListenerWD - done method click on: [[ChromeDriver: chrome on WINDOWS (7bd69cc275f86a6f0c1cf11fd8579f00)] -> xpath: //*[@type='submit']]
16:57:31.859 INFO  manager.ListenerWD - Before find element By.xpath: //button[text()='Ok']
16:57:33.343 INFO  manager.ListenerWD - Element found success By.xpath: //button[text()='Ok']
16:57:33.343 INFO  manager.ListenerWD - Before find element By.xpath: //button[text()='Ok']
16:57:33.380 INFO  manager.ListenerWD - Element found success By.xpath: //button[text()='Ok']
16:57:33.380 INFO  manager.ListenerWD - start method click [[ChromeDriver: chrome on WINDOWS (7bd69cc275f86a6f0c1cf11fd8579f00)] -> xpath: //button[text()='Ok']]
16:57:33.453 INFO  manager.ListenerWD - done method click on: [[ChromeDriver: chrome on WINDOWS (7bd69cc275f86a6f0c1cf11fd8579f00)] -> xpath: //button[text()='Ok']]
16:57:33.478 INFO  tests.TestBase - test add new car success started
16:57:33.478 INFO  tests.TestBase - test data: location-'Tel Aviv, Israel', manufacture-'Kia', model-'Sportage', year-'2020', fuel-'Gas',seats-'5', car class-'C', car number-'432-232 +i',price-'50'
16:57:33.982 INFO  manager.ListenerWD - Before find element By.xpath: //a[text()=' Let the car work ']
16:57:34.017 INFO  manager.ListenerWD - Element found success By.xpath: //a[text()=' Let the car work ']
16:57:34.018 INFO  manager.ListenerWD - start method click [[ChromeDriver: chrome on WINDOWS (7bd69cc275f86a6f0c1cf11fd8579f00)] -> xpath: //a[text()=' Let the car work ']]
16:57:34.125 INFO  manager.ListenerWD - done method click on: [[ChromeDriver: chrome on WINDOWS (7bd69cc275f86a6f0c1cf11fd8579f00)] -> xpath: //a[text()=' Let the car work ']]
16:57:34.126 INFO  manager.ListenerWD - Before find element By.id: pickUpPlace
16:57:34.156 INFO  manager.ListenerWD - Element found success By.id: pickUpPlace
16:57:34.156 INFO  manager.ListenerWD - start method click [[ChromeDriver: chrome on WINDOWS (7bd69cc275f86a6f0c1cf11fd8579f00)] -> id: pickUpPlace]
16:57:34.226 INFO  manager.ListenerWD - done method click on: [[ChromeDriver: chrome on WINDOWS (7bd69cc275f86a6f0c1cf11fd8579f00)] -> id: pickUpPlace]
16:57:34.451 INFO  manager.ListenerWD - Before find element By.cssSelector: div.pac-item
16:57:34.745 INFO  manager.ListenerWD - Element found success By.cssSelector: div.pac-item
16:57:34.745 INFO  manager.ListenerWD - start method click [[ChromeDriver: chrome on WINDOWS (7bd69cc275f86a6f0c1cf11fd8579f00)] -> css selector: div.pac-item]
16:57:34.809 INFO  manager.ListenerWD - done method click on: [[ChromeDriver: chrome on WINDOWS (7bd69cc275f86a6f0c1cf11fd8579f00)] -> css selector: div.pac-item]
16:57:34.810 INFO  manager.ListenerWD - Before find element By.id: make
16:57:34.848 INFO  manager.ListenerWD - Element found success By.id: make
16:57:34.849 INFO  manager.ListenerWD - start method click [[ChromeDriver: chrome on WINDOWS (7bd69cc275f86a6f0c1cf11fd8579f00)] -> id: make]
16:57:34.947 INFO  manager.ListenerWD - done method click on: [[ChromeDriver: chrome on WINDOWS (7bd69cc275f86a6f0c1cf11fd8579f00)] -> id: make]
16:57:35.249 INFO  manager.ListenerWD - Before find element By.id: model
16:57:35.287 INFO  manager.ListenerWD - Element found success By.id: model
16:57:35.288 INFO  manager.ListenerWD - start method click [[ChromeDriver: chrome on WINDOWS (7bd69cc275f86a6f0c1cf11fd8579f00)] -> id: model]
16:57:35.392 INFO  manager.ListenerWD - done method click on: [[ChromeDriver: chrome on WINDOWS (7bd69cc275f86a6f0c1cf11fd8579f00)] -> id: model]
16:57:35.682 INFO  manager.ListenerWD - Before find element By.id: year
16:57:35.707 INFO  manager.ListenerWD - Element found success By.id: year
16:57:35.707 INFO  manager.ListenerWD - start method click [[ChromeDriver: chrome on WINDOWS (7bd69cc275f86a6f0c1cf11fd8579f00)] -> id: year]
16:57:35.795 INFO  manager.ListenerWD - done method click on: [[ChromeDriver: chrome on WINDOWS (7bd69cc275f86a6f0c1cf11fd8579f00)] -> id: year]
16:57:36.130 INFO  manager.ListenerWD - Before find element By.id: fuel
16:57:36.156 INFO  manager.ListenerWD - Element found success By.id: fuel
16:57:36.197 INFO  manager.ListenerWD - Before find element By.xpath: .//option[@value = "Gas"]
16:57:36.220 INFO  manager.ListenerWD - Element found success By.xpath: .//option[@value = "Gas"]
16:57:36.236 INFO  manager.ListenerWD - start method click [[[[ChromeDriver: chrome on WINDOWS (7bd69cc275f86a6f0c1cf11fd8579f00)] -> id: fuel]] -> xpath: .//option[@value = "Gas"]]
16:57:36.282 INFO  manager.ListenerWD - done method click on: [[[[ChromeDriver: chrome on WINDOWS (7bd69cc275f86a6f0c1cf11fd8579f00)] -> id: fuel]] -> xpath: .//option[@value = "Gas"]]
16:57:36.283 INFO  manager.ListenerWD - Before find element By.id: seats
16:57:36.315 INFO  manager.ListenerWD - Element found success By.id: seats
16:57:36.316 INFO  manager.ListenerWD - start method click [[ChromeDriver: chrome on WINDOWS (7bd69cc275f86a6f0c1cf11fd8579f00)] -> id: seats]
16:57:36.389 INFO  manager.ListenerWD - done method click on: [[ChromeDriver: chrome on WINDOWS (7bd69cc275f86a6f0c1cf11fd8579f00)] -> id: seats]
16:57:36.815 INFO  manager.ListenerWD - Before find element By.id: class
16:57:36.842 INFO  manager.ListenerWD - Element found success By.id: class
16:57:36.844 INFO  manager.ListenerWD - start method click [[ChromeDriver: chrome on WINDOWS (7bd69cc275f86a6f0c1cf11fd8579f00)] -> id: class]
16:57:36.910 INFO  manager.ListenerWD - done method click on: [[ChromeDriver: chrome on WINDOWS (7bd69cc275f86a6f0c1cf11fd8579f00)] -> id: class]
16:57:37.179 INFO  manager.ListenerWD - Before find element By.id: serialNumber
16:57:37.213 INFO  manager.ListenerWD - Element found success By.id: serialNumber
16:57:37.214 INFO  manager.ListenerWD - start method click [[ChromeDriver: chrome on WINDOWS (7bd69cc275f86a6f0c1cf11fd8579f00)] -> id: serialNumber]
16:57:37.308 INFO  manager.ListenerWD - done method click on: [[ChromeDriver: chrome on WINDOWS (7bd69cc275f86a6f0c1cf11fd8579f00)] -> id: serialNumber]
16:57:37.591 INFO  manager.ListenerWD - Before find element By.id: price
16:57:37.618 INFO  manager.ListenerWD - Element found success By.id: price
16:57:37.620 INFO  manager.ListenerWD - start method click [[ChromeDriver: chrome on WINDOWS (7bd69cc275f86a6f0c1cf11fd8579f00)] -> id: price]
16:57:37.724 INFO  manager.ListenerWD - done method click on: [[ChromeDriver: chrome on WINDOWS (7bd69cc275f86a6f0c1cf11fd8579f00)] -> id: price]
16:57:38.162 INFO  manager.ListenerWD - Before find element By.id: about
16:57:38.191 INFO  manager.ListenerWD - Element found success By.id: about
16:57:38.193 INFO  manager.ListenerWD - start method click [[ChromeDriver: chrome on WINDOWS (7bd69cc275f86a6f0c1cf11fd8579f00)] -> id: about]
16:57:38.291 INFO  manager.ListenerWD - done method click on: [[ChromeDriver: chrome on WINDOWS (7bd69cc275f86a6f0c1cf11fd8579f00)] -> id: about]
16:57:38.420 INFO  manager.ListenerWD - Before find element By.id: photos
16:57:38.436 INFO  manager.ListenerWD - Element found success By.id: photos
16:57:38.484 INFO  manager.ListenerWD - Before find element By.xpath: //*[@type='submit']
16:57:38.514 INFO  manager.ListenerWD - Element found success By.xpath: //*[@type='submit']
16:57:38.515 INFO  manager.ListenerWD - start method click [[ChromeDriver: chrome on WINDOWS (7bd69cc275f86a6f0c1cf11fd8579f00)] -> xpath: //*[@type='submit']]
16:57:38.575 INFO  manager.ListenerWD - done method click on: [[ChromeDriver: chrome on WINDOWS (7bd69cc275f86a6f0c1cf11fd8579f00)] -> xpath: //*[@type='submit']]
16:57:38.576 INFO  manager.ListenerWD - Before find element By.cssSelector: .dialog-container>h2
16:57:39.140 INFO  manager.ListenerWD - Element found success By.cssSelector: .dialog-container>h2
16:57:39.171 INFO  manager.ListenerWD - get text from the element with text: Kia Sportage added successful
16:57:39.212 INFO  manager.ListenerWD - got the text successful: Kia Sportage added successful
16:57:39.219 INFO  manager.ListenerWD - Before find element By.cssSelector: .dialog-container>h2
16:57:39.256 INFO  manager.ListenerWD - Element found success By.cssSelector: .dialog-container>h2
16:57:39.277 INFO  manager.ListenerWD - get text from the element with text: Kia Sportage added successful
16:57:39.324 INFO  manager.ListenerWD - got the text successful: Kia Sportage added successful
16:57:39.325 INFO  tests.TestBase - assert check message 'added successful'
16:57:39.330 INFO  manager.ListenerWD - Before find element By.cssSelector: button[disabled]
16:57:39.362 INFO  manager.ListenerWD - Element found success By.cssSelector: button[disabled]
16:57:39.363 INFO  manager.ListenerWD - Before find element By.cssSelector: button[type='submit']
16:57:39.393 INFO  manager.ListenerWD - Element found success By.cssSelector: button[type='submit']
16:57:39.420 INFO  manager.ListenerWD - Before find element By.xpath: //*[@alt='logo']
16:57:39.455 INFO  manager.ListenerWD - Element found success By.xpath: //*[@alt='logo']
16:57:39.456 INFO  manager.ListenerWD - start method click [[ChromeDriver: chrome on WINDOWS (7bd69cc275f86a6f0c1cf11fd8579f00)] -> xpath: //*[@alt='logo']]
16:57:49.545 INFO  manager.ListenerWD - Houston we have a problem!
16:57:49.545 INFO  manager.ListenerWD - element not interactable
  (Session info: chrome=120.0.6099.225)
Build info: version: '3.141.59', revision: 'e82be7d358', time: '2018-11-14T08:17:03'
System info: host: 'VITBER', ip: '192.168.68.105', os.name: 'Windows 11', os.arch: 'amd64', os.version: '10.0', java.version: '1.8.0_333'
Driver info: org.openqa.selenium.chrome.ChromeDriver
Capabilities {acceptInsecureCerts: false, browserName: chrome, browserVersion: 120.0.6099.225, chrome: {chromedriverVersion: 120.0.6099.71 (9729082fe617..., userDataDir: C:\Windows\SystemTemp\scope...}, fedcm:accounts: true, goog:chromeOptions: {debuggerAddress: localhost:56318}, javascriptEnabled: true, networkConnectionEnabled: false, pageLoadStrategy: normal, platform: WINDOWS, platformName: WINDOWS, proxy: Proxy(), setWindowRect: true, strictFileInteractability: false, timeouts: {implicit: 0, pageLoad: 300000, script: 30000}, unhandledPromptBehavior: dismiss and notify, webauthn:extension:credBlob: true, webauthn:extension:largeBlob: true, webauthn:extension:minPinLength: true, webauthn:extension:prf: true, webauthn:virtualAuthenticators: true}
Session ID: 7bd69cc275f86a6f0c1cf11fd8579f00
16:57:49.546 INFO  manager.ListenerWD - org.openqa.selenium.ElementNotInteractableException: element not interactable
  (Session info: chrome=120.0.6099.225)
Build info: version: '3.141.59', revision: 'e82be7d358', time: '2018-11-14T08:17:03'
System info: host: 'VITBER', ip: '192.168.68.105', os.name: 'Windows 11', os.arch: 'amd64', os.version: '10.0', java.version: '1.8.0_333'
Driver info: org.openqa.selenium.chrome.ChromeDriver
Capabilities {acceptInsecureCerts: false, browserName: chrome, browserVersion: 120.0.6099.225, chrome: {chromedriverVersion: 120.0.6099.71 (9729082fe617..., userDataDir: C:\Windows\SystemTemp\scope...}, fedcm:accounts: true, goog:chromeOptions: {debuggerAddress: localhost:56318}, javascriptEnabled: true, networkConnectionEnabled: false, pageLoadStrategy: normal, platform: WINDOWS, platformName: WINDOWS, proxy: Proxy(), setWindowRect: true, strictFileInteractability: false, timeouts: {implicit: 0, pageLoad: 300000, script: 30000}, unhandledPromptBehavior: dismiss and notify, webauthn:extension:credBlob: true, webauthn:extension:largeBlob: true, webauthn:extension:minPinLength: true, webauthn:extension:prf: true, webauthn:virtualAuthenticators: true}
Session ID: 7bd69cc275f86a6f0c1cf11fd8579f00
16:57:49.694 INFO  manager.ListenerWD - This is a link to screenshot with error--->src/test/screenshots/screen3469.png
