16:49:42.523 INFO  manager.ApplicationManager - All tests run in Chrome
16:49:43.679 INFO  manager.ApplicationManager - The link--->https://ilcarro.web.app/search
16:49:43.695 INFO  manager.ListenerWD - Before find element By.xpath: //*[text()=' Logout ']
16:49:53.770 INFO  manager.ListenerWD - Element found success By.xpath: //*[text()=' Logout ']
16:49:53.772 INFO  manager.ListenerWD - Before find element By.xpath: //a[text()=' Log in ']
16:49:53.804 INFO  manager.ListenerWD - Element found success By.xpath: //a[text()=' Log in ']
16:49:53.810 INFO  manager.ListenerWD - start method click [[ChromeDriver: chrome on WINDOWS (051855fd8f935bff6a17f75447d7067b)] -> xpath: //a[text()=' Log in ']]
16:49:53.895 INFO  manager.ListenerWD - done method click on: [[ChromeDriver: chrome on WINDOWS (051855fd8f935bff6a17f75447d7067b)] -> xpath: //a[text()=' Log in ']]
16:49:53.895 INFO  manager.ListenerWD - Before find element By.xpath: //*[@id='email']
16:49:53.917 INFO  manager.ListenerWD - Element found success By.xpath: //*[@id='email']
16:49:53.917 INFO  manager.ListenerWD - start method click [[ChromeDriver: chrome on WINDOWS (051855fd8f935bff6a17f75447d7067b)] -> xpath: //*[@id='email']]
16:49:53.962 INFO  manager.ListenerWD - done method click on: [[ChromeDriver: chrome on WINDOWS (051855fd8f935bff6a17f75447d7067b)] -> xpath: //*[@id='email']]
16:49:54.194 INFO  manager.ListenerWD - Before find element By.xpath: //*[@id='password']
16:49:54.213 INFO  manager.ListenerWD - Element found success By.xpath: //*[@id='password']
16:49:54.213 INFO  manager.ListenerWD - start method click [[ChromeDriver: chrome on WINDOWS (051855fd8f935bff6a17f75447d7067b)] -> xpath: //*[@id='password']]
16:49:54.245 INFO  manager.ListenerWD - done method click on: [[ChromeDriver: chrome on WINDOWS (051855fd8f935bff6a17f75447d7067b)] -> xpath: //*[@id='password']]
16:49:54.392 INFO  manager.ListenerWD - Before find element By.xpath: //*[@type='submit']
16:49:54.415 INFO  manager.ListenerWD - Element found success By.xpath: //*[@type='submit']
16:49:54.415 INFO  manager.ListenerWD - start method click [[ChromeDriver: chrome on WINDOWS (051855fd8f935bff6a17f75447d7067b)] -> xpath: //*[@type='submit']]
16:49:54.457 INFO  manager.ListenerWD - done method click on: [[ChromeDriver: chrome on WINDOWS (051855fd8f935bff6a17f75447d7067b)] -> xpath: //*[@type='submit']]
16:49:54.458 INFO  manager.ListenerWD - Before find element By.xpath: //button[text()='Ok']
16:49:55.429 INFO  manager.ListenerWD - Element found success By.xpath: //button[text()='Ok']
16:49:55.429 INFO  manager.ListenerWD - Before find element By.xpath: //button[text()='Ok']
16:49:55.449 INFO  manager.ListenerWD - Element found success By.xpath: //button[text()='Ok']
16:49:55.449 INFO  manager.ListenerWD - start method click [[ChromeDriver: chrome on WINDOWS (051855fd8f935bff6a17f75447d7067b)] -> xpath: //button[text()='Ok']]
16:49:55.482 INFO  manager.ListenerWD - done method click on: [[ChromeDriver: chrome on WINDOWS (051855fd8f935bff6a17f75447d7067b)] -> xpath: //button[text()='Ok']]
16:49:55.489 INFO  tests.TestBase - test add new car wrong manufacture (empty) started
16:49:55.489 INFO  tests.TestBase - test data: location-'', manufacture-'Kia', model-'Sportage', year-'2020', fuel-'Gas',seats-'5', car class-'C', car number-'432-232 +i',price-'50'
16:49:56.005 INFO  manager.ListenerWD - Before find element By.xpath: //a[text()=' Let the car work ']
16:49:56.039 INFO  manager.ListenerWD - Element found success By.xpath: //a[text()=' Let the car work ']
16:49:56.040 INFO  manager.ListenerWD - start method click [[ChromeDriver: chrome on WINDOWS (051855fd8f935bff6a17f75447d7067b)] -> xpath: //a[text()=' Let the car work ']]
16:49:56.107 INFO  manager.ListenerWD - done method click on: [[ChromeDriver: chrome on WINDOWS (051855fd8f935bff6a17f75447d7067b)] -> xpath: //a[text()=' Let the car work ']]
16:49:56.108 INFO  manager.ListenerWD - Before find element By.id: pickUpPlace
16:49:56.125 INFO  manager.ListenerWD - Element found success By.id: pickUpPlace
16:49:56.126 INFO  manager.ListenerWD - start method click [[ChromeDriver: chrome on WINDOWS (051855fd8f935bff6a17f75447d7067b)] -> id: pickUpPlace]
16:49:56.161 INFO  manager.ListenerWD - done method click on: [[ChromeDriver: chrome on WINDOWS (051855fd8f935bff6a17f75447d7067b)] -> id: pickUpPlace]
16:49:56.322 INFO  manager.ListenerWD - Before find element By.cssSelector: div.pac-item
16:49:56.924 INFO  manager.ListenerWD - Element found success By.cssSelector: div.pac-item
16:49:56.925 INFO  manager.ListenerWD - start method click [[ChromeDriver: chrome on WINDOWS (051855fd8f935bff6a17f75447d7067b)] -> css selector: div.pac-item]
16:49:56.972 INFO  manager.ListenerWD - done method click on: [[ChromeDriver: chrome on WINDOWS (051855fd8f935bff6a17f75447d7067b)] -> css selector: div.pac-item]
16:49:56.972 INFO  manager.ListenerWD - Before find element By.id: make
16:49:56.993 INFO  manager.ListenerWD - Element found success By.id: make
16:49:56.993 INFO  manager.ListenerWD - start method click [[ChromeDriver: chrome on WINDOWS (051855fd8f935bff6a17f75447d7067b)] -> id: make]
16:49:57.035 INFO  manager.ListenerWD - done method click on: [[ChromeDriver: chrome on WINDOWS (051855fd8f935bff6a17f75447d7067b)] -> id: make]
16:49:57.150 INFO  manager.ListenerWD - Before find element By.id: model
16:49:57.174 INFO  manager.ListenerWD - Element found success By.id: model
16:49:57.175 INFO  manager.ListenerWD - start method click [[ChromeDriver: chrome on WINDOWS (051855fd8f935bff6a17f75447d7067b)] -> id: model]
16:49:57.243 INFO  manager.ListenerWD - done method click on: [[ChromeDriver: chrome on WINDOWS (051855fd8f935bff6a17f75447d7067b)] -> id: model]
16:49:57.415 INFO  manager.ListenerWD - Before find element By.id: year
16:49:57.442 INFO  manager.ListenerWD - Element found success By.id: year
16:49:57.442 INFO  manager.ListenerWD - start method click [[ChromeDriver: chrome on WINDOWS (051855fd8f935bff6a17f75447d7067b)] -> id: year]
16:49:57.495 INFO  manager.ListenerWD - done method click on: [[ChromeDriver: chrome on WINDOWS (051855fd8f935bff6a17f75447d7067b)] -> id: year]
16:49:57.670 INFO  manager.ListenerWD - Before find element By.id: fuel
16:49:57.691 INFO  manager.ListenerWD - Element found success By.id: fuel
16:49:57.715 INFO  manager.ListenerWD - Before find element By.xpath: .//option[@value = "Gas"]
16:49:57.731 INFO  manager.ListenerWD - Element found success By.xpath: .//option[@value = "Gas"]
16:49:57.744 INFO  manager.ListenerWD - start method click [[[[ChromeDriver: chrome on WINDOWS (051855fd8f935bff6a17f75447d7067b)] -> id: fuel]] -> xpath: .//option[@value = "Gas"]]
16:49:57.782 INFO  manager.ListenerWD - done method click on: [[[[ChromeDriver: chrome on WINDOWS (051855fd8f935bff6a17f75447d7067b)] -> id: fuel]] -> xpath: .//option[@value = "Gas"]]
16:49:57.785 INFO  manager.ListenerWD - Before find element By.id: seats
16:49:57.809 INFO  manager.ListenerWD - Element found success By.id: seats
16:49:57.809 INFO  manager.ListenerWD - start method click [[ChromeDriver: chrome on WINDOWS (051855fd8f935bff6a17f75447d7067b)] -> id: seats]
16:49:57.847 INFO  manager.ListenerWD - done method click on: [[ChromeDriver: chrome on WINDOWS (051855fd8f935bff6a17f75447d7067b)] -> id: seats]
16:49:58.010 INFO  manager.ListenerWD - Before find element By.id: class
16:49:58.025 INFO  manager.ListenerWD - Element found success By.id: class
16:49:58.026 INFO  manager.ListenerWD - start method click [[ChromeDriver: chrome on WINDOWS (051855fd8f935bff6a17f75447d7067b)] -> id: class]
16:49:58.063 INFO  manager.ListenerWD - done method click on: [[ChromeDriver: chrome on WINDOWS (051855fd8f935bff6a17f75447d7067b)] -> id: class]
16:49:58.190 INFO  manager.ListenerWD - Before find element By.id: serialNumber
16:49:58.213 INFO  manager.ListenerWD - Element found success By.id: serialNumber
16:49:58.213 INFO  manager.ListenerWD - start method click [[ChromeDriver: chrome on WINDOWS (051855fd8f935bff6a17f75447d7067b)] -> id: serialNumber]
16:49:58.253 INFO  manager.ListenerWD - done method click on: [[ChromeDriver: chrome on WINDOWS (051855fd8f935bff6a17f75447d7067b)] -> id: serialNumber]
16:49:58.388 INFO  manager.ListenerWD - Before find element By.id: price
16:49:58.411 INFO  manager.ListenerWD - Element found success By.id: price
16:49:58.411 INFO  manager.ListenerWD - start method click [[ChromeDriver: chrome on WINDOWS (051855fd8f935bff6a17f75447d7067b)] -> id: price]
16:49:58.451 INFO  manager.ListenerWD - done method click on: [[ChromeDriver: chrome on WINDOWS (051855fd8f935bff6a17f75447d7067b)] -> id: price]
16:49:58.588 INFO  manager.ListenerWD - Before find element By.id: about
16:49:58.612 INFO  manager.ListenerWD - Element found success By.id: about
16:49:58.613 INFO  manager.ListenerWD - start method click [[ChromeDriver: chrome on WINDOWS (051855fd8f935bff6a17f75447d7067b)] -> id: about]
16:49:58.647 INFO  manager.ListenerWD - done method click on: [[ChromeDriver: chrome on WINDOWS (051855fd8f935bff6a17f75447d7067b)] -> id: about]
16:49:58.715 INFO  manager.ListenerWD - Before find element By.xpath: //*[@type='submit']
16:49:58.732 INFO  manager.ListenerWD - Element found success By.xpath: //*[@type='submit']
16:49:58.732 INFO  manager.ListenerWD - start method click [[ChromeDriver: chrome on WINDOWS (051855fd8f935bff6a17f75447d7067b)] -> xpath: //*[@type='submit']]
16:49:58.776 INFO  manager.ListenerWD - done method click on: [[ChromeDriver: chrome on WINDOWS (051855fd8f935bff6a17f75447d7067b)] -> xpath: //*[@type='submit']]
16:49:58.777 INFO  manager.ListenerWD - Before find element By.cssSelector: .dialog-container>h2
16:50:08.835 INFO  manager.ListenerWD - Houston we have a problem!
16:50:08.835 INFO  manager.ListenerWD - no such element: Unable to locate element: {"method":"css selector","selector":".dialog-container>h2"}
  (Session info: chrome=120.0.6099.225)
For documentation on this error, please visit: https://www.seleniumhq.org/exceptions/no_such_element.html
Build info: version: '3.141.59', revision: 'e82be7d358', time: '2018-11-14T08:17:03'
System info: host: 'VITBER', ip: '192.168.68.105', os.name: 'Windows 11', os.arch: 'amd64', os.version: '10.0', java.version: '1.8.0_333'
Driver info: org.openqa.selenium.chrome.ChromeDriver
Capabilities {acceptInsecureCerts: false, browserName: chrome, browserVersion: 120.0.6099.225, chrome: {chromedriverVersion: 120.0.6099.71 (9729082fe617..., userDataDir: C:\Windows\SystemTemp\scope...}, fedcm:accounts: true, goog:chromeOptions: {debuggerAddress: localhost:52058}, javascriptEnabled: true, networkConnectionEnabled: false, pageLoadStrategy: normal, platform: WINDOWS, platformName: WINDOWS, proxy: Proxy(), setWindowRect: true, strictFileInteractability: false, timeouts: {implicit: 0, pageLoad: 300000, script: 30000}, unhandledPromptBehavior: dismiss and notify, webauthn:extension:credBlob: true, webauthn:extension:largeBlob: true, webauthn:extension:minPinLength: true, webauthn:extension:prf: true, webauthn:virtualAuthenticators: true}
Session ID: 051855fd8f935bff6a17f75447d7067b
*** Element info: {Using=css selector, value=.dialog-container>h2}
16:50:08.836 INFO  manager.ListenerWD - org.openqa.selenium.NoSuchElementException: no such element: Unable to locate element: {"method":"css selector","selector":".dialog-container>h2"}
  (Session info: chrome=120.0.6099.225)
For documentation on this error, please visit: https://www.seleniumhq.org/exceptions/no_such_element.html
Build info: version: '3.141.59', revision: 'e82be7d358', time: '2018-11-14T08:17:03'
System info: host: 'VITBER', ip: '192.168.68.105', os.name: 'Windows 11', os.arch: 'amd64', os.version: '10.0', java.version: '1.8.0_333'
Driver info: org.openqa.selenium.chrome.ChromeDriver
Capabilities {acceptInsecureCerts: false, browserName: chrome, browserVersion: 120.0.6099.225, chrome: {chromedriverVersion: 120.0.6099.71 (9729082fe617..., userDataDir: C:\Windows\SystemTemp\scope...}, fedcm:accounts: true, goog:chromeOptions: {debuggerAddress: localhost:52058}, javascriptEnabled: true, networkConnectionEnabled: false, pageLoadStrategy: normal, platform: WINDOWS, platformName: WINDOWS, proxy: Proxy(), setWindowRect: true, strictFileInteractability: false, timeouts: {implicit: 0, pageLoad: 300000, script: 30000}, unhandledPromptBehavior: dismiss and notify, webauthn:extension:credBlob: true, webauthn:extension:largeBlob: true, webauthn:extension:minPinLength: true, webauthn:extension:prf: true, webauthn:virtualAuthenticators: true}
Session ID: 051855fd8f935bff6a17f75447d7067b
*** Element info: {Using=css selector, value=.dialog-container>h2}
16:50:08.980 INFO  manager.ListenerWD - This is a link to screenshot with error--->src/test/screenshots/screen3008.png
16:50:08.983 INFO  manager.ListenerWD - Before find element By.xpath: //button[text()='Search cars']
16:50:18.999 INFO  manager.ListenerWD - Houston we have a problem!
16:50:19.000 INFO  manager.ListenerWD - no such element: Unable to locate element: {"method":"xpath","selector":"//button[text()='Search cars']"}
  (Session info: chrome=120.0.6099.225)
For documentation on this error, please visit: https://www.seleniumhq.org/exceptions/no_such_element.html
Build info: version: '3.141.59', revision: 'e82be7d358', time: '2018-11-14T08:17:03'
System info: host: 'VITBER', ip: '192.168.68.105', os.name: 'Windows 11', os.arch: 'amd64', os.version: '10.0', java.version: '1.8.0_333'
Driver info: org.openqa.selenium.chrome.ChromeDriver
Capabilities {acceptInsecureCerts: false, browserName: chrome, browserVersion: 120.0.6099.225, chrome: {chromedriverVersion: 120.0.6099.71 (9729082fe617..., userDataDir: C:\Windows\SystemTemp\scope...}, fedcm:accounts: true, goog:chromeOptions: {debuggerAddress: localhost:52058}, javascriptEnabled: true, networkConnectionEnabled: false, pageLoadStrategy: normal, platform: WINDOWS, platformName: WINDOWS, proxy: Proxy(), setWindowRect: true, strictFileInteractability: false, timeouts: {implicit: 0, pageLoad: 300000, script: 30000}, unhandledPromptBehavior: dismiss and notify, webauthn:extension:credBlob: true, webauthn:extension:largeBlob: true, webauthn:extension:minPinLength: true, webauthn:extension:prf: true, webauthn:virtualAuthenticators: true}
Session ID: 051855fd8f935bff6a17f75447d7067b
*** Element info: {Using=xpath, value=//button[text()='Search cars']}
16:50:19.000 INFO  manager.ListenerWD - org.openqa.selenium.NoSuchElementException: no such element: Unable to locate element: {"method":"xpath","selector":"//button[text()='Search cars']"}
  (Session info: chrome=120.0.6099.225)
For documentation on this error, please visit: https://www.seleniumhq.org/exceptions/no_such_element.html
Build info: version: '3.141.59', revision: 'e82be7d358', time: '2018-11-14T08:17:03'
System info: host: 'VITBER', ip: '192.168.68.105', os.name: 'Windows 11', os.arch: 'amd64', os.version: '10.0', java.version: '1.8.0_333'
Driver info: org.openqa.selenium.chrome.ChromeDriver
Capabilities {acceptInsecureCerts: false, browserName: chrome, browserVersion: 120.0.6099.225, chrome: {chromedriverVersion: 120.0.6099.71 (9729082fe617..., userDataDir: C:\Windows\SystemTemp\scope...}, fedcm:accounts: true, goog:chromeOptions: {debuggerAddress: localhost:52058}, javascriptEnabled: true, networkConnectionEnabled: false, pageLoadStrategy: normal, platform: WINDOWS, platformName: WINDOWS, proxy: Proxy(), setWindowRect: true, strictFileInteractability: false, timeouts: {implicit: 0, pageLoad: 300000, script: 30000}, unhandledPromptBehavior: dismiss and notify, webauthn:extension:credBlob: true, webauthn:extension:largeBlob: true, webauthn:extension:minPinLength: true, webauthn:extension:prf: true, webauthn:virtualAuthenticators: true}
Session ID: 051855fd8f935bff6a17f75447d7067b
*** Element info: {Using=xpath, value=//button[text()='Search cars']}
16:50:19.207 INFO  manager.ListenerWD - This is a link to screenshot with error--->src/test/screenshots/screen3019.png
