15:44:54.266 INFO  manager.ApplicationManager - All tests run in Chrome
15:44:55.379 INFO  manager.ApplicationManager - The link--->https://ilcarro.web.app/search
15:44:55.400 INFO  manager.ListenerWD - Before find element By.cssSelector: a.logo
15:44:55.426 INFO  manager.ListenerWD - Element found success By.cssSelector: a.logo
15:44:55.429 INFO  manager.ListenerWD - start method click [[ChromeDriver: chrome on WINDOWS (e95438111103101d076b007384a3bb30)] -> css selector: a.logo]
15:44:55.774 INFO  manager.ListenerWD - done method click on: [[ChromeDriver: chrome on WINDOWS (e95438111103101d076b007384a3bb30)] -> css selector: a.logo]
15:44:55.776 INFO  manager.ListenerWD - Before find element By.id: city
15:44:55.802 INFO  manager.ListenerWD - Element found success By.id: city
15:44:55.898 INFO  manager.ListenerWD - Before find element By.id: city
15:44:55.920 INFO  manager.ListenerWD - Element found success By.id: city
15:44:55.921 INFO  manager.ListenerWD - start method click [[ChromeDriver: chrome on WINDOWS (e95438111103101d076b007384a3bb30)] -> id: city]
15:44:55.959 INFO  manager.ListenerWD - done method click on: [[ChromeDriver: chrome on WINDOWS (e95438111103101d076b007384a3bb30)] -> id: city]
15:44:56.158 INFO  manager.ListenerWD - Before find element By.cssSelector: div.pac-item
15:44:56.502 INFO  manager.ListenerWD - Element found success By.cssSelector: div.pac-item
15:44:56.502 INFO  manager.ListenerWD - start method click [[ChromeDriver: chrome on WINDOWS (e95438111103101d076b007384a3bb30)] -> css selector: div.pac-item]
15:44:56.539 INFO  manager.ListenerWD - done method click on: [[ChromeDriver: chrome on WINDOWS (e95438111103101d076b007384a3bb30)] -> css selector: div.pac-item]
15:44:56.539 INFO  manager.ListenerWD - Before find element By.id: dates
15:44:56.551 INFO  manager.ListenerWD - Element found success By.id: dates
15:44:56.551 INFO  manager.ListenerWD - start method click [[ChromeDriver: chrome on WINDOWS (e95438111103101d076b007384a3bb30)] -> id: dates]
15:44:56.634 INFO  manager.ListenerWD - done method click on: [[ChromeDriver: chrome on WINDOWS (e95438111103101d076b007384a3bb30)] -> id: dates]
15:44:56.636 INFO  manager.ListenerWD - Before find element By.xpath: //*[@class='title']
15:44:56.664 INFO  manager.ListenerWD - Element found success By.xpath: //*[@class='title']
15:44:56.664 INFO  manager.ListenerWD - start method click [[ChromeDriver: chrome on WINDOWS (e95438111103101d076b007384a3bb30)] -> xpath: //*[@class='title']]
15:44:57.735 INFO  manager.ListenerWD - Houston we have a problem!
15:44:57.735 INFO  manager.ListenerWD - element click intercepted: Element <h1 _ngcontent-etp-c106="" class="title">...</h1> is not clickable at point (301, 160). Other element would receive the click: <div class="mat-calendar-body-cell-content">...</div>
  (Session info: chrome=120.0.6099.225)
Build info: version: '3.141.59', revision: 'e82be7d358', time: '2018-11-14T08:17:03'
System info: host: 'VITBER', ip: '192.168.68.105', os.name: 'Windows 11', os.arch: 'amd64', os.version: '10.0', java.version: '1.8.0_333'
Driver info: org.openqa.selenium.chrome.ChromeDriver
Capabilities {acceptInsecureCerts: false, browserName: chrome, browserVersion: 120.0.6099.225, chrome: {chromedriverVersion: 120.0.6099.71 (9729082fe617..., userDataDir: C:\Windows\SystemTemp\scope...}, fedcm:accounts: true, goog:chromeOptions: {debuggerAddress: localhost:53154}, javascriptEnabled: true, networkConnectionEnabled: false, pageLoadStrategy: normal, platform: WINDOWS, platformName: WINDOWS, proxy: Proxy(), setWindowRect: true, strictFileInteractability: false, timeouts: {implicit: 0, pageLoad: 300000, script: 30000}, unhandledPromptBehavior: dismiss and notify, webauthn:extension:credBlob: true, webauthn:extension:largeBlob: true, webauthn:extension:minPinLength: true, webauthn:extension:prf: true, webauthn:virtualAuthenticators: true}
Session ID: e95438111103101d076b007384a3bb30
15:44:57.736 INFO  manager.ListenerWD - org.openqa.selenium.ElementClickInterceptedException: element click intercepted: Element <h1 _ngcontent-etp-c106="" class="title">...</h1> is not clickable at point (301, 160). Other element would receive the click: <div class="mat-calendar-body-cell-content">...</div>
  (Session info: chrome=120.0.6099.225)
Build info: version: '3.141.59', revision: 'e82be7d358', time: '2018-11-14T08:17:03'
System info: host: 'VITBER', ip: '192.168.68.105', os.name: 'Windows 11', os.arch: 'amd64', os.version: '10.0', java.version: '1.8.0_333'
Driver info: org.openqa.selenium.chrome.ChromeDriver
Capabilities {acceptInsecureCerts: false, browserName: chrome, browserVersion: 120.0.6099.225, chrome: {chromedriverVersion: 120.0.6099.71 (9729082fe617..., userDataDir: C:\Windows\SystemTemp\scope...}, fedcm:accounts: true, goog:chromeOptions: {debuggerAddress: localhost:53154}, javascriptEnabled: true, networkConnectionEnabled: false, pageLoadStrategy: normal, platform: WINDOWS, platformName: WINDOWS, proxy: Proxy(), setWindowRect: true, strictFileInteractability: false, timeouts: {implicit: 0, pageLoad: 300000, script: 30000}, unhandledPromptBehavior: dismiss and notify, webauthn:extension:credBlob: true, webauthn:extension:largeBlob: true, webauthn:extension:minPinLength: true, webauthn:extension:prf: true, webauthn:virtualAuthenticators: true}
Session ID: e95438111103101d076b007384a3bb30
15:44:58.121 INFO  manager.ListenerWD - This is a link to screenshot with error--->src/test/screenshots/screen2697.png
15:44:58.123 INFO  tests.TestBase - ======================================
