15:58:26.647 INFO  manager.ApplicationManager - All tests run in Chrome
15:58:27.754 INFO  manager.ApplicationManager - The link--->https://ilcarro.web.app/search
15:58:27.772 INFO  manager.ListenerWD - Before find element By.cssSelector: a.logo
15:58:27.801 INFO  manager.ListenerWD - Element found success By.cssSelector: a.logo
15:58:27.806 INFO  manager.ListenerWD - start method click [[ChromeDriver: chrome on WINDOWS (ae6463fa607baa31a34f0a69101af354)] -> css selector: a.logo]
15:58:28.204 INFO  manager.ListenerWD - done method click on: [[ChromeDriver: chrome on WINDOWS (ae6463fa607baa31a34f0a69101af354)] -> css selector: a.logo]
15:58:28.205 INFO  manager.ListenerWD - Before find element By.id: city
15:58:28.223 INFO  manager.ListenerWD - Element found success By.id: city
15:58:28.320 INFO  manager.ListenerWD - Before find element By.id: city
15:58:28.339 INFO  manager.ListenerWD - Element found success By.id: city
15:58:28.339 INFO  manager.ListenerWD - start method click [[ChromeDriver: chrome on WINDOWS (ae6463fa607baa31a34f0a69101af354)] -> id: city]
15:58:28.381 INFO  manager.ListenerWD - done method click on: [[ChromeDriver: chrome on WINDOWS (ae6463fa607baa31a34f0a69101af354)] -> id: city]
15:58:28.538 INFO  manager.ListenerWD - Before find element By.cssSelector: div.pac-item
15:58:29.127 INFO  manager.ListenerWD - Element found success By.cssSelector: div.pac-item
15:58:29.128 INFO  manager.ListenerWD - start method click [[ChromeDriver: chrome on WINDOWS (ae6463fa607baa31a34f0a69101af354)] -> css selector: div.pac-item]
15:58:29.170 INFO  manager.ListenerWD - done method click on: [[ChromeDriver: chrome on WINDOWS (ae6463fa607baa31a34f0a69101af354)] -> css selector: div.pac-item]
15:58:29.170 INFO  manager.ListenerWD - Before find element By.id: dates
15:58:29.191 INFO  manager.ListenerWD - Element found success By.id: dates
15:58:29.191 INFO  manager.ListenerWD - start method click [[ChromeDriver: chrome on WINDOWS (ae6463fa607baa31a34f0a69101af354)] -> id: dates]
15:58:29.267 INFO  manager.ListenerWD - done method click on: [[ChromeDriver: chrome on WINDOWS (ae6463fa607baa31a34f0a69101af354)] -> id: dates]
15:58:29.268 INFO  manager.ListenerWD - Before find element By.xpath: //*[@type='submit']
15:58:29.293 INFO  manager.ListenerWD - Element found success By.xpath: //*[@type='submit']
15:58:29.294 INFO  manager.ListenerWD - start method click [[ChromeDriver: chrome on WINDOWS (ae6463fa607baa31a34f0a69101af354)] -> xpath: //*[@type='submit']]
15:58:30.365 INFO  manager.ListenerWD - Houston we have a problem!
15:58:30.366 INFO  manager.ListenerWD - element click intercepted: Element <button _ngcontent-xtn-c106="" type="submit" disabled="">...</button> is not clickable at point (220, 418). Other element would receive the click: <div class="cdk-overlay-backdrop mat-overlay-transparent-backdrop cdk-overlay-backdrop-showing"></div>
  (Session info: chrome=120.0.6099.225)
Build info: version: '3.141.59', revision: 'e82be7d358', time: '2018-11-14T08:17:03'
System info: host: 'VITBER', ip: '192.168.68.105', os.name: 'Windows 11', os.arch: 'amd64', os.version: '10.0', java.version: '1.8.0_333'
Driver info: org.openqa.selenium.chrome.ChromeDriver
Capabilities {acceptInsecureCerts: false, browserName: chrome, browserVersion: 120.0.6099.225, chrome: {chromedriverVersion: 120.0.6099.71 (9729082fe617..., userDataDir: C:\Windows\SystemTemp\scope...}, fedcm:accounts: true, goog:chromeOptions: {debuggerAddress: localhost:53683}, javascriptEnabled: true, networkConnectionEnabled: false, pageLoadStrategy: normal, platform: WINDOWS, platformName: WINDOWS, proxy: Proxy(), setWindowRect: true, strictFileInteractability: false, timeouts: {implicit: 0, pageLoad: 300000, script: 30000}, unhandledPromptBehavior: dismiss and notify, webauthn:extension:credBlob: true, webauthn:extension:largeBlob: true, webauthn:extension:minPinLength: true, webauthn:extension:prf: true, webauthn:virtualAuthenticators: true}
Session ID: ae6463fa607baa31a34f0a69101af354
15:58:30.367 INFO  manager.ListenerWD - org.openqa.selenium.ElementClickInterceptedException: element click intercepted: Element <button _ngcontent-xtn-c106="" type="submit" disabled="">...</button> is not clickable at point (220, 418). Other element would receive the click: <div class="cdk-overlay-backdrop mat-overlay-transparent-backdrop cdk-overlay-backdrop-showing"></div>
  (Session info: chrome=120.0.6099.225)
Build info: version: '3.141.59', revision: 'e82be7d358', time: '2018-11-14T08:17:03'
System info: host: 'VITBER', ip: '192.168.68.105', os.name: 'Windows 11', os.arch: 'amd64', os.version: '10.0', java.version: '1.8.0_333'
Driver info: org.openqa.selenium.chrome.ChromeDriver
Capabilities {acceptInsecureCerts: false, browserName: chrome, browserVersion: 120.0.6099.225, chrome: {chromedriverVersion: 120.0.6099.71 (9729082fe617..., userDataDir: C:\Windows\SystemTemp\scope...}, fedcm:accounts: true, goog:chromeOptions: {debuggerAddress: localhost:53683}, javascriptEnabled: true, networkConnectionEnabled: false, pageLoadStrategy: normal, platform: WINDOWS, platformName: WINDOWS, proxy: Proxy(), setWindowRect: true, strictFileInteractability: false, timeouts: {implicit: 0, pageLoad: 300000, script: 30000}, unhandledPromptBehavior: dismiss and notify, webauthn:extension:credBlob: true, webauthn:extension:largeBlob: true, webauthn:extension:minPinLength: true, webauthn:extension:prf: true, webauthn:virtualAuthenticators: true}
Session ID: ae6463fa607baa31a34f0a69101af354
15:58:30.686 INFO  manager.ListenerWD - This is a link to screenshot with error--->src/test/screenshots/screen3510.png
15:58:30.688 INFO  tests.TestBase - ======================================
