17:10:49.255 INFO  manager.ApplicationManager - All tests run in Chrome
17:10:51.110 INFO  manager.ApplicationManager - The link--->https://ilcarro.web.app/search
17:10:51.135 INFO  manager.ListenerWD - Before find element By.xpath: //*[text()=' Logout ']
17:11:01.179 INFO  manager.ListenerWD - Element found success By.xpath: //*[text()=' Logout ']
17:11:01.181 INFO  manager.ListenerWD - Before find element By.xpath: //a[text()=' Log in ']
17:11:01.208 INFO  manager.ListenerWD - Element found success By.xpath: //a[text()=' Log in ']
17:11:01.221 INFO  manager.ListenerWD - start method click [[ChromeDriver: chrome on WINDOWS (9cddf0a89a61039be85cf6572576e34c)] -> xpath: //a[text()=' Log in ']]
17:11:01.323 INFO  manager.ListenerWD - done method click on: [[ChromeDriver: chrome on WINDOWS (9cddf0a89a61039be85cf6572576e34c)] -> xpath: //a[text()=' Log in ']]
17:11:01.323 INFO  manager.ListenerWD - Before find element By.xpath: //*[@id='email']
17:11:01.355 INFO  manager.ListenerWD - Element found success By.xpath: //*[@id='email']
17:11:01.357 INFO  manager.ListenerWD - start method click [[ChromeDriver: chrome on WINDOWS (9cddf0a89a61039be85cf6572576e34c)] -> xpath: //*[@id='email']]
17:11:01.442 INFO  manager.ListenerWD - done method click on: [[ChromeDriver: chrome on WINDOWS (9cddf0a89a61039be85cf6572576e34c)] -> xpath: //*[@id='email']]
17:11:01.764 INFO  manager.ListenerWD - Before find element By.xpath: //*[@id='password']
17:11:01.783 INFO  manager.ListenerWD - Element found success By.xpath: //*[@id='password']
17:11:01.783 INFO  manager.ListenerWD - start method click [[ChromeDriver: chrome on WINDOWS (9cddf0a89a61039be85cf6572576e34c)] -> xpath: //*[@id='password']]
17:11:01.849 INFO  manager.ListenerWD - done method click on: [[ChromeDriver: chrome on WINDOWS (9cddf0a89a61039be85cf6572576e34c)] -> xpath: //*[@id='password']]
17:11:02.139 INFO  manager.ListenerWD - Before find element By.xpath: //*[@type='submit']
17:11:02.163 INFO  manager.ListenerWD - Element found success By.xpath: //*[@type='submit']
17:11:02.164 INFO  manager.ListenerWD - start method click [[ChromeDriver: chrome on WINDOWS (9cddf0a89a61039be85cf6572576e34c)] -> xpath: //*[@type='submit']]
17:11:02.240 INFO  manager.ListenerWD - done method click on: [[ChromeDriver: chrome on WINDOWS (9cddf0a89a61039be85cf6572576e34c)] -> xpath: //*[@type='submit']]
17:11:02.241 INFO  manager.ListenerWD - Before find element By.xpath: //button[text()='Ok']
17:11:03.909 INFO  manager.ListenerWD - Element found success By.xpath: //button[text()='Ok']
17:11:03.910 INFO  manager.ListenerWD - Before find element By.xpath: //button[text()='Ok']
17:11:03.936 INFO  manager.ListenerWD - Element found success By.xpath: //button[text()='Ok']
17:11:03.937 INFO  manager.ListenerWD - start method click [[ChromeDriver: chrome on WINDOWS (9cddf0a89a61039be85cf6572576e34c)] -> xpath: //button[text()='Ok']]
17:11:04.005 INFO  manager.ListenerWD - done method click on: [[ChromeDriver: chrome on WINDOWS (9cddf0a89a61039be85cf6572576e34c)] -> xpath: //button[text()='Ok']]
17:11:04.024 INFO  tests.TestBase - test add new car wrong year (empty) started
17:11:04.024 INFO  tests.TestBase - test data: location-'Tel Aviv, Israel', manufacture-'Kia', model-'Sportage', year-'', fuel-'Gas',seats-'5', car class-'C', car number-'432-232 +i',price-'50'
17:11:04.539 INFO  manager.ListenerWD - Before find element By.xpath: //a[text()=' Let the car work ']
17:11:04.573 INFO  manager.ListenerWD - Element found success By.xpath: //a[text()=' Let the car work ']
17:11:04.574 INFO  manager.ListenerWD - start method click [[ChromeDriver: chrome on WINDOWS (9cddf0a89a61039be85cf6572576e34c)] -> xpath: //a[text()=' Let the car work ']]
17:11:04.686 INFO  manager.ListenerWD - done method click on: [[ChromeDriver: chrome on WINDOWS (9cddf0a89a61039be85cf6572576e34c)] -> xpath: //a[text()=' Let the car work ']]
17:11:04.686 INFO  manager.ListenerWD - Before find element By.id: pickUpPlace
17:11:04.709 INFO  manager.ListenerWD - Element found success By.id: pickUpPlace
17:11:04.709 INFO  manager.ListenerWD - start method click [[ChromeDriver: chrome on WINDOWS (9cddf0a89a61039be85cf6572576e34c)] -> id: pickUpPlace]
17:11:04.783 INFO  manager.ListenerWD - done method click on: [[ChromeDriver: chrome on WINDOWS (9cddf0a89a61039be85cf6572576e34c)] -> id: pickUpPlace]
17:11:05.028 INFO  manager.ListenerWD - Before find element By.cssSelector: div.pac-item
17:11:05.343 INFO  manager.ListenerWD - Element found success By.cssSelector: div.pac-item
17:11:05.343 INFO  manager.ListenerWD - start method click [[ChromeDriver: chrome on WINDOWS (9cddf0a89a61039be85cf6572576e34c)] -> css selector: div.pac-item]
17:11:05.418 INFO  manager.ListenerWD - done method click on: [[ChromeDriver: chrome on WINDOWS (9cddf0a89a61039be85cf6572576e34c)] -> css selector: div.pac-item]
17:11:05.420 INFO  manager.ListenerWD - Before find element By.id: make
17:11:05.444 INFO  manager.ListenerWD - Element found success By.id: make
17:11:05.445 INFO  manager.ListenerWD - start method click [[ChromeDriver: chrome on WINDOWS (9cddf0a89a61039be85cf6572576e34c)] -> id: make]
17:11:05.518 INFO  manager.ListenerWD - done method click on: [[ChromeDriver: chrome on WINDOWS (9cddf0a89a61039be85cf6572576e34c)] -> id: make]
17:11:05.704 INFO  manager.ListenerWD - Before find element By.id: model
17:11:05.725 INFO  manager.ListenerWD - Element found success By.id: model
17:11:05.725 INFO  manager.ListenerWD - start method click [[ChromeDriver: chrome on WINDOWS (9cddf0a89a61039be85cf6572576e34c)] -> id: model]
17:11:05.795 INFO  manager.ListenerWD - done method click on: [[ChromeDriver: chrome on WINDOWS (9cddf0a89a61039be85cf6572576e34c)] -> id: model]
17:11:06.016 INFO  manager.ListenerWD - Before find element By.id: year
17:11:06.037 INFO  manager.ListenerWD - Element found success By.id: year
17:11:06.037 INFO  manager.ListenerWD - start method click [[ChromeDriver: chrome on WINDOWS (9cddf0a89a61039be85cf6572576e34c)] -> id: year]
17:11:06.109 INFO  manager.ListenerWD - done method click on: [[ChromeDriver: chrome on WINDOWS (9cddf0a89a61039be85cf6572576e34c)] -> id: year]
17:11:06.453 INFO  manager.ListenerWD - Before find element By.id: fuel
17:11:06.485 INFO  manager.ListenerWD - Element found success By.id: fuel
17:11:06.528 INFO  manager.ListenerWD - Before find element By.xpath: .//option[@value = "Gas"]
17:11:06.556 INFO  manager.ListenerWD - Element found success By.xpath: .//option[@value = "Gas"]
17:11:06.576 INFO  manager.ListenerWD - start method click [[[[ChromeDriver: chrome on WINDOWS (9cddf0a89a61039be85cf6572576e34c)] -> id: fuel]] -> xpath: .//option[@value = "Gas"]]
17:11:06.626 INFO  manager.ListenerWD - done method click on: [[[[ChromeDriver: chrome on WINDOWS (9cddf0a89a61039be85cf6572576e34c)] -> id: fuel]] -> xpath: .//option[@value = "Gas"]]
17:11:06.628 INFO  manager.ListenerWD - Before find element By.id: seats
17:11:06.669 INFO  manager.ListenerWD - Element found success By.id: seats
17:11:06.670 INFO  manager.ListenerWD - start method click [[ChromeDriver: chrome on WINDOWS (9cddf0a89a61039be85cf6572576e34c)] -> id: seats]
17:11:06.782 INFO  manager.ListenerWD - done method click on: [[ChromeDriver: chrome on WINDOWS (9cddf0a89a61039be85cf6572576e34c)] -> id: seats]
17:11:07.194 INFO  manager.ListenerWD - Before find element By.id: class
17:11:07.221 INFO  manager.ListenerWD - Element found success By.id: class
17:11:07.222 INFO  manager.ListenerWD - start method click [[ChromeDriver: chrome on WINDOWS (9cddf0a89a61039be85cf6572576e34c)] -> id: class]
17:11:07.319 INFO  manager.ListenerWD - done method click on: [[ChromeDriver: chrome on WINDOWS (9cddf0a89a61039be85cf6572576e34c)] -> id: class]
17:11:07.547 INFO  manager.ListenerWD - Before find element By.id: serialNumber
17:11:07.576 INFO  manager.ListenerWD - Element found success By.id: serialNumber
17:11:07.578 INFO  manager.ListenerWD - start method click [[ChromeDriver: chrome on WINDOWS (9cddf0a89a61039be85cf6572576e34c)] -> id: serialNumber]
17:11:07.657 INFO  manager.ListenerWD - done method click on: [[ChromeDriver: chrome on WINDOWS (9cddf0a89a61039be85cf6572576e34c)] -> id: serialNumber]
17:11:07.962 INFO  manager.ListenerWD - Before find element By.id: price
17:11:07.993 INFO  manager.ListenerWD - Element found success By.id: price
17:11:07.996 INFO  manager.ListenerWD - start method click [[ChromeDriver: chrome on WINDOWS (9cddf0a89a61039be85cf6572576e34c)] -> id: price]
17:11:08.073 INFO  manager.ListenerWD - done method click on: [[ChromeDriver: chrome on WINDOWS (9cddf0a89a61039be85cf6572576e34c)] -> id: price]
17:11:08.442 INFO  manager.ListenerWD - Before find element By.id: about
17:11:08.473 INFO  manager.ListenerWD - Element found success By.id: about
17:11:08.474 INFO  manager.ListenerWD - start method click [[ChromeDriver: chrome on WINDOWS (9cddf0a89a61039be85cf6572576e34c)] -> id: about]
17:11:08.545 INFO  manager.ListenerWD - done method click on: [[ChromeDriver: chrome on WINDOWS (9cddf0a89a61039be85cf6572576e34c)] -> id: about]
17:11:08.710 INFO  manager.ListenerWD - Before find element By.xpath: //*[@type='submit']
17:11:08.729 INFO  manager.ListenerWD - Element found success By.xpath: //*[@type='submit']
17:11:08.729 INFO  manager.ListenerWD - start method click [[ChromeDriver: chrome on WINDOWS (9cddf0a89a61039be85cf6572576e34c)] -> xpath: //*[@type='submit']]
17:11:08.800 INFO  manager.ListenerWD - done method click on: [[ChromeDriver: chrome on WINDOWS (9cddf0a89a61039be85cf6572576e34c)] -> xpath: //*[@type='submit']]
17:11:08.800 INFO  manager.ListenerWD - Before find element By.xpath: //*[contains(text(),'Year required')]
17:11:08.825 INFO  manager.ListenerWD - Element found success By.xpath: //*[contains(text(),'Year required')]
17:11:08.829 INFO  tests.TestBase - assert check message 'Year is required'
17:11:08.833 INFO  manager.ListenerWD - Before find element By.xpath: //button[text()='Search cars']
17:11:18.911 INFO  manager.ListenerWD - Houston we have a problem!
17:11:18.912 INFO  manager.ListenerWD - no such element: Unable to locate element: {"method":"xpath","selector":"//button[text()='Search cars']"}
  (Session info: chrome=120.0.6099.225)
For documentation on this error, please visit: https://www.seleniumhq.org/exceptions/no_such_element.html
Build info: version: '3.141.59', revision: 'e82be7d358', time: '2018-11-14T08:17:03'
System info: host: 'VITBER', ip: '192.168.68.105', os.name: 'Windows 11', os.arch: 'amd64', os.version: '10.0', java.version: '1.8.0_333'
Driver info: org.openqa.selenium.chrome.ChromeDriver
Capabilities {acceptInsecureCerts: false, browserName: chrome, browserVersion: 120.0.6099.225, chrome: {chromedriverVersion: 120.0.6099.71 (9729082fe617..., userDataDir: C:\Windows\SystemTemp\scope...}, fedcm:accounts: true, goog:chromeOptions: {debuggerAddress: localhost:56815}, javascriptEnabled: true, networkConnectionEnabled: false, pageLoadStrategy: normal, platform: WINDOWS, platformName: WINDOWS, proxy: Proxy(), setWindowRect: true, strictFileInteractability: false, timeouts: {implicit: 0, pageLoad: 300000, script: 30000}, unhandledPromptBehavior: dismiss and notify, webauthn:extension:credBlob: true, webauthn:extension:largeBlob: true, webauthn:extension:minPinLength: true, webauthn:extension:prf: true, webauthn:virtualAuthenticators: true}
Session ID: 9cddf0a89a61039be85cf6572576e34c
*** Element info: {Using=xpath, value=//button[text()='Search cars']}
17:11:18.913 INFO  manager.ListenerWD - org.openqa.selenium.NoSuchElementException: no such element: Unable to locate element: {"method":"xpath","selector":"//button[text()='Search cars']"}
  (Session info: chrome=120.0.6099.225)
For documentation on this error, please visit: https://www.seleniumhq.org/exceptions/no_such_element.html
Build info: version: '3.141.59', revision: 'e82be7d358', time: '2018-11-14T08:17:03'
System info: host: 'VITBER', ip: '192.168.68.105', os.name: 'Windows 11', os.arch: 'amd64', os.version: '10.0', java.version: '1.8.0_333'
Driver info: org.openqa.selenium.chrome.ChromeDriver
Capabilities {acceptInsecureCerts: false, browserName: chrome, browserVersion: 120.0.6099.225, chrome: {chromedriverVersion: 120.0.6099.71 (9729082fe617..., userDataDir: C:\Windows\SystemTemp\scope...}, fedcm:accounts: true, goog:chromeOptions: {debuggerAddress: localhost:56815}, javascriptEnabled: true, networkConnectionEnabled: false, pageLoadStrategy: normal, platform: WINDOWS, platformName: WINDOWS, proxy: Proxy(), setWindowRect: true, strictFileInteractability: false, timeouts: {implicit: 0, pageLoad: 300000, script: 30000}, unhandledPromptBehavior: dismiss and notify, webauthn:extension:credBlob: true, webauthn:extension:largeBlob: true, webauthn:extension:minPinLength: true, webauthn:extension:prf: true, webauthn:virtualAuthenticators: true}
Session ID: 9cddf0a89a61039be85cf6572576e34c
*** Element info: {Using=xpath, value=//button[text()='Search cars']}
17:11:19.181 INFO  manager.ListenerWD - This is a link to screenshot with error--->src/test/screenshots/screen678.png
