16:17:13.317 INFO  manager.ApplicationManager - All tests run in Chrome
16:17:14.447 INFO  manager.ApplicationManager - The link--->https://ilcarro.web.app/search
16:17:14.471 INFO  manager.ListenerWD - Before find element By.cssSelector: a.logo
16:17:14.486 INFO  manager.ListenerWD - Element found success By.cssSelector: a.logo
16:17:14.490 INFO  manager.ListenerWD - start method click [[ChromeDriver: chrome on WINDOWS (067d80fda771b066431ac265213ea36b)] -> css selector: a.logo]
16:17:14.894 INFO  manager.ListenerWD - done method click on: [[ChromeDriver: chrome on WINDOWS (067d80fda771b066431ac265213ea36b)] -> css selector: a.logo]
16:17:14.897 INFO  manager.ListenerWD - Before find element By.id: city
16:17:14.928 INFO  manager.ListenerWD - Element found success By.id: city
16:17:15.029 INFO  manager.ListenerWD - Before find element By.id: city
16:17:15.046 INFO  manager.ListenerWD - Element found success By.id: city
16:17:15.046 INFO  manager.ListenerWD - start method click [[ChromeDriver: chrome on WINDOWS (067d80fda771b066431ac265213ea36b)] -> id: city]
16:17:15.084 INFO  manager.ListenerWD - done method click on: [[ChromeDriver: chrome on WINDOWS (067d80fda771b066431ac265213ea36b)] -> id: city]
16:17:15.252 INFO  manager.ListenerWD - Before find element By.cssSelector: div.pac-item
16:17:15.595 INFO  manager.ListenerWD - Element found success By.cssSelector: div.pac-item
16:17:15.595 INFO  manager.ListenerWD - start method click [[ChromeDriver: chrome on WINDOWS (067d80fda771b066431ac265213ea36b)] -> css selector: div.pac-item]
16:17:15.633 INFO  manager.ListenerWD - done method click on: [[ChromeDriver: chrome on WINDOWS (067d80fda771b066431ac265213ea36b)] -> css selector: div.pac-item]
16:17:15.633 INFO  manager.ListenerWD - Before find element By.id: dates
16:17:15.644 INFO  manager.ListenerWD - Element found success By.id: dates
16:17:15.644 INFO  manager.ListenerWD - start method click [[ChromeDriver: chrome on WINDOWS (067d80fda771b066431ac265213ea36b)] -> id: dates]
16:17:15.719 INFO  manager.ListenerWD - done method click on: [[ChromeDriver: chrome on WINDOWS (067d80fda771b066431ac265213ea36b)] -> id: dates]
16:17:15.720 INFO  manager.ListenerWD - Before find element By.xpath: /html/body/div[2]/div[1]
16:17:15.740 INFO  manager.ListenerWD - Element found success By.xpath: /html/body/div[2]/div[1]
16:17:15.740 INFO  manager.ListenerWD - start method click [[ChromeDriver: chrome on WINDOWS (067d80fda771b066431ac265213ea36b)] -> xpath: /html/body/div[2]/div[1]]
16:17:15.788 INFO  manager.ListenerWD - done method click on: [[ChromeDriver: chrome on WINDOWS (067d80fda771b066431ac265213ea36b)] -> xpath: /html/body/div[2]/div[1]]
16:17:15.788 INFO  manager.ListenerWD - Before find element By.id: dates
16:17:15.804 INFO  manager.ListenerWD - Element found success By.id: dates
16:17:15.805 INFO  manager.ListenerWD - start method click [[ChromeDriver: chrome on WINDOWS (067d80fda771b066431ac265213ea36b)] -> id: dates]
16:17:15.866 INFO  manager.ListenerWD - done method click on: [[ChromeDriver: chrome on WINDOWS (067d80fda771b066431ac265213ea36b)] -> id: dates]
16:17:16.055 INFO  manager.ListenerWD - Before find element By.xpath: /html/body/div[2]/div[1]
16:17:16.081 INFO  manager.ListenerWD - Element found success By.xpath: /html/body/div[2]/div[1]
16:17:16.081 INFO  manager.ListenerWD - start method click [[ChromeDriver: chrome on WINDOWS (067d80fda771b066431ac265213ea36b)] -> xpath: /html/body/div[2]/div[1]]
16:17:16.120 INFO  manager.ListenerWD - done method click on: [[ChromeDriver: chrome on WINDOWS (067d80fda771b066431ac265213ea36b)] -> xpath: /html/body/div[2]/div[1]]
16:17:16.481 INFO  manager.ListenerWD - Before find element By.xpath: //*[@type='submit']
16:17:16.497 INFO  manager.ListenerWD - Element found success By.xpath: //*[@type='submit']
16:17:16.497 INFO  manager.ListenerWD - start method click [[ChromeDriver: chrome on WINDOWS (067d80fda771b066431ac265213ea36b)] -> xpath: //*[@type='submit']]
16:17:16.525 INFO  manager.ListenerWD - done method click on: [[ChromeDriver: chrome on WINDOWS (067d80fda771b066431ac265213ea36b)] -> xpath: //*[@type='submit']]
16:17:16.525 INFO  manager.ListenerWD - Before find element By.cssSelector: button[disabled]
16:17:16.543 INFO  manager.ListenerWD - Element found success By.cssSelector: button[disabled]
16:17:16.543 INFO  manager.ListenerWD - Before find element By.cssSelector: button[type='submit']
16:17:16.557 INFO  manager.ListenerWD - Element found success By.cssSelector: button[type='submit']
16:17:16.564 INFO  manager.ListenerWD - Before find element By.xpath: //*[text()=' You can't pick date before today ']
16:17:16.604 INFO  manager.ListenerWD - Houston we have a problem!
16:17:16.605 INFO  manager.ListenerWD - invalid selector: Unable to locate an element with the xpath expression //*[text()=' You can't pick date before today '] because of the following error:
SyntaxError: Failed to execute 'evaluate' on 'Document': The string '//*[text()=' You can't pick date before today ']' is not a valid XPath expression.
  (Session info: chrome=120.0.6099.225)
For documentation on this error, please visit: https://www.seleniumhq.org/exceptions/invalid_selector_exception.html
Build info: version: '3.141.59', revision: 'e82be7d358', time: '2018-11-14T08:17:03'
System info: host: 'VITBER', ip: '192.168.68.105', os.name: 'Windows 11', os.arch: 'amd64', os.version: '10.0', java.version: '1.8.0_333'
Driver info: org.openqa.selenium.chrome.ChromeDriver
Capabilities {acceptInsecureCerts: false, browserName: chrome, browserVersion: 120.0.6099.225, chrome: {chromedriverVersion: 120.0.6099.71 (9729082fe617..., userDataDir: C:\Windows\SystemTemp\scope...}, fedcm:accounts: true, goog:chromeOptions: {debuggerAddress: localhost:54519}, javascriptEnabled: true, networkConnectionEnabled: false, pageLoadStrategy: normal, platform: WINDOWS, platformName: WINDOWS, proxy: Proxy(), setWindowRect: true, strictFileInteractability: false, timeouts: {implicit: 0, pageLoad: 300000, script: 30000}, unhandledPromptBehavior: dismiss and notify, webauthn:extension:credBlob: true, webauthn:extension:largeBlob: true, webauthn:extension:minPinLength: true, webauthn:extension:prf: true, webauthn:virtualAuthenticators: true}
Session ID: 067d80fda771b066431ac265213ea36b
*** Element info: {Using=xpath, value=//*[text()=' You can't pick date before today ']}
16:17:16.605 INFO  manager.ListenerWD - org.openqa.selenium.InvalidSelectorException: invalid selector: Unable to locate an element with the xpath expression //*[text()=' You can't pick date before today '] because of the following error:
SyntaxError: Failed to execute 'evaluate' on 'Document': The string '//*[text()=' You can't pick date before today ']' is not a valid XPath expression.
  (Session info: chrome=120.0.6099.225)
For documentation on this error, please visit: https://www.seleniumhq.org/exceptions/invalid_selector_exception.html
Build info: version: '3.141.59', revision: 'e82be7d358', time: '2018-11-14T08:17:03'
System info: host: 'VITBER', ip: '192.168.68.105', os.name: 'Windows 11', os.arch: 'amd64', os.version: '10.0', java.version: '1.8.0_333'
Driver info: org.openqa.selenium.chrome.ChromeDriver
Capabilities {acceptInsecureCerts: false, browserName: chrome, browserVersion: 120.0.6099.225, chrome: {chromedriverVersion: 120.0.6099.71 (9729082fe617..., userDataDir: C:\Windows\SystemTemp\scope...}, fedcm:accounts: true, goog:chromeOptions: {debuggerAddress: localhost:54519}, javascriptEnabled: true, networkConnectionEnabled: false, pageLoadStrategy: normal, platform: WINDOWS, platformName: WINDOWS, proxy: Proxy(), setWindowRect: true, strictFileInteractability: false, timeouts: {implicit: 0, pageLoad: 300000, script: 30000}, unhandledPromptBehavior: dismiss and notify, webauthn:extension:credBlob: true, webauthn:extension:largeBlob: true, webauthn:extension:minPinLength: true, webauthn:extension:prf: true, webauthn:virtualAuthenticators: true}
Session ID: 067d80fda771b066431ac265213ea36b
*** Element info: {Using=xpath, value=//*[text()=' You can't pick date before today ']}
16:17:16.912 INFO  manager.ListenerWD - This is a link to screenshot with error--->src/test/screenshots/screen1036.png
16:17:16.914 INFO  tests.TestBase - ======================================
