16:14:33.222 INFO  manager.ApplicationManager - All tests run in Chrome
16:14:34.335 INFO  manager.ApplicationManager - The link--->https://ilcarro.web.app/search
16:14:34.357 INFO  manager.ListenerWD - Before find element By.cssSelector: a.logo
16:14:34.383 INFO  manager.ListenerWD - Element found success By.cssSelector: a.logo
16:14:34.387 INFO  manager.ListenerWD - start method click [[ChromeDriver: chrome on WINDOWS (6b16290994c573a2c7b75596d3fe6474)] -> css selector: a.logo]
16:14:34.751 INFO  manager.ListenerWD - done method click on: [[ChromeDriver: chrome on WINDOWS (6b16290994c573a2c7b75596d3fe6474)] -> css selector: a.logo]
16:14:34.753 INFO  manager.ListenerWD - Before find element By.id: city
16:14:34.771 INFO  manager.ListenerWD - Element found success By.id: city
16:14:34.881 INFO  manager.ListenerWD - Before find element By.id: city
16:14:34.898 INFO  manager.ListenerWD - Element found success By.id: city
16:14:34.898 INFO  manager.ListenerWD - start method click [[ChromeDriver: chrome on WINDOWS (6b16290994c573a2c7b75596d3fe6474)] -> id: city]
16:14:34.932 INFO  manager.ListenerWD - done method click on: [[ChromeDriver: chrome on WINDOWS (6b16290994c573a2c7b75596d3fe6474)] -> id: city]
16:14:35.084 INFO  manager.ListenerWD - Before find element By.cssSelector: div.pac-item
16:14:35.413 INFO  manager.ListenerWD - Element found success By.cssSelector: div.pac-item
16:14:35.413 INFO  manager.ListenerWD - start method click [[ChromeDriver: chrome on WINDOWS (6b16290994c573a2c7b75596d3fe6474)] -> css selector: div.pac-item]
16:14:35.454 INFO  manager.ListenerWD - done method click on: [[ChromeDriver: chrome on WINDOWS (6b16290994c573a2c7b75596d3fe6474)] -> css selector: div.pac-item]
16:14:35.454 INFO  manager.ListenerWD - Before find element By.id: dates
16:14:35.479 INFO  manager.ListenerWD - Element found success By.id: dates
16:14:35.479 INFO  manager.ListenerWD - start method click [[ChromeDriver: chrome on WINDOWS (6b16290994c573a2c7b75596d3fe6474)] -> id: dates]
16:14:35.557 INFO  manager.ListenerWD - done method click on: [[ChromeDriver: chrome on WINDOWS (6b16290994c573a2c7b75596d3fe6474)] -> id: dates]
16:14:35.557 INFO  manager.ListenerWD - Before find element By.xpath: /html/body/div[2]/div[1]
16:14:35.575 INFO  manager.ListenerWD - Element found success By.xpath: /html/body/div[2]/div[1]
16:14:35.575 INFO  manager.ListenerWD - start method click [[ChromeDriver: chrome on WINDOWS (6b16290994c573a2c7b75596d3fe6474)] -> xpath: /html/body/div[2]/div[1]]
16:14:35.619 INFO  manager.ListenerWD - done method click on: [[ChromeDriver: chrome on WINDOWS (6b16290994c573a2c7b75596d3fe6474)] -> xpath: /html/body/div[2]/div[1]]
16:14:35.620 INFO  manager.ListenerWD - Before find element By.id: dates
16:14:35.631 INFO  manager.ListenerWD - Element found success By.id: dates
16:14:35.631 INFO  manager.ListenerWD - start method click [[ChromeDriver: chrome on WINDOWS (6b16290994c573a2c7b75596d3fe6474)] -> id: dates]
16:14:35.687 INFO  manager.ListenerWD - done method click on: [[ChromeDriver: chrome on WINDOWS (6b16290994c573a2c7b75596d3fe6474)] -> id: dates]
16:14:35.879 INFO  manager.ListenerWD - Before find element By.xpath: /html/body/div[2]/div[1]
16:14:35.898 INFO  manager.ListenerWD - Element found success By.xpath: /html/body/div[2]/div[1]
16:14:35.898 INFO  manager.ListenerWD - start method click [[ChromeDriver: chrome on WINDOWS (6b16290994c573a2c7b75596d3fe6474)] -> xpath: /html/body/div[2]/div[1]]
16:14:35.934 INFO  manager.ListenerWD - done method click on: [[ChromeDriver: chrome on WINDOWS (6b16290994c573a2c7b75596d3fe6474)] -> xpath: /html/body/div[2]/div[1]]
16:14:36.296 INFO  manager.ListenerWD - Before find element By.xpath: //*[@type='submit']
16:14:36.317 INFO  manager.ListenerWD - Element found success By.xpath: //*[@type='submit']
16:14:36.317 INFO  manager.ListenerWD - start method click [[ChromeDriver: chrome on WINDOWS (6b16290994c573a2c7b75596d3fe6474)] -> xpath: //*[@type='submit']]
16:14:36.345 INFO  manager.ListenerWD - done method click on: [[ChromeDriver: chrome on WINDOWS (6b16290994c573a2c7b75596d3fe6474)] -> xpath: //*[@type='submit']]
16:14:36.345 INFO  manager.ListenerWD - Before find element By.cssSelector: button[disabled]
16:14:36.363 INFO  manager.ListenerWD - Element found success By.cssSelector: button[disabled]
16:14:36.364 INFO  manager.ListenerWD - Before find element By.cssSelector: button[type='submit']
16:14:36.377 INFO  manager.ListenerWD - Element found success By.cssSelector: button[type='submit']
16:14:36.384 INFO  manager.ListenerWD - Before find element By.xpath: //*[text()=' You can't pick date before today '
16:14:36.423 INFO  manager.ListenerWD - Houston we have a problem!
16:14:36.423 INFO  manager.ListenerWD - invalid selector: Unable to locate an element with the xpath expression //*[text()=' You can't pick date before today ' because of the following error:
SyntaxError: Failed to execute 'evaluate' on 'Document': The string '//*[text()=' You can't pick date before today '' is not a valid XPath expression.
  (Session info: chrome=120.0.6099.225)
For documentation on this error, please visit: https://www.seleniumhq.org/exceptions/invalid_selector_exception.html
Build info: version: '3.141.59', revision: 'e82be7d358', time: '2018-11-14T08:17:03'
System info: host: 'VITBER', ip: '192.168.68.105', os.name: 'Windows 11', os.arch: 'amd64', os.version: '10.0', java.version: '1.8.0_333'
Driver info: org.openqa.selenium.chrome.ChromeDriver
Capabilities {acceptInsecureCerts: false, browserName: chrome, browserVersion: 120.0.6099.225, chrome: {chromedriverVersion: 120.0.6099.71 (9729082fe617..., userDataDir: C:\Windows\SystemTemp\scope...}, fedcm:accounts: true, goog:chromeOptions: {debuggerAddress: localhost:54318}, javascriptEnabled: true, networkConnectionEnabled: false, pageLoadStrategy: normal, platform: WINDOWS, platformName: WINDOWS, proxy: Proxy(), setWindowRect: true, strictFileInteractability: false, timeouts: {implicit: 0, pageLoad: 300000, script: 30000}, unhandledPromptBehavior: dismiss and notify, webauthn:extension:credBlob: true, webauthn:extension:largeBlob: true, webauthn:extension:minPinLength: true, webauthn:extension:prf: true, webauthn:virtualAuthenticators: true}
Session ID: 6b16290994c573a2c7b75596d3fe6474
*** Element info: {Using=xpath, value=//*[text()=' You can't pick date before today '}
16:14:36.424 INFO  manager.ListenerWD - org.openqa.selenium.InvalidSelectorException: invalid selector: Unable to locate an element with the xpath expression //*[text()=' You can't pick date before today ' because of the following error:
SyntaxError: Failed to execute 'evaluate' on 'Document': The string '//*[text()=' You can't pick date before today '' is not a valid XPath expression.
  (Session info: chrome=120.0.6099.225)
For documentation on this error, please visit: https://www.seleniumhq.org/exceptions/invalid_selector_exception.html
Build info: version: '3.141.59', revision: 'e82be7d358', time: '2018-11-14T08:17:03'
System info: host: 'VITBER', ip: '192.168.68.105', os.name: 'Windows 11', os.arch: 'amd64', os.version: '10.0', java.version: '1.8.0_333'
Driver info: org.openqa.selenium.chrome.ChromeDriver
Capabilities {acceptInsecureCerts: false, browserName: chrome, browserVersion: 120.0.6099.225, chrome: {chromedriverVersion: 120.0.6099.71 (9729082fe617..., userDataDir: C:\Windows\SystemTemp\scope...}, fedcm:accounts: true, goog:chromeOptions: {debuggerAddress: localhost:54318}, javascriptEnabled: true, networkConnectionEnabled: false, pageLoadStrategy: normal, platform: WINDOWS, platformName: WINDOWS, proxy: Proxy(), setWindowRect: true, strictFileInteractability: false, timeouts: {implicit: 0, pageLoad: 300000, script: 30000}, unhandledPromptBehavior: dismiss and notify, webauthn:extension:credBlob: true, webauthn:extension:largeBlob: true, webauthn:extension:minPinLength: true, webauthn:extension:prf: true, webauthn:virtualAuthenticators: true}
Session ID: 6b16290994c573a2c7b75596d3fe6474
*** Element info: {Using=xpath, value=//*[text()=' You can't pick date before today '}
16:14:36.753 INFO  manager.ListenerWD - This is a link to screenshot with error--->src/test/screenshots/screen876.png
16:14:36.756 INFO  tests.TestBase - ======================================
