15:31:17.322 INFO  manager.ApplicationManager - All tests run in Chrome
15:31:18.535 INFO  manager.ApplicationManager - The link--->https://ilcarro.web.app/search
15:31:18.561 INFO  manager.ListenerWD - Before find element By.cssSelector: a.logo
15:31:18.589 INFO  manager.ListenerWD - Element found success By.cssSelector: a.logo
15:31:18.593 INFO  manager.ListenerWD - start method click [[ChromeDriver: chrome on WINDOWS (a3936383abe519fa24339e3ff11a4163)] -> css selector: a.logo]
15:31:18.970 INFO  manager.ListenerWD - done method click on: [[ChromeDriver: chrome on WINDOWS (a3936383abe519fa24339e3ff11a4163)] -> css selector: a.logo]
15:31:18.972 INFO  manager.ListenerWD - Before find element By.id: city
15:31:18.995 INFO  manager.ListenerWD - Element found success By.id: city
15:31:19.105 INFO  manager.ListenerWD - Before find element By.id: city
15:31:19.119 INFO  manager.ListenerWD - Element found success By.id: city
15:31:19.119 INFO  manager.ListenerWD - start method click [[ChromeDriver: chrome on WINDOWS (a3936383abe519fa24339e3ff11a4163)] -> id: city]
15:31:19.161 INFO  manager.ListenerWD - done method click on: [[ChromeDriver: chrome on WINDOWS (a3936383abe519fa24339e3ff11a4163)] -> id: city]
15:31:19.341 INFO  manager.ListenerWD - Before find element By.cssSelector: div.pac-item
15:31:19.670 INFO  manager.ListenerWD - Element found success By.cssSelector: div.pac-item
15:31:19.671 INFO  manager.ListenerWD - start method click [[ChromeDriver: chrome on WINDOWS (a3936383abe519fa24339e3ff11a4163)] -> css selector: div.pac-item]
15:31:19.708 INFO  manager.ListenerWD - done method click on: [[ChromeDriver: chrome on WINDOWS (a3936383abe519fa24339e3ff11a4163)] -> css selector: div.pac-item]
15:31:19.708 INFO  manager.ListenerWD - Before find element By.id: dates
15:31:19.736 INFO  manager.ListenerWD - Element found success By.id: dates
15:31:19.736 INFO  manager.ListenerWD - start method click [[ChromeDriver: chrome on WINDOWS (a3936383abe519fa24339e3ff11a4163)] -> id: dates]
15:31:19.819 INFO  manager.ListenerWD - done method click on: [[ChromeDriver: chrome on WINDOWS (a3936383abe519fa24339e3ff11a4163)] -> id: dates]
15:31:19.819 INFO  manager.ListenerWD - Before find element By.id: dates
15:31:19.844 INFO  manager.ListenerWD - Element found success By.id: dates
15:31:19.844 INFO  manager.ListenerWD - start method click [[ChromeDriver: chrome on WINDOWS (a3936383abe519fa24339e3ff11a4163)] -> id: dates]
15:31:20.922 INFO  manager.ListenerWD - Houston we have a problem!
15:31:20.922 INFO  manager.ListenerWD - element click intercepted: Element <input _ngcontent-bkt-c106="" formcontrolname="dates" id="dates" ng-reflect-name="dates" ng-reflect-label="[object HTMLLabelElement]" ng-reflect-max="Thu Jan 30 2025 15:31:18 GMT+0" ng-reflect-min="Wed Jan 31 2024 15:31:18 GMT+0" ng-reflect-sat-datepicker="[object Object]" class="ng-pristine ng-invalid ng-touched" aria-haspopup="dialog" min="2024-01-31" max="2025-01-30" aria-owns="sat-datepicker-0"> is not clickable at point (301, 348). Other element would receive the click: <div class="mat-calendar-body-cell-content mat-calendar-body-today">...</div>
  (Session info: chrome=120.0.6099.225)
Build info: version: '3.141.59', revision: 'e82be7d358', time: '2018-11-14T08:17:03'
System info: host: 'VITBER', ip: '192.168.68.105', os.name: 'Windows 11', os.arch: 'amd64', os.version: '10.0', java.version: '1.8.0_333'
Driver info: org.openqa.selenium.chrome.ChromeDriver
Capabilities {acceptInsecureCerts: false, browserName: chrome, browserVersion: 120.0.6099.225, chrome: {chromedriverVersion: 120.0.6099.71 (9729082fe617..., userDataDir: C:\Windows\SystemTemp\scope...}, fedcm:accounts: true, goog:chromeOptions: {debuggerAddress: localhost:52661}, javascriptEnabled: true, networkConnectionEnabled: false, pageLoadStrategy: normal, platform: WINDOWS, platformName: WINDOWS, proxy: Proxy(), setWindowRect: true, strictFileInteractability: false, timeouts: {implicit: 0, pageLoad: 300000, script: 30000}, unhandledPromptBehavior: dismiss and notify, webauthn:extension:credBlob: true, webauthn:extension:largeBlob: true, webauthn:extension:minPinLength: true, webauthn:extension:prf: true, webauthn:virtualAuthenticators: true}
Session ID: a3936383abe519fa24339e3ff11a4163
15:31:20.923 INFO  manager.ListenerWD - org.openqa.selenium.ElementClickInterceptedException: element click intercepted: Element <input _ngcontent-bkt-c106="" formcontrolname="dates" id="dates" ng-reflect-name="dates" ng-reflect-label="[object HTMLLabelElement]" ng-reflect-max="Thu Jan 30 2025 15:31:18 GMT+0" ng-reflect-min="Wed Jan 31 2024 15:31:18 GMT+0" ng-reflect-sat-datepicker="[object Object]" class="ng-pristine ng-invalid ng-touched" aria-haspopup="dialog" min="2024-01-31" max="2025-01-30" aria-owns="sat-datepicker-0"> is not clickable at point (301, 348). Other element would receive the click: <div class="mat-calendar-body-cell-content mat-calendar-body-today">...</div>
  (Session info: chrome=120.0.6099.225)
Build info: version: '3.141.59', revision: 'e82be7d358', time: '2018-11-14T08:17:03'
System info: host: 'VITBER', ip: '192.168.68.105', os.name: 'Windows 11', os.arch: 'amd64', os.version: '10.0', java.version: '1.8.0_333'
Driver info: org.openqa.selenium.chrome.ChromeDriver
Capabilities {acceptInsecureCerts: false, browserName: chrome, browserVersion: 120.0.6099.225, chrome: {chromedriverVersion: 120.0.6099.71 (9729082fe617..., userDataDir: C:\Windows\SystemTemp\scope...}, fedcm:accounts: true, goog:chromeOptions: {debuggerAddress: localhost:52661}, javascriptEnabled: true, networkConnectionEnabled: false, pageLoadStrategy: normal, platform: WINDOWS, platformName: WINDOWS, proxy: Proxy(), setWindowRect: true, strictFileInteractability: false, timeouts: {implicit: 0, pageLoad: 300000, script: 30000}, unhandledPromptBehavior: dismiss and notify, webauthn:extension:credBlob: true, webauthn:extension:largeBlob: true, webauthn:extension:minPinLength: true, webauthn:extension:prf: true, webauthn:virtualAuthenticators: true}
Session ID: a3936383abe519fa24339e3ff11a4163
15:31:21.242 INFO  manager.ListenerWD - This is a link to screenshot with error--->src/test/screenshots/screen1880.png
15:31:21.244 INFO  tests.TestBase - ======================================
