16:51:24.247 INFO  manager.ApplicationManager - All tests run in Chrome
16:51:25.773 INFO  manager.ApplicationManager - The link--->https://ilcarro.web.app/search
16:51:25.801 INFO  manager.ListenerWD - Before find element By.xpath: //*[text()=' Logout ']
16:51:35.837 INFO  manager.ListenerWD - Element found success By.xpath: //*[text()=' Logout ']
16:51:35.838 INFO  manager.ListenerWD - Before find element By.xpath: //a[text()=' Log in ']
16:51:35.866 INFO  manager.ListenerWD - Element found success By.xpath: //a[text()=' Log in ']
16:51:35.878 INFO  manager.ListenerWD - start method click [[ChromeDriver: chrome on WINDOWS (f51e1eb95ac6437d1ff2376dcb086efe)] -> xpath: //a[text()=' Log in ']]
16:51:35.994 INFO  manager.ListenerWD - done method click on: [[ChromeDriver: chrome on WINDOWS (f51e1eb95ac6437d1ff2376dcb086efe)] -> xpath: //a[text()=' Log in ']]
16:51:35.994 INFO  manager.ListenerWD - Before find element By.xpath: //*[@id='email']
16:51:36.030 INFO  manager.ListenerWD - Element found success By.xpath: //*[@id='email']
16:51:36.031 INFO  manager.ListenerWD - start method click [[ChromeDriver: chrome on WINDOWS (f51e1eb95ac6437d1ff2376dcb086efe)] -> xpath: //*[@id='email']]
16:51:36.142 INFO  manager.ListenerWD - done method click on: [[ChromeDriver: chrome on WINDOWS (f51e1eb95ac6437d1ff2376dcb086efe)] -> xpath: //*[@id='email']]
16:51:36.513 INFO  manager.ListenerWD - Before find element By.xpath: //*[@id='password']
16:51:36.544 INFO  manager.ListenerWD - Element found success By.xpath: //*[@id='password']
16:51:36.545 INFO  manager.ListenerWD - start method click [[ChromeDriver: chrome on WINDOWS (f51e1eb95ac6437d1ff2376dcb086efe)] -> xpath: //*[@id='password']]
16:51:36.626 INFO  manager.ListenerWD - done method click on: [[ChromeDriver: chrome on WINDOWS (f51e1eb95ac6437d1ff2376dcb086efe)] -> xpath: //*[@id='password']]
16:51:36.946 INFO  manager.ListenerWD - Before find element By.xpath: //*[@type='submit']
16:51:36.969 INFO  manager.ListenerWD - Element found success By.xpath: //*[@type='submit']
16:51:36.969 INFO  manager.ListenerWD - start method click [[ChromeDriver: chrome on WINDOWS (f51e1eb95ac6437d1ff2376dcb086efe)] -> xpath: //*[@type='submit']]
16:51:37.071 INFO  manager.ListenerWD - done method click on: [[ChromeDriver: chrome on WINDOWS (f51e1eb95ac6437d1ff2376dcb086efe)] -> xpath: //*[@type='submit']]
16:51:37.072 INFO  manager.ListenerWD - Before find element By.xpath: //button[text()='Ok']
16:51:38.942 INFO  manager.ListenerWD - Element found success By.xpath: //button[text()='Ok']
16:51:38.942 INFO  manager.ListenerWD - Before find element By.xpath: //button[text()='Ok']
16:51:38.966 INFO  manager.ListenerWD - Element found success By.xpath: //button[text()='Ok']
16:51:38.967 INFO  manager.ListenerWD - start method click [[ChromeDriver: chrome on WINDOWS (f51e1eb95ac6437d1ff2376dcb086efe)] -> xpath: //button[text()='Ok']]
16:51:39.057 INFO  manager.ListenerWD - done method click on: [[ChromeDriver: chrome on WINDOWS (f51e1eb95ac6437d1ff2376dcb086efe)] -> xpath: //button[text()='Ok']]
16:51:39.075 INFO  tests.TestBase - test add new car wrong manufacture (empty) started
16:51:39.076 INFO  tests.TestBase - test data: location-'Tel Aviv, Israel', manufacture-'', model-'Sportage', year-'2020', fuel-'Gas',seats-'5', car class-'C', car number-'432-232 +i',price-'50'
16:51:39.584 INFO  manager.ListenerWD - Before find element By.xpath: //a[text()=' Let the car work ']
16:51:39.626 INFO  manager.ListenerWD - Element found success By.xpath: //a[text()=' Let the car work ']
16:51:39.627 INFO  manager.ListenerWD - start method click [[ChromeDriver: chrome on WINDOWS (f51e1eb95ac6437d1ff2376dcb086efe)] -> xpath: //a[text()=' Let the car work ']]
16:51:39.726 INFO  manager.ListenerWD - done method click on: [[ChromeDriver: chrome on WINDOWS (f51e1eb95ac6437d1ff2376dcb086efe)] -> xpath: //a[text()=' Let the car work ']]
16:51:39.727 INFO  manager.ListenerWD - Before find element By.id: pickUpPlace
16:51:39.763 INFO  manager.ListenerWD - Element found success By.id: pickUpPlace
16:51:39.763 INFO  manager.ListenerWD - start method click [[ChromeDriver: chrome on WINDOWS (f51e1eb95ac6437d1ff2376dcb086efe)] -> id: pickUpPlace]
16:51:39.831 INFO  manager.ListenerWD - done method click on: [[ChromeDriver: chrome on WINDOWS (f51e1eb95ac6437d1ff2376dcb086efe)] -> id: pickUpPlace]
16:51:40.077 INFO  manager.ListenerWD - Before find element By.cssSelector: div.pac-item
16:51:40.428 INFO  manager.ListenerWD - Element found success By.cssSelector: div.pac-item
16:51:40.428 INFO  manager.ListenerWD - start method click [[ChromeDriver: chrome on WINDOWS (f51e1eb95ac6437d1ff2376dcb086efe)] -> css selector: div.pac-item]
16:51:40.490 INFO  manager.ListenerWD - done method click on: [[ChromeDriver: chrome on WINDOWS (f51e1eb95ac6437d1ff2376dcb086efe)] -> css selector: div.pac-item]
16:51:40.490 INFO  manager.ListenerWD - Before find element By.id: make
16:51:40.510 INFO  manager.ListenerWD - Element found success By.id: make
16:51:40.511 INFO  manager.ListenerWD - start method click [[ChromeDriver: chrome on WINDOWS (f51e1eb95ac6437d1ff2376dcb086efe)] -> id: make]
16:51:40.580 INFO  manager.ListenerWD - done method click on: [[ChromeDriver: chrome on WINDOWS (f51e1eb95ac6437d1ff2376dcb086efe)] -> id: make]
16:51:40.823 INFO  manager.ListenerWD - Before find element By.id: model
16:51:40.842 INFO  manager.ListenerWD - Element found success By.id: model
16:51:40.843 INFO  manager.ListenerWD - start method click [[ChromeDriver: chrome on WINDOWS (f51e1eb95ac6437d1ff2376dcb086efe)] -> id: model]
16:51:40.918 INFO  manager.ListenerWD - done method click on: [[ChromeDriver: chrome on WINDOWS (f51e1eb95ac6437d1ff2376dcb086efe)] -> id: model]
16:51:41.149 INFO  manager.ListenerWD - Before find element By.id: year
16:51:41.172 INFO  manager.ListenerWD - Element found success By.id: year
16:51:41.172 INFO  manager.ListenerWD - start method click [[ChromeDriver: chrome on WINDOWS (f51e1eb95ac6437d1ff2376dcb086efe)] -> id: year]
16:51:41.256 INFO  manager.ListenerWD - done method click on: [[ChromeDriver: chrome on WINDOWS (f51e1eb95ac6437d1ff2376dcb086efe)] -> id: year]
16:51:41.639 INFO  manager.ListenerWD - Before find element By.id: fuel
16:51:41.663 INFO  manager.ListenerWD - Element found success By.id: fuel
16:51:41.701 INFO  manager.ListenerWD - Before find element By.xpath: .//option[@value = "Gas"]
16:51:41.723 INFO  manager.ListenerWD - Element found success By.xpath: .//option[@value = "Gas"]
16:51:41.743 INFO  manager.ListenerWD - start method click [[[[ChromeDriver: chrome on WINDOWS (f51e1eb95ac6437d1ff2376dcb086efe)] -> id: fuel]] -> xpath: .//option[@value = "Gas"]]
16:51:41.796 INFO  manager.ListenerWD - done method click on: [[[[ChromeDriver: chrome on WINDOWS (f51e1eb95ac6437d1ff2376dcb086efe)] -> id: fuel]] -> xpath: .//option[@value = "Gas"]]
16:51:41.798 INFO  manager.ListenerWD - Before find element By.id: seats
16:51:41.837 INFO  manager.ListenerWD - Element found success By.id: seats
16:51:41.838 INFO  manager.ListenerWD - start method click [[ChromeDriver: chrome on WINDOWS (f51e1eb95ac6437d1ff2376dcb086efe)] -> id: seats]
16:51:41.944 INFO  manager.ListenerWD - done method click on: [[ChromeDriver: chrome on WINDOWS (f51e1eb95ac6437d1ff2376dcb086efe)] -> id: seats]
16:51:42.385 INFO  manager.ListenerWD - Before find element By.id: class
16:51:42.405 INFO  manager.ListenerWD - Element found success By.id: class
16:51:42.406 INFO  manager.ListenerWD - start method click [[ChromeDriver: chrome on WINDOWS (f51e1eb95ac6437d1ff2376dcb086efe)] -> id: class]
16:51:42.455 INFO  manager.ListenerWD - done method click on: [[ChromeDriver: chrome on WINDOWS (f51e1eb95ac6437d1ff2376dcb086efe)] -> id: class]
16:51:42.770 INFO  manager.ListenerWD - Before find element By.id: serialNumber
16:51:42.796 INFO  manager.ListenerWD - Element found success By.id: serialNumber
16:51:42.797 INFO  manager.ListenerWD - start method click [[ChromeDriver: chrome on WINDOWS (f51e1eb95ac6437d1ff2376dcb086efe)] -> id: serialNumber]
16:51:42.879 INFO  manager.ListenerWD - done method click on: [[ChromeDriver: chrome on WINDOWS (f51e1eb95ac6437d1ff2376dcb086efe)] -> id: serialNumber]
16:51:43.151 INFO  manager.ListenerWD - Before find element By.id: price
16:51:43.188 INFO  manager.ListenerWD - Element found success By.id: price
16:51:43.189 INFO  manager.ListenerWD - start method click [[ChromeDriver: chrome on WINDOWS (f51e1eb95ac6437d1ff2376dcb086efe)] -> id: price]
16:51:43.269 INFO  manager.ListenerWD - done method click on: [[ChromeDriver: chrome on WINDOWS (f51e1eb95ac6437d1ff2376dcb086efe)] -> id: price]
16:51:43.610 INFO  manager.ListenerWD - Before find element By.id: about
16:51:43.639 INFO  manager.ListenerWD - Element found success By.id: about
16:51:43.640 INFO  manager.ListenerWD - start method click [[ChromeDriver: chrome on WINDOWS (f51e1eb95ac6437d1ff2376dcb086efe)] -> id: about]
16:51:43.722 INFO  manager.ListenerWD - done method click on: [[ChromeDriver: chrome on WINDOWS (f51e1eb95ac6437d1ff2376dcb086efe)] -> id: about]
16:51:43.890 INFO  manager.ListenerWD - Before find element By.xpath: //*[@type='submit']
16:51:43.915 INFO  manager.ListenerWD - Element found success By.xpath: //*[@type='submit']
16:51:43.915 INFO  manager.ListenerWD - start method click [[ChromeDriver: chrome on WINDOWS (f51e1eb95ac6437d1ff2376dcb086efe)] -> xpath: //*[@type='submit']]
16:51:43.988 INFO  manager.ListenerWD - done method click on: [[ChromeDriver: chrome on WINDOWS (f51e1eb95ac6437d1ff2376dcb086efe)] -> xpath: //*[@type='submit']]
16:51:43.988 INFO  manager.ListenerWD - Before find element By.xpath: //*[contains(text(),'Make is required')]
16:51:44.021 INFO  manager.ListenerWD - Element found success By.xpath: //*[contains(text(),'Make is required')]
16:51:44.026 INFO  tests.TestBase - assert check message 'Make is required'
16:51:44.031 INFO  manager.ListenerWD - Before find element By.cssSelector: button[disabled]
16:51:44.053 INFO  manager.ListenerWD - Element found success By.cssSelector: button[disabled]
16:51:44.053 INFO  manager.ListenerWD - Before find element By.cssSelector: button[type='submit']
16:51:44.088 INFO  manager.ListenerWD - Element found success By.cssSelector: button[type='submit']
16:51:44.098 INFO  manager.ListenerWD - Before find element By.xpath: //button[text()='Search cars']
16:51:54.152 INFO  manager.ListenerWD - Houston we have a problem!
16:51:54.153 INFO  manager.ListenerWD - no such element: Unable to locate element: {"method":"xpath","selector":"//button[text()='Search cars']"}
  (Session info: chrome=120.0.6099.225)
For documentation on this error, please visit: https://www.seleniumhq.org/exceptions/no_such_element.html
Build info: version: '3.141.59', revision: 'e82be7d358', time: '2018-11-14T08:17:03'
System info: host: 'VITBER', ip: '192.168.68.105', os.name: 'Windows 11', os.arch: 'amd64', os.version: '10.0', java.version: '1.8.0_333'
Driver info: org.openqa.selenium.chrome.ChromeDriver
Capabilities {acceptInsecureCerts: false, browserName: chrome, browserVersion: 120.0.6099.225, chrome: {chromedriverVersion: 120.0.6099.71 (9729082fe617..., userDataDir: C:\Windows\SystemTemp\scope...}, fedcm:accounts: true, goog:chromeOptions: {debuggerAddress: localhost:55626}, javascriptEnabled: true, networkConnectionEnabled: false, pageLoadStrategy: normal, platform: WINDOWS, platformName: WINDOWS, proxy: Proxy(), setWindowRect: true, strictFileInteractability: false, timeouts: {implicit: 0, pageLoad: 300000, script: 30000}, unhandledPromptBehavior: dismiss and notify, webauthn:extension:credBlob: true, webauthn:extension:largeBlob: true, webauthn:extension:minPinLength: true, webauthn:extension:prf: true, webauthn:virtualAuthenticators: true}
Session ID: f51e1eb95ac6437d1ff2376dcb086efe
*** Element info: {Using=xpath, value=//button[text()='Search cars']}
16:51:54.155 INFO  manager.ListenerWD - org.openqa.selenium.NoSuchElementException: no such element: Unable to locate element: {"method":"xpath","selector":"//button[text()='Search cars']"}
  (Session info: chrome=120.0.6099.225)
For documentation on this error, please visit: https://www.seleniumhq.org/exceptions/no_such_element.html
Build info: version: '3.141.59', revision: 'e82be7d358', time: '2018-11-14T08:17:03'
System info: host: 'VITBER', ip: '192.168.68.105', os.name: 'Windows 11', os.arch: 'amd64', os.version: '10.0', java.version: '1.8.0_333'
Driver info: org.openqa.selenium.chrome.ChromeDriver
Capabilities {acceptInsecureCerts: false, browserName: chrome, browserVersion: 120.0.6099.225, chrome: {chromedriverVersion: 120.0.6099.71 (9729082fe617..., userDataDir: C:\Windows\SystemTemp\scope...}, fedcm:accounts: true, goog:chromeOptions: {debuggerAddress: localhost:55626}, javascriptEnabled: true, networkConnectionEnabled: false, pageLoadStrategy: normal, platform: WINDOWS, platformName: WINDOWS, proxy: Proxy(), setWindowRect: true, strictFileInteractability: false, timeouts: {implicit: 0, pageLoad: 300000, script: 30000}, unhandledPromptBehavior: dismiss and notify, webauthn:extension:credBlob: true, webauthn:extension:largeBlob: true, webauthn:extension:minPinLength: true, webauthn:extension:prf: true, webauthn:virtualAuthenticators: true}
Session ID: f51e1eb95ac6437d1ff2376dcb086efe
*** Element info: {Using=xpath, value=//button[text()='Search cars']}
16:51:54.320 INFO  manager.ListenerWD - This is a link to screenshot with error--->src/test/screenshots/screen3114.png
