15:50:19.942 INFO  manager.ApplicationManager - All tests run in Chrome
15:50:21.061 INFO  manager.ApplicationManager - The link--->https://ilcarro.web.app/search
15:50:21.085 INFO  manager.ListenerWD - Before find element By.cssSelector: a.logo
15:50:21.107 INFO  manager.ListenerWD - Element found success By.cssSelector: a.logo
15:50:21.111 INFO  manager.ListenerWD - start method click [[ChromeDriver: chrome on WINDOWS (ad54fa7c8b86d1343c4cb834a5637ba5)] -> css selector: a.logo]
15:50:21.490 INFO  manager.ListenerWD - done method click on: [[ChromeDriver: chrome on WINDOWS (ad54fa7c8b86d1343c4cb834a5637ba5)] -> css selector: a.logo]
15:50:21.492 INFO  manager.ListenerWD - Before find element By.id: city
15:50:21.526 INFO  manager.ListenerWD - Element found success By.id: city
15:50:21.626 INFO  manager.ListenerWD - Before find element By.id: city
15:50:21.642 INFO  manager.ListenerWD - Element found success By.id: city
15:50:21.643 INFO  manager.ListenerWD - start method click [[ChromeDriver: chrome on WINDOWS (ad54fa7c8b86d1343c4cb834a5637ba5)] -> id: city]
15:50:21.690 INFO  manager.ListenerWD - done method click on: [[ChromeDriver: chrome on WINDOWS (ad54fa7c8b86d1343c4cb834a5637ba5)] -> id: city]
15:50:21.855 INFO  manager.ListenerWD - Before find element By.cssSelector: div.pac-item
15:50:22.198 INFO  manager.ListenerWD - Element found success By.cssSelector: div.pac-item
15:50:22.198 INFO  manager.ListenerWD - start method click [[ChromeDriver: chrome on WINDOWS (ad54fa7c8b86d1343c4cb834a5637ba5)] -> css selector: div.pac-item]
15:50:22.239 INFO  manager.ListenerWD - done method click on: [[ChromeDriver: chrome on WINDOWS (ad54fa7c8b86d1343c4cb834a5637ba5)] -> css selector: div.pac-item]
15:50:22.240 INFO  manager.ListenerWD - Before find element By.id: dates
15:50:22.266 INFO  manager.ListenerWD - Element found success By.id: dates
15:50:22.266 INFO  manager.ListenerWD - start method click [[ChromeDriver: chrome on WINDOWS (ad54fa7c8b86d1343c4cb834a5637ba5)] -> id: dates]
15:50:22.349 INFO  manager.ListenerWD - done method click on: [[ChromeDriver: chrome on WINDOWS (ad54fa7c8b86d1343c4cb834a5637ba5)] -> id: dates]
15:50:22.349 INFO  manager.ListenerWD - Before find element By.xpath: //*[@href='terms-of-use']
15:50:22.377 INFO  manager.ListenerWD - Element found success By.xpath: //*[@href='terms-of-use']
15:50:22.377 INFO  manager.ListenerWD - start method click [[ChromeDriver: chrome on WINDOWS (ad54fa7c8b86d1343c4cb834a5637ba5)] -> xpath: //*[@href='terms-of-use']]
15:50:23.430 INFO  manager.ListenerWD - Houston we have a problem!
15:50:23.430 INFO  manager.ListenerWD - element click intercepted: Element <a _ngcontent-ggx-c47="" href="terms-of-use">...</a> is not clickable at point (1199, 676). Other element would receive the click: <div class="cdk-overlay-backdrop mat-overlay-transparent-backdrop cdk-overlay-backdrop-showing"></div>
  (Session info: chrome=120.0.6099.225)
Build info: version: '3.141.59', revision: 'e82be7d358', time: '2018-11-14T08:17:03'
System info: host: 'VITBER', ip: '192.168.68.105', os.name: 'Windows 11', os.arch: 'amd64', os.version: '10.0', java.version: '1.8.0_333'
Driver info: org.openqa.selenium.chrome.ChromeDriver
Capabilities {acceptInsecureCerts: false, browserName: chrome, browserVersion: 120.0.6099.225, chrome: {chromedriverVersion: 120.0.6099.71 (9729082fe617..., userDataDir: C:\Windows\SystemTemp\scope...}, fedcm:accounts: true, goog:chromeOptions: {debuggerAddress: localhost:53390}, javascriptEnabled: true, networkConnectionEnabled: false, pageLoadStrategy: normal, platform: WINDOWS, platformName: WINDOWS, proxy: Proxy(), setWindowRect: true, strictFileInteractability: false, timeouts: {implicit: 0, pageLoad: 300000, script: 30000}, unhandledPromptBehavior: dismiss and notify, webauthn:extension:credBlob: true, webauthn:extension:largeBlob: true, webauthn:extension:minPinLength: true, webauthn:extension:prf: true, webauthn:virtualAuthenticators: true}
Session ID: ad54fa7c8b86d1343c4cb834a5637ba5
15:50:23.430 INFO  manager.ListenerWD - org.openqa.selenium.ElementClickInterceptedException: element click intercepted: Element <a _ngcontent-ggx-c47="" href="terms-of-use">...</a> is not clickable at point (1199, 676). Other element would receive the click: <div class="cdk-overlay-backdrop mat-overlay-transparent-backdrop cdk-overlay-backdrop-showing"></div>
  (Session info: chrome=120.0.6099.225)
Build info: version: '3.141.59', revision: 'e82be7d358', time: '2018-11-14T08:17:03'
System info: host: 'VITBER', ip: '192.168.68.105', os.name: 'Windows 11', os.arch: 'amd64', os.version: '10.0', java.version: '1.8.0_333'
Driver info: org.openqa.selenium.chrome.ChromeDriver
Capabilities {acceptInsecureCerts: false, browserName: chrome, browserVersion: 120.0.6099.225, chrome: {chromedriverVersion: 120.0.6099.71 (9729082fe617..., userDataDir: C:\Windows\SystemTemp\scope...}, fedcm:accounts: true, goog:chromeOptions: {debuggerAddress: localhost:53390}, javascriptEnabled: true, networkConnectionEnabled: false, pageLoadStrategy: normal, platform: WINDOWS, platformName: WINDOWS, proxy: Proxy(), setWindowRect: true, strictFileInteractability: false, timeouts: {implicit: 0, pageLoad: 300000, script: 30000}, unhandledPromptBehavior: dismiss and notify, webauthn:extension:credBlob: true, webauthn:extension:largeBlob: true, webauthn:extension:minPinLength: true, webauthn:extension:prf: true, webauthn:virtualAuthenticators: true}
Session ID: ad54fa7c8b86d1343c4cb834a5637ba5
15:50:23.593 INFO  manager.ListenerWD - This is a link to screenshot with error--->src/test/screenshots/screen3023.png
15:50:23.595 INFO  tests.TestBase - ======================================
