17:08:02.744 INFO  manager.ApplicationManager - All tests run in Chrome
17:08:03.900 INFO  manager.ApplicationManager - The link--->https://ilcarro.web.app/search
17:08:03.924 INFO  manager.ListenerWD - Before find element By.xpath: //*[text()=' Logout ']
17:08:13.946 INFO  manager.ListenerWD - Element found success By.xpath: //*[text()=' Logout ']
17:08:13.948 INFO  manager.ListenerWD - Before find element By.xpath: //a[text()=' Log in ']
17:08:13.982 INFO  manager.ListenerWD - Element found success By.xpath: //a[text()=' Log in ']
17:08:13.991 INFO  manager.ListenerWD - start method click [[ChromeDriver: chrome on WINDOWS (8c9eae6d1b1f54d5c7e810c24058c3b8)] -> xpath: //a[text()=' Log in ']]
17:08:14.068 INFO  manager.ListenerWD - done method click on: [[ChromeDriver: chrome on WINDOWS (8c9eae6d1b1f54d5c7e810c24058c3b8)] -> xpath: //a[text()=' Log in ']]
17:08:14.069 INFO  manager.ListenerWD - Before find element By.xpath: //*[@id='email']
17:08:14.097 INFO  manager.ListenerWD - Element found success By.xpath: //*[@id='email']
17:08:14.098 INFO  manager.ListenerWD - start method click [[ChromeDriver: chrome on WINDOWS (8c9eae6d1b1f54d5c7e810c24058c3b8)] -> xpath: //*[@id='email']]
17:08:14.135 INFO  manager.ListenerWD - done method click on: [[ChromeDriver: chrome on WINDOWS (8c9eae6d1b1f54d5c7e810c24058c3b8)] -> xpath: //*[@id='email']]
17:08:14.322 INFO  manager.ListenerWD - Before find element By.xpath: //*[@id='password']
17:08:14.341 INFO  manager.ListenerWD - Element found success By.xpath: //*[@id='password']
17:08:14.341 INFO  manager.ListenerWD - start method click [[ChromeDriver: chrome on WINDOWS (8c9eae6d1b1f54d5c7e810c24058c3b8)] -> xpath: //*[@id='password']]
17:08:14.375 INFO  manager.ListenerWD - done method click on: [[ChromeDriver: chrome on WINDOWS (8c9eae6d1b1f54d5c7e810c24058c3b8)] -> xpath: //*[@id='password']]
17:08:14.506 INFO  manager.ListenerWD - Before find element By.xpath: //*[@type='submit']
17:08:14.528 INFO  manager.ListenerWD - Element found success By.xpath: //*[@type='submit']
17:08:14.530 INFO  manager.ListenerWD - start method click [[ChromeDriver: chrome on WINDOWS (8c9eae6d1b1f54d5c7e810c24058c3b8)] -> xpath: //*[@type='submit']]
17:08:14.576 INFO  manager.ListenerWD - done method click on: [[ChromeDriver: chrome on WINDOWS (8c9eae6d1b1f54d5c7e810c24058c3b8)] -> xpath: //*[@type='submit']]
17:08:14.577 INFO  manager.ListenerWD - Before find element By.xpath: //button[text()='Ok']
17:08:15.548 INFO  manager.ListenerWD - Element found success By.xpath: //button[text()='Ok']
17:08:15.548 INFO  manager.ListenerWD - Before find element By.xpath: //button[text()='Ok']
17:08:15.566 INFO  manager.ListenerWD - Element found success By.xpath: //button[text()='Ok']
17:08:15.567 INFO  manager.ListenerWD - start method click [[ChromeDriver: chrome on WINDOWS (8c9eae6d1b1f54d5c7e810c24058c3b8)] -> xpath: //button[text()='Ok']]
17:08:15.598 INFO  manager.ListenerWD - done method click on: [[ChromeDriver: chrome on WINDOWS (8c9eae6d1b1f54d5c7e810c24058c3b8)] -> xpath: //button[text()='Ok']]
17:08:15.605 INFO  tests.TestBase - test add new car wrong manufacture (empty) started
17:08:15.606 INFO  tests.TestBase - test data: location-'', manufacture-'Kia', model-'Sportage', year-'2020', fuel-'Gas',seats-'5', car class-'C', car number-'432-232 +i',price-'50'
17:08:16.117 INFO  manager.ListenerWD - Before find element By.xpath: //a[text()=' Let the car work ']
17:08:16.152 INFO  manager.ListenerWD - Element found success By.xpath: //a[text()=' Let the car work ']
17:08:16.152 INFO  manager.ListenerWD - start method click [[ChromeDriver: chrome on WINDOWS (8c9eae6d1b1f54d5c7e810c24058c3b8)] -> xpath: //a[text()=' Let the car work ']]
17:08:16.216 INFO  manager.ListenerWD - done method click on: [[ChromeDriver: chrome on WINDOWS (8c9eae6d1b1f54d5c7e810c24058c3b8)] -> xpath: //a[text()=' Let the car work ']]
17:08:16.217 INFO  manager.ListenerWD - Before find element By.id: pickUpPlace
17:08:16.238 INFO  manager.ListenerWD - Element found success By.id: pickUpPlace
17:08:16.238 INFO  manager.ListenerWD - start method click [[ChromeDriver: chrome on WINDOWS (8c9eae6d1b1f54d5c7e810c24058c3b8)] -> id: pickUpPlace]
17:08:16.275 INFO  manager.ListenerWD - done method click on: [[ChromeDriver: chrome on WINDOWS (8c9eae6d1b1f54d5c7e810c24058c3b8)] -> id: pickUpPlace]
17:08:16.443 INFO  manager.ListenerWD - Before find element By.cssSelector: div.pac-item
17:08:16.982 INFO  manager.ListenerWD - Element found success By.cssSelector: div.pac-item
17:08:16.984 INFO  manager.ListenerWD - start method click [[ChromeDriver: chrome on WINDOWS (8c9eae6d1b1f54d5c7e810c24058c3b8)] -> css selector: div.pac-item]
17:08:17.040 INFO  manager.ListenerWD - done method click on: [[ChromeDriver: chrome on WINDOWS (8c9eae6d1b1f54d5c7e810c24058c3b8)] -> css selector: div.pac-item]
17:08:17.041 INFO  manager.ListenerWD - Before find element By.id: make
17:08:17.066 INFO  manager.ListenerWD - Element found success By.id: make
17:08:17.069 INFO  manager.ListenerWD - start method click [[ChromeDriver: chrome on WINDOWS (8c9eae6d1b1f54d5c7e810c24058c3b8)] -> id: make]
17:08:17.116 INFO  manager.ListenerWD - done method click on: [[ChromeDriver: chrome on WINDOWS (8c9eae6d1b1f54d5c7e810c24058c3b8)] -> id: make]
17:08:17.249 INFO  manager.ListenerWD - Before find element By.id: model
17:08:17.274 INFO  manager.ListenerWD - Element found success By.id: model
17:08:17.276 INFO  manager.ListenerWD - start method click [[ChromeDriver: chrome on WINDOWS (8c9eae6d1b1f54d5c7e810c24058c3b8)] -> id: model]
17:08:17.327 INFO  manager.ListenerWD - done method click on: [[ChromeDriver: chrome on WINDOWS (8c9eae6d1b1f54d5c7e810c24058c3b8)] -> id: model]
17:08:17.483 INFO  manager.ListenerWD - Before find element By.id: year
17:08:17.502 INFO  manager.ListenerWD - Element found success By.id: year
17:08:17.502 INFO  manager.ListenerWD - start method click [[ChromeDriver: chrome on WINDOWS (8c9eae6d1b1f54d5c7e810c24058c3b8)] -> id: year]
17:08:17.543 INFO  manager.ListenerWD - done method click on: [[ChromeDriver: chrome on WINDOWS (8c9eae6d1b1f54d5c7e810c24058c3b8)] -> id: year]
17:08:17.715 INFO  manager.ListenerWD - Before find element By.id: fuel
17:08:17.734 INFO  manager.ListenerWD - Element found success By.id: fuel
17:08:17.763 INFO  manager.ListenerWD - Before find element By.xpath: .//option[@value = "Gas"]
17:08:17.784 INFO  manager.ListenerWD - Element found success By.xpath: .//option[@value = "Gas"]
17:08:17.797 INFO  manager.ListenerWD - start method click [[[[ChromeDriver: chrome on WINDOWS (8c9eae6d1b1f54d5c7e810c24058c3b8)] -> id: fuel]] -> xpath: .//option[@value = "Gas"]]
17:08:17.830 INFO  manager.ListenerWD - done method click on: [[[[ChromeDriver: chrome on WINDOWS (8c9eae6d1b1f54d5c7e810c24058c3b8)] -> id: fuel]] -> xpath: .//option[@value = "Gas"]]
17:08:17.831 INFO  manager.ListenerWD - Before find element By.id: seats
17:08:17.849 INFO  manager.ListenerWD - Element found success By.id: seats
17:08:17.850 INFO  manager.ListenerWD - start method click [[ChromeDriver: chrome on WINDOWS (8c9eae6d1b1f54d5c7e810c24058c3b8)] -> id: seats]
17:08:17.894 INFO  manager.ListenerWD - done method click on: [[ChromeDriver: chrome on WINDOWS (8c9eae6d1b1f54d5c7e810c24058c3b8)] -> id: seats]
17:08:18.016 INFO  manager.ListenerWD - Before find element By.id: class
17:08:18.031 INFO  manager.ListenerWD - Element found success By.id: class
17:08:18.032 INFO  manager.ListenerWD - start method click [[ChromeDriver: chrome on WINDOWS (8c9eae6d1b1f54d5c7e810c24058c3b8)] -> id: class]
17:08:18.079 INFO  manager.ListenerWD - done method click on: [[ChromeDriver: chrome on WINDOWS (8c9eae6d1b1f54d5c7e810c24058c3b8)] -> id: class]
17:08:18.195 INFO  manager.ListenerWD - Before find element By.id: serialNumber
17:08:18.216 INFO  manager.ListenerWD - Element found success By.id: serialNumber
17:08:18.216 INFO  manager.ListenerWD - start method click [[ChromeDriver: chrome on WINDOWS (8c9eae6d1b1f54d5c7e810c24058c3b8)] -> id: serialNumber]
17:08:18.252 INFO  manager.ListenerWD - done method click on: [[ChromeDriver: chrome on WINDOWS (8c9eae6d1b1f54d5c7e810c24058c3b8)] -> id: serialNumber]
17:08:18.391 INFO  manager.ListenerWD - Before find element By.id: price
17:08:18.401 INFO  manager.ListenerWD - Element found success By.id: price
17:08:18.402 INFO  manager.ListenerWD - start method click [[ChromeDriver: chrome on WINDOWS (8c9eae6d1b1f54d5c7e810c24058c3b8)] -> id: price]
17:08:18.437 INFO  manager.ListenerWD - done method click on: [[ChromeDriver: chrome on WINDOWS (8c9eae6d1b1f54d5c7e810c24058c3b8)] -> id: price]
17:08:18.617 INFO  manager.ListenerWD - Before find element By.id: about
17:08:18.640 INFO  manager.ListenerWD - Element found success By.id: about
17:08:18.640 INFO  manager.ListenerWD - start method click [[ChromeDriver: chrome on WINDOWS (8c9eae6d1b1f54d5c7e810c24058c3b8)] -> id: about]
17:08:18.678 INFO  manager.ListenerWD - done method click on: [[ChromeDriver: chrome on WINDOWS (8c9eae6d1b1f54d5c7e810c24058c3b8)] -> id: about]
17:08:18.780 INFO  manager.ListenerWD - Before find element By.xpath: //*[@type='submit']
17:08:18.793 INFO  manager.ListenerWD - Element found success By.xpath: //*[@type='submit']
17:08:18.793 INFO  manager.ListenerWD - start method click [[ChromeDriver: chrome on WINDOWS (8c9eae6d1b1f54d5c7e810c24058c3b8)] -> xpath: //*[@type='submit']]
17:08:18.835 INFO  manager.ListenerWD - done method click on: [[ChromeDriver: chrome on WINDOWS (8c9eae6d1b1f54d5c7e810c24058c3b8)] -> xpath: //*[@type='submit']]
17:08:18.835 INFO  manager.ListenerWD - Before find element By.xpath: //*[contains(text(),'Make is required')]
17:08:18.860 INFO  manager.ListenerWD - Element found success By.xpath: //*[contains(text(),'Make is required')]
17:08:18.862 INFO  tests.TestBase - assert check message 'Make is required'
17:08:18.864 INFO  manager.ListenerWD - Before find element By.xpath: //button[text()='Search cars']
17:08:28.934 INFO  manager.ListenerWD - Houston we have a problem!
17:08:28.934 INFO  manager.ListenerWD - no such element: Unable to locate element: {"method":"xpath","selector":"//button[text()='Search cars']"}
  (Session info: chrome=120.0.6099.225)
For documentation on this error, please visit: https://www.seleniumhq.org/exceptions/no_such_element.html
Build info: version: '3.141.59', revision: 'e82be7d358', time: '2018-11-14T08:17:03'
System info: host: 'VITBER', ip: '192.168.68.105', os.name: 'Windows 11', os.arch: 'amd64', os.version: '10.0', java.version: '1.8.0_333'
Driver info: org.openqa.selenium.chrome.ChromeDriver
Capabilities {acceptInsecureCerts: false, browserName: chrome, browserVersion: 120.0.6099.225, chrome: {chromedriverVersion: 120.0.6099.71 (9729082fe617..., userDataDir: C:\Windows\SystemTemp\scope...}, fedcm:accounts: true, goog:chromeOptions: {debuggerAddress: localhost:53213}, javascriptEnabled: true, networkConnectionEnabled: false, pageLoadStrategy: normal, platform: WINDOWS, platformName: WINDOWS, proxy: Proxy(), setWindowRect: true, strictFileInteractability: false, timeouts: {implicit: 0, pageLoad: 300000, script: 30000}, unhandledPromptBehavior: dismiss and notify, webauthn:extension:credBlob: true, webauthn:extension:largeBlob: true, webauthn:extension:minPinLength: true, webauthn:extension:prf: true, webauthn:virtualAuthenticators: true}
Session ID: 8c9eae6d1b1f54d5c7e810c24058c3b8
*** Element info: {Using=xpath, value=//button[text()='Search cars']}
17:08:28.935 INFO  manager.ListenerWD - org.openqa.selenium.NoSuchElementException: no such element: Unable to locate element: {"method":"xpath","selector":"//button[text()='Search cars']"}
  (Session info: chrome=120.0.6099.225)
For documentation on this error, please visit: https://www.seleniumhq.org/exceptions/no_such_element.html
Build info: version: '3.141.59', revision: 'e82be7d358', time: '2018-11-14T08:17:03'
System info: host: 'VITBER', ip: '192.168.68.105', os.name: 'Windows 11', os.arch: 'amd64', os.version: '10.0', java.version: '1.8.0_333'
Driver info: org.openqa.selenium.chrome.ChromeDriver
Capabilities {acceptInsecureCerts: false, browserName: chrome, browserVersion: 120.0.6099.225, chrome: {chromedriverVersion: 120.0.6099.71 (9729082fe617..., userDataDir: C:\Windows\SystemTemp\scope...}, fedcm:accounts: true, goog:chromeOptions: {debuggerAddress: localhost:53213}, javascriptEnabled: true, networkConnectionEnabled: false, pageLoadStrategy: normal, platform: WINDOWS, platformName: WINDOWS, proxy: Proxy(), setWindowRect: true, strictFileInteractability: false, timeouts: {implicit: 0, pageLoad: 300000, script: 30000}, unhandledPromptBehavior: dismiss and notify, webauthn:extension:credBlob: true, webauthn:extension:largeBlob: true, webauthn:extension:minPinLength: true, webauthn:extension:prf: true, webauthn:virtualAuthenticators: true}
Session ID: 8c9eae6d1b1f54d5c7e810c24058c3b8
*** Element info: {Using=xpath, value=//button[text()='Search cars']}
17:08:29.084 INFO  manager.ListenerWD - This is a link to screenshot with error--->src/test/screenshots/screen508.png
