16:16:27.544 INFO  manager.ApplicationManager - All tests run in Chrome
16:16:28.640 INFO  manager.ApplicationManager - The link--->https://ilcarro.web.app/search
16:16:28.664 INFO  manager.ListenerWD - Before find element By.cssSelector: a.logo
16:16:28.690 INFO  manager.ListenerWD - Element found success By.cssSelector: a.logo
16:16:28.696 INFO  manager.ListenerWD - start method click [[ChromeDriver: chrome on WINDOWS (297efac12bbcdb3fd0b0540e7b3ca4b4)] -> css selector: a.logo]
16:16:29.081 INFO  manager.ListenerWD - done method click on: [[ChromeDriver: chrome on WINDOWS (297efac12bbcdb3fd0b0540e7b3ca4b4)] -> css selector: a.logo]
16:16:29.084 INFO  manager.ListenerWD - Before find element By.id: city
16:16:29.112 INFO  manager.ListenerWD - Element found success By.id: city
16:16:29.183 INFO  manager.ListenerWD - Before find element By.id: city
16:16:29.205 INFO  manager.ListenerWD - Element found success By.id: city
16:16:29.205 INFO  manager.ListenerWD - start method click [[ChromeDriver: chrome on WINDOWS (297efac12bbcdb3fd0b0540e7b3ca4b4)] -> id: city]
16:16:29.244 INFO  manager.ListenerWD - done method click on: [[ChromeDriver: chrome on WINDOWS (297efac12bbcdb3fd0b0540e7b3ca4b4)] -> id: city]
16:16:29.412 INFO  manager.ListenerWD - Before find element By.cssSelector: div.pac-item
16:16:29.989 INFO  manager.ListenerWD - Element found success By.cssSelector: div.pac-item
16:16:29.990 INFO  manager.ListenerWD - start method click [[ChromeDriver: chrome on WINDOWS (297efac12bbcdb3fd0b0540e7b3ca4b4)] -> css selector: div.pac-item]
16:16:30.032 INFO  manager.ListenerWD - done method click on: [[ChromeDriver: chrome on WINDOWS (297efac12bbcdb3fd0b0540e7b3ca4b4)] -> css selector: div.pac-item]
16:16:30.032 INFO  manager.ListenerWD - Before find element By.id: dates
16:16:30.053 INFO  manager.ListenerWD - Element found success By.id: dates
16:16:30.054 INFO  manager.ListenerWD - start method click [[ChromeDriver: chrome on WINDOWS (297efac12bbcdb3fd0b0540e7b3ca4b4)] -> id: dates]
16:16:30.129 INFO  manager.ListenerWD - done method click on: [[ChromeDriver: chrome on WINDOWS (297efac12bbcdb3fd0b0540e7b3ca4b4)] -> id: dates]
16:16:30.129 INFO  manager.ListenerWD - Before find element By.xpath: /html/body/div[2]/div[1]
16:16:30.151 INFO  manager.ListenerWD - Element found success By.xpath: /html/body/div[2]/div[1]
16:16:30.151 INFO  manager.ListenerWD - start method click [[ChromeDriver: chrome on WINDOWS (297efac12bbcdb3fd0b0540e7b3ca4b4)] -> xpath: /html/body/div[2]/div[1]]
16:16:30.199 INFO  manager.ListenerWD - done method click on: [[ChromeDriver: chrome on WINDOWS (297efac12bbcdb3fd0b0540e7b3ca4b4)] -> xpath: /html/body/div[2]/div[1]]
16:16:30.199 INFO  manager.ListenerWD - Before find element By.id: dates
16:16:30.209 INFO  manager.ListenerWD - Element found success By.id: dates
16:16:30.209 INFO  manager.ListenerWD - start method click [[ChromeDriver: chrome on WINDOWS (297efac12bbcdb3fd0b0540e7b3ca4b4)] -> id: dates]
16:16:30.277 INFO  manager.ListenerWD - done method click on: [[ChromeDriver: chrome on WINDOWS (297efac12bbcdb3fd0b0540e7b3ca4b4)] -> id: dates]
16:16:30.473 INFO  manager.ListenerWD - Before find element By.xpath: /html/body/div[2]/div[1]
16:16:30.492 INFO  manager.ListenerWD - Element found success By.xpath: /html/body/div[2]/div[1]
16:16:30.492 INFO  manager.ListenerWD - start method click [[ChromeDriver: chrome on WINDOWS (297efac12bbcdb3fd0b0540e7b3ca4b4)] -> xpath: /html/body/div[2]/div[1]]
16:16:30.526 INFO  manager.ListenerWD - done method click on: [[ChromeDriver: chrome on WINDOWS (297efac12bbcdb3fd0b0540e7b3ca4b4)] -> xpath: /html/body/div[2]/div[1]]
16:16:30.880 INFO  manager.ListenerWD - Before find element By.xpath: //*[@type='submit']
16:16:30.906 INFO  manager.ListenerWD - Element found success By.xpath: //*[@type='submit']
16:16:30.906 INFO  manager.ListenerWD - start method click [[ChromeDriver: chrome on WINDOWS (297efac12bbcdb3fd0b0540e7b3ca4b4)] -> xpath: //*[@type='submit']]
16:16:30.935 INFO  manager.ListenerWD - done method click on: [[ChromeDriver: chrome on WINDOWS (297efac12bbcdb3fd0b0540e7b3ca4b4)] -> xpath: //*[@type='submit']]
16:16:30.935 INFO  manager.ListenerWD - Before find element By.cssSelector: button[disabled]
16:16:30.956 INFO  manager.ListenerWD - Element found success By.cssSelector: button[disabled]
16:16:30.956 INFO  manager.ListenerWD - Before find element By.cssSelector: button[type='submit']
16:16:30.969 INFO  manager.ListenerWD - Element found success By.cssSelector: button[type='submit']
16:16:30.976 INFO  manager.ListenerWD - Before find element By.xpath: //*[text()=' You can't pick date before today ']
16:16:31.013 INFO  manager.ListenerWD - Houston we have a problem!
16:16:31.014 INFO  manager.ListenerWD - invalid selector: Unable to locate an element with the xpath expression //*[text()=' You can't pick date before today '] because of the following error:
SyntaxError: Failed to execute 'evaluate' on 'Document': The string '//*[text()=' You can't pick date before today ']' is not a valid XPath expression.
  (Session info: chrome=120.0.6099.225)
For documentation on this error, please visit: https://www.seleniumhq.org/exceptions/invalid_selector_exception.html
Build info: version: '3.141.59', revision: 'e82be7d358', time: '2018-11-14T08:17:03'
System info: host: 'VITBER', ip: '192.168.68.105', os.name: 'Windows 11', os.arch: 'amd64', os.version: '10.0', java.version: '1.8.0_333'
Driver info: org.openqa.selenium.chrome.ChromeDriver
Capabilities {acceptInsecureCerts: false, browserName: chrome, browserVersion: 120.0.6099.225, chrome: {chromedriverVersion: 120.0.6099.71 (9729082fe617..., userDataDir: C:\Windows\SystemTemp\scope...}, fedcm:accounts: true, goog:chromeOptions: {debuggerAddress: localhost:54463}, javascriptEnabled: true, networkConnectionEnabled: false, pageLoadStrategy: normal, platform: WINDOWS, platformName: WINDOWS, proxy: Proxy(), setWindowRect: true, strictFileInteractability: false, timeouts: {implicit: 0, pageLoad: 300000, script: 30000}, unhandledPromptBehavior: dismiss and notify, webauthn:extension:credBlob: true, webauthn:extension:largeBlob: true, webauthn:extension:minPinLength: true, webauthn:extension:prf: true, webauthn:virtualAuthenticators: true}
Session ID: 297efac12bbcdb3fd0b0540e7b3ca4b4
*** Element info: {Using=xpath, value=//*[text()=' You can't pick date before today ']}
16:16:31.014 INFO  manager.ListenerWD - org.openqa.selenium.InvalidSelectorException: invalid selector: Unable to locate an element with the xpath expression //*[text()=' You can't pick date before today '] because of the following error:
SyntaxError: Failed to execute 'evaluate' on 'Document': The string '//*[text()=' You can't pick date before today ']' is not a valid XPath expression.
  (Session info: chrome=120.0.6099.225)
For documentation on this error, please visit: https://www.seleniumhq.org/exceptions/invalid_selector_exception.html
Build info: version: '3.141.59', revision: 'e82be7d358', time: '2018-11-14T08:17:03'
System info: host: 'VITBER', ip: '192.168.68.105', os.name: 'Windows 11', os.arch: 'amd64', os.version: '10.0', java.version: '1.8.0_333'
Driver info: org.openqa.selenium.chrome.ChromeDriver
Capabilities {acceptInsecureCerts: false, browserName: chrome, browserVersion: 120.0.6099.225, chrome: {chromedriverVersion: 120.0.6099.71 (9729082fe617..., userDataDir: C:\Windows\SystemTemp\scope...}, fedcm:accounts: true, goog:chromeOptions: {debuggerAddress: localhost:54463}, javascriptEnabled: true, networkConnectionEnabled: false, pageLoadStrategy: normal, platform: WINDOWS, platformName: WINDOWS, proxy: Proxy(), setWindowRect: true, strictFileInteractability: false, timeouts: {implicit: 0, pageLoad: 300000, script: 30000}, unhandledPromptBehavior: dismiss and notify, webauthn:extension:credBlob: true, webauthn:extension:largeBlob: true, webauthn:extension:minPinLength: true, webauthn:extension:prf: true, webauthn:virtualAuthenticators: true}
Session ID: 297efac12bbcdb3fd0b0540e7b3ca4b4
*** Element info: {Using=xpath, value=//*[text()=' You can't pick date before today ']}
16:16:31.345 INFO  manager.ListenerWD - This is a link to screenshot with error--->src/test/screenshots/screen991.png
16:16:31.347 INFO  tests.TestBase - ======================================
