15:59:41.155 INFO  manager.ApplicationManager - All tests run in Chrome
15:59:42.277 INFO  manager.ApplicationManager - The link--->https://ilcarro.web.app/search
15:59:42.297 INFO  manager.ListenerWD - Before find element By.cssSelector: a.logo
15:59:42.324 INFO  manager.ListenerWD - Element found success By.cssSelector: a.logo
15:59:42.328 INFO  manager.ListenerWD - start method click [[ChromeDriver: chrome on WINDOWS (72d9de1ec42db4a3263c977eb678356e)] -> css selector: a.logo]
15:59:42.655 INFO  manager.ListenerWD - done method click on: [[ChromeDriver: chrome on WINDOWS (72d9de1ec42db4a3263c977eb678356e)] -> css selector: a.logo]
15:59:42.664 INFO  manager.ListenerWD - Before find element By.id: city
15:59:42.691 INFO  manager.ListenerWD - Element found success By.id: city
15:59:42.787 INFO  manager.ListenerWD - Before find element By.id: city
15:59:42.805 INFO  manager.ListenerWD - Element found success By.id: city
15:59:42.805 INFO  manager.ListenerWD - start method click [[ChromeDriver: chrome on WINDOWS (72d9de1ec42db4a3263c977eb678356e)] -> id: city]
15:59:42.844 INFO  manager.ListenerWD - done method click on: [[ChromeDriver: chrome on WINDOWS (72d9de1ec42db4a3263c977eb678356e)] -> id: city]
15:59:43.001 INFO  manager.ListenerWD - Before find element By.cssSelector: div.pac-item
15:59:43.327 INFO  manager.ListenerWD - Element found success By.cssSelector: div.pac-item
15:59:43.327 INFO  manager.ListenerWD - start method click [[ChromeDriver: chrome on WINDOWS (72d9de1ec42db4a3263c977eb678356e)] -> css selector: div.pac-item]
15:59:43.369 INFO  manager.ListenerWD - done method click on: [[ChromeDriver: chrome on WINDOWS (72d9de1ec42db4a3263c977eb678356e)] -> css selector: div.pac-item]
15:59:43.369 INFO  manager.ListenerWD - Before find element By.id: dates
15:59:43.396 INFO  manager.ListenerWD - Element found success By.id: dates
15:59:43.396 INFO  manager.ListenerWD - start method click [[ChromeDriver: chrome on WINDOWS (72d9de1ec42db4a3263c977eb678356e)] -> id: dates]
15:59:43.470 INFO  manager.ListenerWD - done method click on: [[ChromeDriver: chrome on WINDOWS (72d9de1ec42db4a3263c977eb678356e)] -> id: dates]
15:59:43.471 INFO  manager.ListenerWD - Before find element By.xpath: //*[@type='submit']
15:59:43.490 INFO  manager.ListenerWD - Element found success By.xpath: //*[@type='submit']
15:59:43.490 INFO  manager.ListenerWD - start method click [[ChromeDriver: chrome on WINDOWS (72d9de1ec42db4a3263c977eb678356e)] -> xpath: //*[@type='submit']]
15:59:44.606 INFO  manager.ListenerWD - Houston we have a problem!
15:59:44.606 INFO  manager.ListenerWD - element click intercepted: Element <button _ngcontent-hur-c106="" type="submit" disabled="">...</button> is not clickable at point (220, 418). Other element would receive the click: <div class="cdk-overlay-backdrop mat-overlay-transparent-backdrop cdk-overlay-backdrop-showing"></div>
  (Session info: chrome=120.0.6099.225)
Build info: version: '3.141.59', revision: 'e82be7d358', time: '2018-11-14T08:17:03'
System info: host: 'VITBER', ip: '192.168.68.105', os.name: 'Windows 11', os.arch: 'amd64', os.version: '10.0', java.version: '1.8.0_333'
Driver info: org.openqa.selenium.chrome.ChromeDriver
Capabilities {acceptInsecureCerts: false, browserName: chrome, browserVersion: 120.0.6099.225, chrome: {chromedriverVersion: 120.0.6099.71 (9729082fe617..., userDataDir: C:\Windows\SystemTemp\scope...}, fedcm:accounts: true, goog:chromeOptions: {debuggerAddress: localhost:53758}, javascriptEnabled: true, networkConnectionEnabled: false, pageLoadStrategy: normal, platform: WINDOWS, platformName: WINDOWS, proxy: Proxy(), setWindowRect: true, strictFileInteractability: false, timeouts: {implicit: 0, pageLoad: 300000, script: 30000}, unhandledPromptBehavior: dismiss and notify, webauthn:extension:credBlob: true, webauthn:extension:largeBlob: true, webauthn:extension:minPinLength: true, webauthn:extension:prf: true, webauthn:virtualAuthenticators: true}
Session ID: 72d9de1ec42db4a3263c977eb678356e
15:59:44.607 INFO  manager.ListenerWD - org.openqa.selenium.ElementClickInterceptedException: element click intercepted: Element <button _ngcontent-hur-c106="" type="submit" disabled="">...</button> is not clickable at point (220, 418). Other element would receive the click: <div class="cdk-overlay-backdrop mat-overlay-transparent-backdrop cdk-overlay-backdrop-showing"></div>
  (Session info: chrome=120.0.6099.225)
Build info: version: '3.141.59', revision: 'e82be7d358', time: '2018-11-14T08:17:03'
System info: host: 'VITBER', ip: '192.168.68.105', os.name: 'Windows 11', os.arch: 'amd64', os.version: '10.0', java.version: '1.8.0_333'
Driver info: org.openqa.selenium.chrome.ChromeDriver
Capabilities {acceptInsecureCerts: false, browserName: chrome, browserVersion: 120.0.6099.225, chrome: {chromedriverVersion: 120.0.6099.71 (9729082fe617..., userDataDir: C:\Windows\SystemTemp\scope...}, fedcm:accounts: true, goog:chromeOptions: {debuggerAddress: localhost:53758}, javascriptEnabled: true, networkConnectionEnabled: false, pageLoadStrategy: normal, platform: WINDOWS, platformName: WINDOWS, proxy: Proxy(), setWindowRect: true, strictFileInteractability: false, timeouts: {implicit: 0, pageLoad: 300000, script: 30000}, unhandledPromptBehavior: dismiss and notify, webauthn:extension:credBlob: true, webauthn:extension:largeBlob: true, webauthn:extension:minPinLength: true, webauthn:extension:prf: true, webauthn:virtualAuthenticators: true}
Session ID: 72d9de1ec42db4a3263c977eb678356e
15:59:44.963 INFO  manager.ListenerWD - This is a link to screenshot with error--->src/test/screenshots/screen3584.png
15:59:44.965 INFO  tests.TestBase - ======================================
