19:43:00.080 INFO  manager.ApplicationManager - All tests run in Chrome
19:43:01.859 INFO  manager.ApplicationManager - The link--->https://ilcarro.web.app/search
19:43:01.948 INFO  manager.ListenerWD - Before find element By.xpath: //*[text()=' Logout ']
19:43:11.993 INFO  manager.ListenerWD - Element found success By.xpath: //*[text()=' Logout ']
19:43:11.994 INFO  manager.ListenerWD - Before find element By.xpath: //a[text()=' Log in ']
19:43:12.023 INFO  manager.ListenerWD - Element found success By.xpath: //a[text()=' Log in ']
19:43:12.028 INFO  manager.ListenerWD - start method click [[ChromeDriver: chrome on WINDOWS (abe3a9069ed001d12e130f949376f740)] -> xpath: //a[text()=' Log in ']]
19:43:12.121 INFO  manager.ListenerWD - done method click on: [[ChromeDriver: chrome on WINDOWS (abe3a9069ed001d12e130f949376f740)] -> xpath: //a[text()=' Log in ']]
19:43:12.122 INFO  manager.ListenerWD - Before find element By.xpath: //*[@id='email']
19:43:12.170 INFO  manager.ListenerWD - Element found success By.xpath: //*[@id='email']
19:43:12.170 INFO  manager.ListenerWD - start method click [[ChromeDriver: chrome on WINDOWS (abe3a9069ed001d12e130f949376f740)] -> xpath: //*[@id='email']]
19:43:12.319 INFO  manager.ListenerWD - done method click on: [[ChromeDriver: chrome on WINDOWS (abe3a9069ed001d12e130f949376f740)] -> xpath: //*[@id='email']]
19:43:12.726 INFO  manager.ListenerWD - Before find element By.xpath: //*[@id='password']
19:43:12.768 INFO  manager.ListenerWD - Element found success By.xpath: //*[@id='password']
19:43:12.769 INFO  manager.ListenerWD - start method click [[ChromeDriver: chrome on WINDOWS (abe3a9069ed001d12e130f949376f740)] -> xpath: //*[@id='password']]
19:43:12.814 INFO  manager.ListenerWD - done method click on: [[ChromeDriver: chrome on WINDOWS (abe3a9069ed001d12e130f949376f740)] -> xpath: //*[@id='password']]
19:43:13.059 INFO  manager.ListenerWD - Before find element By.xpath: //*[@type='submit']
19:43:13.106 INFO  manager.ListenerWD - Element found success By.xpath: //*[@type='submit']
19:43:13.108 INFO  manager.ListenerWD - start method click [[ChromeDriver: chrome on WINDOWS (abe3a9069ed001d12e130f949376f740)] -> xpath: //*[@type='submit']]
19:43:13.186 INFO  manager.ListenerWD - done method click on: [[ChromeDriver: chrome on WINDOWS (abe3a9069ed001d12e130f949376f740)] -> xpath: //*[@type='submit']]
19:43:13.187 INFO  manager.ListenerWD - Before find element By.xpath: //button[text()='Ok']
19:43:14.138 INFO  manager.ListenerWD - Element found success By.xpath: //button[text()='Ok']
19:43:14.140 INFO  manager.ListenerWD - Before find element By.xpath: //button[text()='Ok']
19:43:14.170 INFO  manager.ListenerWD - Element found success By.xpath: //button[text()='Ok']
19:43:14.171 INFO  manager.ListenerWD - start method click [[ChromeDriver: chrome on WINDOWS (abe3a9069ed001d12e130f949376f740)] -> xpath: //button[text()='Ok']]
19:43:14.227 INFO  manager.ListenerWD - done method click on: [[ChromeDriver: chrome on WINDOWS (abe3a9069ed001d12e130f949376f740)] -> xpath: //button[text()='Ok']]
19:43:14.236 INFO  tests.TestBase - test add new car wrong year (empty) started
19:43:14.236 INFO  tests.TestBase - test data: location-'Tel Aviv, Israel', manufacture-'Kia', model-'Sportage', year-'', fuel-'Gas',seats-'5', car class-'C', car number-'432-232 +i',price-'50'
19:43:14.750 INFO  manager.ListenerWD - Before find element By.xpath: //a[text()=' Let the car work ']
19:43:14.781 INFO  manager.ListenerWD - Element found success By.xpath: //a[text()=' Let the car work ']
19:43:14.782 INFO  manager.ListenerWD - start method click [[ChromeDriver: chrome on WINDOWS (abe3a9069ed001d12e130f949376f740)] -> xpath: //a[text()=' Let the car work ']]
19:43:14.939 INFO  manager.ListenerWD - done method click on: [[ChromeDriver: chrome on WINDOWS (abe3a9069ed001d12e130f949376f740)] -> xpath: //a[text()=' Let the car work ']]
19:43:14.940 INFO  manager.ListenerWD - Before find element By.id: pickUpPlace
19:43:14.987 INFO  manager.ListenerWD - Element found success By.id: pickUpPlace
19:43:14.989 INFO  manager.ListenerWD - start method click [[ChromeDriver: chrome on WINDOWS (abe3a9069ed001d12e130f949376f740)] -> id: pickUpPlace]
19:43:15.038 INFO  manager.ListenerWD - done method click on: [[ChromeDriver: chrome on WINDOWS (abe3a9069ed001d12e130f949376f740)] -> id: pickUpPlace]
19:43:15.290 INFO  manager.ListenerWD - Before find element By.cssSelector: div.pac-item
19:43:15.658 INFO  manager.ListenerWD - Element found success By.cssSelector: div.pac-item
19:43:15.659 INFO  manager.ListenerWD - start method click [[ChromeDriver: chrome on WINDOWS (abe3a9069ed001d12e130f949376f740)] -> css selector: div.pac-item]
19:43:15.704 INFO  manager.ListenerWD - done method click on: [[ChromeDriver: chrome on WINDOWS (abe3a9069ed001d12e130f949376f740)] -> css selector: div.pac-item]
19:43:15.704 INFO  manager.ListenerWD - Before find element By.id: make
19:43:15.740 INFO  manager.ListenerWD - Element found success By.id: make
19:43:15.741 INFO  manager.ListenerWD - start method click [[ChromeDriver: chrome on WINDOWS (abe3a9069ed001d12e130f949376f740)] -> id: make]
19:43:15.819 INFO  manager.ListenerWD - done method click on: [[ChromeDriver: chrome on WINDOWS (abe3a9069ed001d12e130f949376f740)] -> id: make]
19:43:16.197 INFO  manager.ListenerWD - Before find element By.id: model
19:43:16.234 INFO  manager.ListenerWD - Element found success By.id: model
19:43:16.236 INFO  manager.ListenerWD - start method click [[ChromeDriver: chrome on WINDOWS (abe3a9069ed001d12e130f949376f740)] -> id: model]
19:43:16.310 INFO  manager.ListenerWD - done method click on: [[ChromeDriver: chrome on WINDOWS (abe3a9069ed001d12e130f949376f740)] -> id: model]
19:43:16.744 INFO  manager.ListenerWD - Before find element By.id: year
19:43:16.777 INFO  manager.ListenerWD - Element found success By.id: year
19:43:16.779 INFO  manager.ListenerWD - start method click [[ChromeDriver: chrome on WINDOWS (abe3a9069ed001d12e130f949376f740)] -> id: year]
19:43:16.823 INFO  manager.ListenerWD - done method click on: [[ChromeDriver: chrome on WINDOWS (abe3a9069ed001d12e130f949376f740)] -> id: year]
19:43:17.199 INFO  manager.ListenerWD - Before find element By.id: fuel
19:43:17.210 INFO  manager.ListenerWD - Element found success By.id: fuel
19:43:17.254 INFO  manager.ListenerWD - Before find element By.xpath: .//option[@value = "Gas"]
19:43:17.282 INFO  manager.ListenerWD - Element found success By.xpath: .//option[@value = "Gas"]
19:43:17.290 INFO  manager.ListenerWD - start method click [[[[ChromeDriver: chrome on WINDOWS (abe3a9069ed001d12e130f949376f740)] -> id: fuel]] -> xpath: .//option[@value = "Gas"]]
19:43:17.320 INFO  manager.ListenerWD - done method click on: [[[[ChromeDriver: chrome on WINDOWS (abe3a9069ed001d12e130f949376f740)] -> id: fuel]] -> xpath: .//option[@value = "Gas"]]
19:43:17.321 INFO  manager.ListenerWD - Before find element By.id: seats
19:43:17.347 INFO  manager.ListenerWD - Element found success By.id: seats
19:43:17.350 INFO  manager.ListenerWD - start method click [[ChromeDriver: chrome on WINDOWS (abe3a9069ed001d12e130f949376f740)] -> id: seats]
19:43:17.385 INFO  manager.ListenerWD - done method click on: [[ChromeDriver: chrome on WINDOWS (abe3a9069ed001d12e130f949376f740)] -> id: seats]
19:43:17.734 INFO  manager.ListenerWD - Before find element By.id: class
19:43:17.776 INFO  manager.ListenerWD - Element found success By.id: class
19:43:17.777 INFO  manager.ListenerWD - start method click [[ChromeDriver: chrome on WINDOWS (abe3a9069ed001d12e130f949376f740)] -> id: class]
19:43:17.824 INFO  manager.ListenerWD - done method click on: [[ChromeDriver: chrome on WINDOWS (abe3a9069ed001d12e130f949376f740)] -> id: class]
19:43:18.022 INFO  manager.ListenerWD - Before find element By.id: serialNumber
19:43:18.084 INFO  manager.ListenerWD - Element found success By.id: serialNumber
19:43:18.087 INFO  manager.ListenerWD - start method click [[ChromeDriver: chrome on WINDOWS (abe3a9069ed001d12e130f949376f740)] -> id: serialNumber]
19:43:18.173 INFO  manager.ListenerWD - done method click on: [[ChromeDriver: chrome on WINDOWS (abe3a9069ed001d12e130f949376f740)] -> id: serialNumber]
19:43:18.534 INFO  manager.ListenerWD - Before find element By.id: price
19:43:18.556 INFO  manager.ListenerWD - Element found success By.id: price
19:43:18.556 INFO  manager.ListenerWD - start method click [[ChromeDriver: chrome on WINDOWS (abe3a9069ed001d12e130f949376f740)] -> id: price]
19:43:18.622 INFO  manager.ListenerWD - done method click on: [[ChromeDriver: chrome on WINDOWS (abe3a9069ed001d12e130f949376f740)] -> id: price]
19:43:18.952 INFO  manager.ListenerWD - Before find element By.id: about
19:43:18.993 INFO  manager.ListenerWD - Element found success By.id: about
19:43:18.994 INFO  manager.ListenerWD - start method click [[ChromeDriver: chrome on WINDOWS (abe3a9069ed001d12e130f949376f740)] -> id: about]
19:43:19.054 INFO  manager.ListenerWD - done method click on: [[ChromeDriver: chrome on WINDOWS (abe3a9069ed001d12e130f949376f740)] -> id: about]
19:43:19.173 INFO  manager.ListenerWD - Before find element By.xpath: //*[@type='submit']
19:43:19.184 INFO  manager.ListenerWD - Element found success By.xpath: //*[@type='submit']
19:43:19.185 INFO  manager.ListenerWD - start method click [[ChromeDriver: chrome on WINDOWS (abe3a9069ed001d12e130f949376f740)] -> xpath: //*[@type='submit']]
19:43:19.220 INFO  manager.ListenerWD - done method click on: [[ChromeDriver: chrome on WINDOWS (abe3a9069ed001d12e130f949376f740)] -> xpath: //*[@type='submit']]
19:43:19.220 INFO  manager.ListenerWD - Before find element By.xpath: //*[contains(text(),'Year required')]
19:43:19.237 INFO  manager.ListenerWD - Element found success By.xpath: //*[contains(text(),'Year required')]
19:43:19.244 INFO  tests.TestBase - assert check message 'Year is required'
19:43:19.250 INFO  manager.ListenerWD - Before find element By.cssSelector: button[disabled]
19:43:19.279 INFO  manager.ListenerWD - Element found success By.cssSelector: button[disabled]
19:43:19.280 INFO  manager.ListenerWD - Before find element By.cssSelector: button[type='submit']
19:43:19.307 INFO  manager.ListenerWD - Element found success By.cssSelector: button[type='submit']
19:43:19.330 INFO  manager.ListenerWD - Before find element By.xpath: //button[text()='Search cars']
19:43:29.380 INFO  manager.ListenerWD - Houston we have a problem!
19:43:29.380 INFO  manager.ListenerWD - no such element: Unable to locate element: {"method":"xpath","selector":"//button[text()='Search cars']"}
  (Session info: chrome=120.0.6099.225)
For documentation on this error, please visit: https://www.seleniumhq.org/exceptions/no_such_element.html
Build info: version: '3.141.59', revision: 'e82be7d358', time: '2018-11-14T08:17:03'
System info: host: 'VITBER', ip: '192.168.68.105', os.name: 'Windows 11', os.arch: 'amd64', os.version: '10.0', java.version: '1.8.0_333'
Driver info: org.openqa.selenium.chrome.ChromeDriver
Capabilities {acceptInsecureCerts: false, browserName: chrome, browserVersion: 120.0.6099.225, chrome: {chromedriverVersion: 120.0.6099.71 (9729082fe617..., userDataDir: C:\Windows\SystemTemp\scope...}, fedcm:accounts: true, goog:chromeOptions: {debuggerAddress: localhost:52053}, javascriptEnabled: true, networkConnectionEnabled: false, pageLoadStrategy: normal, platform: WINDOWS, platformName: WINDOWS, proxy: Proxy(), setWindowRect: true, strictFileInteractability: false, timeouts: {implicit: 0, pageLoad: 300000, script: 30000}, unhandledPromptBehavior: dismiss and notify, webauthn:extension:credBlob: true, webauthn:extension:largeBlob: true, webauthn:extension:minPinLength: true, webauthn:extension:prf: true, webauthn:virtualAuthenticators: true}
Session ID: abe3a9069ed001d12e130f949376f740
*** Element info: {Using=xpath, value=//button[text()='Search cars']}
19:43:29.381 INFO  manager.ListenerWD - org.openqa.selenium.NoSuchElementException: no such element: Unable to locate element: {"method":"xpath","selector":"//button[text()='Search cars']"}
  (Session info: chrome=120.0.6099.225)
For documentation on this error, please visit: https://www.seleniumhq.org/exceptions/no_such_element.html
Build info: version: '3.141.59', revision: 'e82be7d358', time: '2018-11-14T08:17:03'
System info: host: 'VITBER', ip: '192.168.68.105', os.name: 'Windows 11', os.arch: 'amd64', os.version: '10.0', java.version: '1.8.0_333'
Driver info: org.openqa.selenium.chrome.ChromeDriver
Capabilities {acceptInsecureCerts: false, browserName: chrome, browserVersion: 120.0.6099.225, chrome: {chromedriverVersion: 120.0.6099.71 (9729082fe617..., userDataDir: C:\Windows\SystemTemp\scope...}, fedcm:accounts: true, goog:chromeOptions: {debuggerAddress: localhost:52053}, javascriptEnabled: true, networkConnectionEnabled: false, pageLoadStrategy: normal, platform: WINDOWS, platformName: WINDOWS, proxy: Proxy(), setWindowRect: true, strictFileInteractability: false, timeouts: {implicit: 0, pageLoad: 300000, script: 30000}, unhandledPromptBehavior: dismiss and notify, webauthn:extension:credBlob: true, webauthn:extension:largeBlob: true, webauthn:extension:minPinLength: true, webauthn:extension:prf: true, webauthn:virtualAuthenticators: true}
Session ID: abe3a9069ed001d12e130f949376f740
*** Element info: {Using=xpath, value=//button[text()='Search cars']}
19:43:29.720 INFO  manager.ListenerWD - This is a link to screenshot with error--->src/test/screenshots/screen2609.png
